2025-08-05 11:40:42 | DEBUG    | SMART.METRICS.__MAIN__    | [SYMBOL] Validando: config\live_account_validator.py
2025-08-05 11:40:42 | ERROR    | SMART.METRICS.__MAIN__    | [FAILED] VIOLACIÓN: Uso prohibido: print_logging en config\live_account_validator.py:354
2025-08-05 11:40:42 | ERROR    | SMART.METRICS.__MAIN__    | [FAILED] VIOLACIÓN: Uso prohibido: print_logging en config\live_account_validator.py:364
2025-08-05 11:45:11 | DEBUG    | SMART.METRICS.__MAIN__    | [SYMBOL] Validando: config\live_account_validator.py
2025-08-05 11:45:11 | ERROR    | SMART.METRICS.__MAIN__    | [FAILED] VIOLACIÓN: Uso prohibido: print_logging en config\live_account_validator.py:354
2025-08-05 11:45:11 | ERROR    | SMART.METRICS.__MAIN__    | [FAILED] VIOLACIÓN: Uso prohibido: print_logging en config\live_account_validator.py:364
2025-08-05 11:46:09 | DEBUG    | SMART.METRICS.__MAIN__    | [MAINTENANCE] Procesando: config\live_account_validator.py
2025-08-05 11:46:09 | INFO     | SMART.METRICS.__MAIN__    | [SUCCESS] config\live_account_validator.py: 1 correcciones
2025-08-05 11:47:32 | DEBUG    | SMART.METRICS.__MAIN__    | [SYMBOL] Validando: config\live_account_validator.py
2025-08-05 11:47:32 | ERROR    | SMART.METRICS.__MAIN__    | [FAILED] VIOLACIÓN: Uso prohibido: reimport_enviar_senal en config\live_account_validator.py:2
2025-08-05 11:47:32 | ERROR    | SMART.METRICS.__MAIN__    | [FAILED] VIOLACIÓN: Uso prohibido: print_logging en config\live_account_validator.py:356
2025-08-05 11:47:32 | ERROR    | SMART.METRICS.__MAIN__    | [FAILED] VIOLACIÓN: Uso prohibido: print_logging en config\live_account_validator.py:366
2025-08-05 11:47:32 | INFO     | SMART.METRICS.__MAIN__    | [SUCCESS] config\live_account_validator.py: Protocolo cumplido
2025-08-05 11:48:05 | DEBUG    | SMART.METRICS.SCRIPTS.VALIDADOR_LOG_CENTRAL | [SYMBOL] Validando: config\live_account_validator.py
2025-08-05 11:48:05 | ERROR    | SMART.METRICS.SCRIPTS.VALIDADOR_LOG_CENTRAL | [FAILED] VIOLACIÓN: Uso prohibido: reimport_enviar_senal en config\live_account_validator.py:2
2025-08-05 11:48:05 | ERROR    | SMART.METRICS.SCRIPTS.VALIDADOR_LOG_CENTRAL | [FAILED] VIOLACIÓN: Uso prohibido: print_logging en config\live_account_validator.py:356
2025-08-05 11:48:05 | ERROR    | SMART.METRICS.SCRIPTS.VALIDADOR_LOG_CENTRAL | [FAILED] VIOLACIÓN: Uso prohibido: print_logging en config\live_account_validator.py:366
2025-08-05 11:48:05 | INFO     | SMART.METRICS.SCRIPTS.VALIDADOR_LOG_CENTRAL | [SUCCESS] config\live_account_validator.py: Protocolo cumplido
2025-08-05 11:48:31 | DEBUG    | SMART.METRICS.__MAIN__    | [SYMBOL] Validando: config\live_account_validator.py
2025-08-05 11:48:31 | ERROR    | SMART.METRICS.__MAIN__    | [FAILED] VIOLACIÓN: Uso prohibido: reimport_enviar_senal en config\live_account_validator.py:2
2025-08-05 11:48:31 | ERROR    | SMART.METRICS.__MAIN__    | [FAILED] VIOLACIÓN: Uso prohibido: print_logging en config\live_account_validator.py:356
2025-08-05 11:48:31 | ERROR    | SMART.METRICS.__MAIN__    | [FAILED] VIOLACIÓN: Uso prohibido: print_logging en config\live_account_validator.py:366
2025-08-05 11:48:31 | INFO     | SMART.METRICS.__MAIN__    | [SUCCESS] config\live_account_validator.py: Protocolo cumplido
2025-08-05 11:49:11 | DEBUG    | SMART.METRICS.__MAIN__    | [MAINTENANCE] Procesando: config\live_account_validator.py
2025-08-05 11:49:11 | INFO     | SMART.METRICS.__MAIN__    | [SUCCESS] config\live_account_validator.py: 1 correcciones
2025-08-05 11:50:18 | DEBUG    | SMART.METRICS.__MAIN__    | [SYMBOL] Validando: config\live_account_validator.py
2025-08-05 11:50:18 | ERROR    | SMART.METRICS.__MAIN__    | [FAILED] VIOLACIÓN: Uso prohibido: reimport_enviar_senal en config\live_account_validator.py:2
2025-08-05 11:50:18 | ERROR    | SMART.METRICS.__MAIN__    | [FAILED] VIOLACIÓN: Uso prohibido: print_logging en config\live_account_validator.py:356
2025-08-05 11:50:18 | ERROR    | SMART.METRICS.__MAIN__    | [FAILED] VIOLACIÓN: Uso prohibido: print_logging en config\live_account_validator.py:366
2025-08-05 11:50:18 | INFO     | SMART.METRICS.__MAIN__    | [SUCCESS] config\live_account_validator.py: Protocolo cumplido
2025-08-05 11:51:27 | DEBUG    | SMART.METRICS.__MAIN__    | [SYMBOL] Validando: config\live_account_validator.py
2025-08-05 11:51:27 | ERROR    | SMART.METRICS.__MAIN__    | [FAILED] VIOLACIÓN: Uso prohibido: reimport_enviar_senal en config\live_account_validator.py:2
2025-08-05 11:51:27 | ERROR    | SMART.METRICS.__MAIN__    | [FAILED] VIOLACIÓN: Uso prohibido: print_logging en config\live_account_validator.py:356
2025-08-05 11:51:27 | ERROR    | SMART.METRICS.__MAIN__    | [FAILED] VIOLACIÓN: Uso prohibido: print_logging en config\live_account_validator.py:366
2025-08-05 11:51:27 | INFO     | SMART.METRICS.__MAIN__    | [SUCCESS] config\live_account_validator.py: Protocolo cumplido
2025-08-05 11:51:34 | DEBUG    | SMART.METRICS.__MAIN__    | [SYMBOL] Validando: config\live_account_validator.py
2025-08-05 11:51:34 | ERROR    | SMART.METRICS.__MAIN__    | [FAILED] VIOLACIÓN: Uso prohibido: reimport_enviar_senal en config\live_account_validator.py:2
2025-08-05 11:51:34 | ERROR    | SMART.METRICS.__MAIN__    | [FAILED] VIOLACIÓN: Uso prohibido: print_logging en config\live_account_validator.py:356
2025-08-05 11:51:34 | ERROR    | SMART.METRICS.__MAIN__    | [FAILED] VIOLACIÓN: Uso prohibido: print_logging en config\live_account_validator.py:366
2025-08-05 11:51:34 | INFO     | SMART.METRICS.__MAIN__    | [SUCCESS] config\live_account_validator.py: Protocolo cumplido
2025-08-05 12:03:43 | DEBUG    | SMART.METRICS.__MAIN__    | [SYMBOL] Validando: config\live_account_validator.py
2025-08-05 12:03:43 | ERROR    | SMART.METRICS.__MAIN__    | [FAILED] VIOLACIÓN: Uso prohibido: reimport_enviar_senal en config\live_account_validator.py:2
2025-08-05 12:03:43 | ERROR    | SMART.METRICS.__MAIN__    | [FAILED] VIOLACIÓN: Uso prohibido: print_logging en config\live_account_validator.py:356
2025-08-05 12:03:43 | ERROR    | SMART.METRICS.__MAIN__    | [FAILED] VIOLACIÓN: Uso prohibido: print_logging en config\live_account_validator.py:366
2025-08-05 12:03:43 | INFO     | SMART.METRICS.__MAIN__    | [SUCCESS] config\live_account_validator.py: Protocolo cumplido
2025-08-05 12:03:52 | DEBUG    | SMART.METRICS.__MAIN__    | [SYMBOL] Validando: config\live_account_validator.py
2025-08-05 12:03:52 | ERROR    | SMART.METRICS.__MAIN__    | [FAILED] VIOLACIÓN: Uso prohibido: reimport_enviar_senal en config\live_account_validator.py:2
2025-08-05 12:03:52 | ERROR    | SMART.METRICS.__MAIN__    | [FAILED] VIOLACIÓN: Uso prohibido: print_logging en config\live_account_validator.py:356
2025-08-05 12:03:52 | ERROR    | SMART.METRICS.__MAIN__    | [FAILED] VIOLACIÓN: Uso prohibido: print_logging en config\live_account_validator.py:366
2025-08-05 12:03:52 | INFO     | SMART.METRICS.__MAIN__    | [SUCCESS] config\live_account_validator.py: Protocolo cumplido
2025-08-05 12:04:00 | DEBUG    | SMART.METRICS.__MAIN__    | [MAINTENANCE] Procesando: config\live_account_validator.py
2025-08-05 12:04:00 | INFO     | SMART.METRICS.__MAIN__    | [SUCCESS] config\live_account_validator.py: 1 correcciones
2025-08-05 12:04:59 | DEBUG    | SMART.METRICS.__MAIN__    | [SYMBOL] Validando: config\live_account_validator.py
2025-08-05 12:04:59 | ERROR    | SMART.METRICS.__MAIN__    | [FAILED] VIOLACIÓN: Uso prohibido: reimport_enviar_senal en config\live_account_validator.py:2
2025-08-05 12:04:59 | ERROR    | SMART.METRICS.__MAIN__    | [FAILED] VIOLACIÓN: Uso prohibido: print_logging en config\live_account_validator.py:356
2025-08-05 12:04:59 | ERROR    | SMART.METRICS.__MAIN__    | [FAILED] VIOLACIÓN: Uso prohibido: print_logging en config\live_account_validator.py:366
2025-08-05 12:04:59 | INFO     | SMART.METRICS.__MAIN__    | [SUCCESS] config\live_account_validator.py: Protocolo cumplido
2025-08-05 12:05:23 | DEBUG    | SMART.METRICS.__MAIN__    | [MAINTENANCE] Procesando: config\live_account_validator.py
2025-08-05 12:05:23 | INFO     | SMART.METRICS.__MAIN__    | [SUCCESS] config\live_account_validator.py: 1 correcciones
2025-08-05 12:06:10 | DEBUG    | SMART.METRICS.__MAIN__    | [SYMBOL] Validando: config\live_account_validator.py
2025-08-05 12:06:10 | ERROR    | SMART.METRICS.__MAIN__    | [FAILED] VIOLACIÓN: Uso prohibido: reimport_enviar_senal en config\live_account_validator.py:2
2025-08-05 12:06:10 | ERROR    | SMART.METRICS.__MAIN__    | [FAILED] VIOLACIÓN: Uso prohibido: print_logging en config\live_account_validator.py:356
2025-08-05 12:06:10 | ERROR    | SMART.METRICS.__MAIN__    | [FAILED] VIOLACIÓN: Uso prohibido: print_logging en config\live_account_validator.py:366
2025-08-05 12:06:10 | INFO     | SMART.METRICS.__MAIN__    | [SUCCESS] config\live_account_validator.py: Protocolo cumplido
2025-08-05 12:11:36 | DEBUG    | SMART.METRICS.__MAIN__    | [SYMBOL] Validando: config\live_account_validator.py
2025-08-05 12:11:36 | ERROR    | SMART.METRICS.__MAIN__    | [FAILED] VIOLACIÓN: Uso prohibido: reimport_enviar_senal en config\live_account_validator.py:2
2025-08-05 12:11:36 | ERROR    | SMART.METRICS.__MAIN__    | [FAILED] VIOLACIÓN: Uso prohibido: print_logging en config\live_account_validator.py:356
2025-08-05 12:11:36 | ERROR    | SMART.METRICS.__MAIN__    | [FAILED] VIOLACIÓN: Uso prohibido: print_logging en config\live_account_validator.py:366
2025-08-05 12:11:36 | INFO     | SMART.METRICS.__MAIN__    | [SUCCESS] config\live_account_validator.py: Protocolo cumplido
2025-08-05 12:12:25 | DEBUG    | SMART.METRICS.__MAIN__    | [SYMBOL] Validando: config\live_account_validator.py
2025-08-05 12:12:25 | ERROR    | SMART.METRICS.__MAIN__    | [FAILED] VIOLACIÓN: Uso prohibido: reimport_enviar_senal en config\live_account_validator.py:2
2025-08-05 12:12:25 | ERROR    | SMART.METRICS.__MAIN__    | [FAILED] VIOLACIÓN: Uso prohibido: print_logging en config\live_account_validator.py:356
2025-08-05 12:12:25 | ERROR    | SMART.METRICS.__MAIN__    | [FAILED] VIOLACIÓN: Uso prohibido: print_logging en config\live_account_validator.py:366
2025-08-05 12:12:25 | INFO     | SMART.METRICS.__MAIN__    | [SUCCESS] config\live_account_validator.py: Protocolo cumplido
2025-08-05 12:16:57 | DEBUG    | SMART.METRICS.__MAIN__    | [SYMBOL] Validando: config\live_account_validator.py
2025-08-05 12:16:57 | ERROR    | SMART.METRICS.__MAIN__    | [FAILED] VIOLACIÓN: Uso prohibido: reimport_enviar_senal en config\live_account_validator.py:2
2025-08-05 12:16:57 | ERROR    | SMART.METRICS.__MAIN__    | [FAILED] VIOLACIÓN: Uso prohibido: print_logging en config\live_account_validator.py:356
2025-08-05 12:16:57 | ERROR    | SMART.METRICS.__MAIN__    | [FAILED] VIOLACIÓN: Uso prohibido: print_logging en config\live_account_validator.py:366
2025-08-05 12:16:57 | INFO     | SMART.METRICS.__MAIN__    | [SUCCESS] config\live_account_validator.py: Protocolo cumplido
2025-08-05 12:19:50 | DEBUG    | SMART.METRICS.__MAIN__    | [SYMBOL] Validando: config\live_account_validator.py
2025-08-05 12:19:50 | ERROR    | SMART.METRICS.__MAIN__    | [FAILED] VIOLACIÓN: Uso prohibido: reimport_enviar_senal en config\live_account_validator.py:2
2025-08-05 12:19:50 | ERROR    | SMART.METRICS.__MAIN__    | [FAILED] VIOLACIÓN: Uso prohibido: print_logging en config\live_account_validator.py:356
2025-08-05 12:19:50 | ERROR    | SMART.METRICS.__MAIN__    | [FAILED] VIOLACIÓN: Uso prohibido: print_logging en config\live_account_validator.py:366
2025-08-05 12:19:50 | INFO     | SMART.METRICS.__MAIN__    | [SUCCESS] config\live_account_validator.py: Protocolo cumplido
2025-08-05 12:21:04 | DEBUG    | SMART.METRICS.__MAIN__    | [SYMBOL] Validando: config\live_account_validator.py
2025-08-05 12:21:04 | ERROR    | SMART.METRICS.__MAIN__    | [FAILED] VIOLACIÓN: Uso prohibido: reimport_enviar_senal en config\live_account_validator.py:2
2025-08-05 12:21:04 | ERROR    | SMART.METRICS.__MAIN__    | [FAILED] VIOLACIÓN: Uso prohibido: print_logging en config\live_account_validator.py:356
2025-08-05 12:21:04 | ERROR    | SMART.METRICS.__MAIN__    | [FAILED] VIOLACIÓN: Uso prohibido: print_logging en config\live_account_validator.py:366
2025-08-05 12:21:04 | INFO     | SMART.METRICS.__MAIN__    | [SUCCESS] config\live_account_validator.py: Protocolo cumplido
2025-08-05 12:24:02 | DEBUG    | SMART.METRICS.__MAIN__    | [SYMBOL] Validando: config\live_account_validator.py
2025-08-05 12:24:02 | ERROR    | SMART.METRICS.__MAIN__    | [FAILED] VIOLACIÓN: Uso prohibido: reimport_enviar_senal en config\live_account_validator.py:2
2025-08-05 12:24:02 | ERROR    | SMART.METRICS.__MAIN__    | [FAILED] VIOLACIÓN: Uso prohibido: print_logging en config\live_account_validator.py:356
2025-08-05 12:24:02 | ERROR    | SMART.METRICS.__MAIN__    | [FAILED] VIOLACIÓN: Uso prohibido: print_logging en config\live_account_validator.py:366
2025-08-05 12:24:02 | INFO     | SMART.METRICS.__MAIN__    | [SUCCESS] config\live_account_validator.py: Protocolo cumplido
2025-08-05 12:24:15 | DEBUG    | SMART.METRICS.__MAIN__    | [SYMBOL] Validando: config\live_account_validator.py
2025-08-05 12:24:15 | ERROR    | SMART.METRICS.__MAIN__    | [FAILED] VIOLACIÓN: Uso prohibido: reimport_enviar_senal en config\live_account_validator.py:2
2025-08-05 12:24:15 | ERROR    | SMART.METRICS.__MAIN__    | [FAILED] VIOLACIÓN: Uso prohibido: print_logging en config\live_account_validator.py:356
2025-08-05 12:24:15 | ERROR    | SMART.METRICS.__MAIN__    | [FAILED] VIOLACIÓN: Uso prohibido: print_logging en config\live_account_validator.py:366
2025-08-05 12:24:15 | INFO     | SMART.METRICS.__MAIN__    | [SUCCESS] config\live_account_validator.py: Protocolo cumplido
2025-08-05 12:26:39 | DEBUG    | SMART.METRICS.__MAIN__    | [SYMBOL] Validando: config\live_account_validator.py
2025-08-05 12:26:39 | ERROR    | SMART.METRICS.__MAIN__    | [FAILED] VIOLACIÓN: Uso prohibido: reimport_enviar_senal en config\live_account_validator.py:2
2025-08-05 12:26:39 | ERROR    | SMART.METRICS.__MAIN__    | [FAILED] VIOLACIÓN: Uso prohibido: print_logging en config\live_account_validator.py:356
2025-08-05 12:26:39 | ERROR    | SMART.METRICS.__MAIN__    | [FAILED] VIOLACIÓN: Uso prohibido: print_logging en config\live_account_validator.py:366
2025-08-05 12:26:39 | INFO     | SMART.METRICS.__MAIN__    | [SUCCESS] config\live_account_validator.py: Protocolo cumplido
2025-08-05 12:28:59 | DEBUG    | SMART.METRICS.__MAIN__    | [SYMBOL] Validando: config\live_account_validator.py
2025-08-05 12:28:59 | ERROR    | SMART.METRICS.__MAIN__    | [FAILED] VIOLACIÓN: Uso prohibido: reimport_enviar_senal en config\live_account_validator.py:2
2025-08-05 12:28:59 | ERROR    | SMART.METRICS.__MAIN__    | [FAILED] VIOLACIÓN: Uso prohibido: print_logging en config\live_account_validator.py:356
2025-08-05 12:28:59 | ERROR    | SMART.METRICS.__MAIN__    | [FAILED] VIOLACIÓN: Uso prohibido: print_logging en config\live_account_validator.py:366
2025-08-05 12:28:59 | INFO     | SMART.METRICS.__MAIN__    | [SUCCESS] config\live_account_validator.py: Protocolo cumplido
2025-08-05 12:33:46 | DEBUG    | SMART.METRICS.__MAIN__    | [SYMBOL] Validando: config\live_account_validator.py
2025-08-05 12:33:46 | ERROR    | SMART.METRICS.__MAIN__    | [FAILED] VIOLACIÓN: Uso prohibido: reimport_enviar_senal en config\live_account_validator.py:2
2025-08-05 12:33:46 | ERROR    | SMART.METRICS.__MAIN__    | [FAILED] VIOLACIÓN: Uso prohibido: print_logging en config\live_account_validator.py:356
2025-08-05 12:33:46 | ERROR    | SMART.METRICS.__MAIN__    | [FAILED] VIOLACIÓN: Uso prohibido: print_logging en config\live_account_validator.py:366
2025-08-05 12:33:46 | INFO     | SMART.METRICS.__MAIN__    | [SUCCESS] config\live_account_validator.py: Protocolo cumplido
2025-08-05 12:34:43 | DEBUG    | SMART.METRICS.__MAIN__    | [SYMBOL] Validando: config\live_account_validator.py
2025-08-05 12:34:43 | ERROR    | SMART.METRICS.__MAIN__    | [FAILED] VIOLACIÓN: Uso prohibido: reimport_enviar_senal en config\live_account_validator.py:2
2025-08-05 12:34:43 | ERROR    | SMART.METRICS.__MAIN__    | [FAILED] VIOLACIÓN: Uso prohibido: print_logging en config\live_account_validator.py:356
2025-08-05 12:34:43 | ERROR    | SMART.METRICS.__MAIN__    | [FAILED] VIOLACIÓN: Uso prohibido: print_logging en config\live_account_validator.py:366
2025-08-05 12:34:43 | INFO     | SMART.METRICS.__MAIN__    | [SUCCESS] config\live_account_validator.py: Protocolo cumplido
2025-08-05 12:42:19 | DEBUG    | SMART.METRICS.__MAIN__    | [SYMBOL] Validando: config\live_account_validator.py
2025-08-05 12:42:19 | ERROR    | SMART.METRICS.__MAIN__    | [FAILED] VIOLACIÓN: Uso prohibido: reimport_enviar_senal en config\live_account_validator.py:2
2025-08-05 12:42:19 | ERROR    | SMART.METRICS.__MAIN__    | [FAILED] VIOLACIÓN: Uso prohibido: print_logging en config\live_account_validator.py:356
2025-08-05 12:42:19 | ERROR    | SMART.METRICS.__MAIN__    | [FAILED] VIOLACIÓN: Uso prohibido: print_logging en config\live_account_validator.py:366
2025-08-05 12:42:19 | INFO     | SMART.METRICS.__MAIN__    | [SUCCESS] config\live_account_validator.py: Protocolo cumplido
2025-08-05 12:46:10 | DEBUG    | SMART.METRICS.__MAIN__    | [SYMBOL] Validando: config\live_account_validator.py
2025-08-05 12:46:10 | ERROR    | SMART.METRICS.__MAIN__    | [FAILED] VIOLACIÓN: Uso prohibido: reimport_enviar_senal en config\live_account_validator.py:2
2025-08-05 12:46:10 | ERROR    | SMART.METRICS.__MAIN__    | [FAILED] VIOLACIÓN: Uso prohibido: print_logging en config\live_account_validator.py:356
2025-08-05 12:46:10 | ERROR    | SMART.METRICS.__MAIN__    | [FAILED] VIOLACIÓN: Uso prohibido: print_logging en config\live_account_validator.py:366
2025-08-05 12:46:10 | INFO     | SMART.METRICS.__MAIN__    | [SUCCESS] config\live_account_validator.py: Protocolo cumplido
2025-08-05 12:47:14 | DEBUG    | SMART.METRICS.__MAIN__    | [SYMBOL] Validando: config\live_account_validator.py
2025-08-05 12:47:14 | ERROR    | SMART.METRICS.__MAIN__    | [FAILED] VIOLACIÓN: Uso prohibido: reimport_enviar_senal en config\live_account_validator.py:2
2025-08-05 12:47:14 | ERROR    | SMART.METRICS.__MAIN__    | [FAILED] VIOLACIÓN: Uso prohibido: print_logging en config\live_account_validator.py:356
2025-08-05 12:47:14 | ERROR    | SMART.METRICS.__MAIN__    | [FAILED] VIOLACIÓN: Uso prohibido: print_logging en config\live_account_validator.py:366
2025-08-05 12:47:14 | INFO     | SMART.METRICS.__MAIN__    | [SUCCESS] config\live_account_validator.py: Protocolo cumplido
2025-08-05 12:49:50 | DEBUG    | SMART.METRICS.__MAIN__    | [SYMBOL] Validando: config\live_account_validator.py
2025-08-05 12:49:50 | ERROR    | SMART.METRICS.__MAIN__    | [FAILED] VIOLACIÓN: Uso prohibido: reimport_enviar_senal en config\live_account_validator.py:2
2025-08-05 12:49:50 | ERROR    | SMART.METRICS.__MAIN__    | [FAILED] VIOLACIÓN: Uso prohibido: print_logging en config\live_account_validator.py:356
2025-08-05 12:49:50 | ERROR    | SMART.METRICS.__MAIN__    | [FAILED] VIOLACIÓN: Uso prohibido: print_logging en config\live_account_validator.py:366
2025-08-05 12:49:50 | INFO     | SMART.METRICS.__MAIN__    | [SUCCESS] config\live_account_validator.py: Protocolo cumplido
2025-08-05 12:50:40 | DEBUG    | SMART.METRICS.__MAIN__    | [SYMBOL] Validando: config\live_account_validator.py
2025-08-05 12:50:40 | ERROR    | SMART.METRICS.__MAIN__    | [FAILED] VIOLACIÓN: Uso prohibido: reimport_enviar_senal en config\live_account_validator.py:2
2025-08-05 12:50:40 | ERROR    | SMART.METRICS.__MAIN__    | [FAILED] VIOLACIÓN: Uso prohibido: print_logging en config\live_account_validator.py:356
2025-08-05 12:50:40 | ERROR    | SMART.METRICS.__MAIN__    | [FAILED] VIOLACIÓN: Uso prohibido: print_logging en config\live_account_validator.py:366
2025-08-05 12:50:40 | INFO     | SMART.METRICS.__MAIN__    | [SUCCESS] config\live_account_validator.py: Protocolo cumplido
2025-08-05 12:52:55 | DEBUG    | SMART.METRICS.__MAIN__    | [SYMBOL] Validando: config\live_account_validator.py
2025-08-05 12:52:55 | ERROR    | SMART.METRICS.__MAIN__    | [FAILED] VIOLACIÓN: Uso prohibido: reimport_enviar_senal en config\live_account_validator.py:2
2025-08-05 12:52:55 | ERROR    | SMART.METRICS.__MAIN__    | [FAILED] VIOLACIÓN: Uso prohibido: print_logging en config\live_account_validator.py:356
2025-08-05 12:52:55 | ERROR    | SMART.METRICS.__MAIN__    | [FAILED] VIOLACIÓN: Uso prohibido: print_logging en config\live_account_validator.py:366
2025-08-05 12:52:55 | INFO     | SMART.METRICS.__MAIN__    | [SUCCESS] config\live_account_validator.py: Protocolo cumplido
2025-08-05 12:54:56 | DEBUG    | SMART.METRICS.__MAIN__    | [SYMBOL] Validando: config\live_account_validator.py
2025-08-05 12:54:56 | ERROR    | SMART.METRICS.__MAIN__    | [FAILED] VIOLACIÓN: Uso prohibido: reimport_enviar_senal en config\live_account_validator.py:2
2025-08-05 12:54:56 | ERROR    | SMART.METRICS.__MAIN__    | [FAILED] VIOLACIÓN: Uso prohibido: print_logging en config\live_account_validator.py:356
2025-08-05 12:54:56 | ERROR    | SMART.METRICS.__MAIN__    | [FAILED] VIOLACIÓN: Uso prohibido: print_logging en config\live_account_validator.py:366
2025-08-05 12:54:56 | INFO     | SMART.METRICS.__MAIN__    | [SUCCESS] config\live_account_validator.py: Protocolo cumplido
2025-08-05 12:56:10 | DEBUG    | SMART.METRICS.__MAIN__    | [SYMBOL] Validando: config\live_account_validator.py
2025-08-05 12:56:10 | ERROR    | SMART.METRICS.__MAIN__    | [FAILED] VIOLACIÓN: Uso prohibido: reimport_enviar_senal en config\live_account_validator.py:2
2025-08-05 12:56:10 | ERROR    | SMART.METRICS.__MAIN__    | [FAILED] VIOLACIÓN: Uso prohibido: print_logging en config\live_account_validator.py:356
2025-08-05 12:56:10 | ERROR    | SMART.METRICS.__MAIN__    | [FAILED] VIOLACIÓN: Uso prohibido: print_logging en config\live_account_validator.py:366
2025-08-05 12:56:10 | INFO     | SMART.METRICS.__MAIN__    | [SUCCESS] config\live_account_validator.py: Protocolo cumplido
2025-08-05 13:27:58 | DEBUG    | SMART.METRICS.__MAIN__    | [SYMBOL] Validando: config\live_account_validator.py
2025-08-05 13:27:58 | ERROR    | SMART.METRICS.__MAIN__    | [FAILED] VIOLACIÓN: Uso prohibido: reimport_enviar_senal en config\live_account_validator.py:2
2025-08-05 13:27:58 | ERROR    | SMART.METRICS.__MAIN__    | [FAILED] VIOLACIÓN: Uso prohibido: print_logging en config\live_account_validator.py:356
2025-08-05 13:27:58 | ERROR    | SMART.METRICS.__MAIN__    | [FAILED] VIOLACIÓN: Uso prohibido: print_logging en config\live_account_validator.py:366
2025-08-05 13:27:58 | INFO     | SMART.METRICS.__MAIN__    | [SUCCESS] config\live_account_validator.py: Protocolo cumplido
2025-08-05 13:29:55 | DEBUG    | SMART.METRICS.__MAIN__    | [SYMBOL] Validando: config\live_account_validator.py
2025-08-05 13:29:55 | ERROR    | SMART.METRICS.__MAIN__    | [FAILED] VIOLACIÓN: Uso prohibido: reimport_enviar_senal en config\live_account_validator.py:2
2025-08-05 13:29:55 | ERROR    | SMART.METRICS.__MAIN__    | [FAILED] VIOLACIÓN: Uso prohibido: print_logging en config\live_account_validator.py:356
2025-08-05 13:29:55 | ERROR    | SMART.METRICS.__MAIN__    | [FAILED] VIOLACIÓN: Uso prohibido: print_logging en config\live_account_validator.py:366
2025-08-05 13:29:55 | INFO     | SMART.METRICS.__MAIN__    | [SUCCESS] config\live_account_validator.py: Protocolo cumplido
2025-08-05 13:32:38 | DEBUG    | SMART.METRICS.__MAIN__    | [SYMBOL] Validando: config\live_account_validator.py
2025-08-05 13:32:38 | ERROR    | SMART.METRICS.__MAIN__    | [FAILED] VIOLACIÓN: Uso prohibido: reimport_enviar_senal en config\live_account_validator.py:2
2025-08-05 13:32:38 | ERROR    | SMART.METRICS.__MAIN__    | [FAILED] VIOLACIÓN: Uso prohibido: print_logging en config\live_account_validator.py:356
2025-08-05 13:32:38 | ERROR    | SMART.METRICS.__MAIN__    | [FAILED] VIOLACIÓN: Uso prohibido: print_logging en config\live_account_validator.py:366
2025-08-05 13:32:38 | INFO     | SMART.METRICS.__MAIN__    | [SUCCESS] config\live_account_validator.py: Protocolo cumplido
2025-08-05 13:36:53 | DEBUG    | SMART.METRICS.__MAIN__    | [SYMBOL] Validando: config\live_account_validator.py
2025-08-05 13:36:53 | ERROR    | SMART.METRICS.__MAIN__    | [FAILED] VIOLACIÓN: Uso prohibido: reimport_enviar_senal en config\live_account_validator.py:2
2025-08-05 13:36:53 | ERROR    | SMART.METRICS.__MAIN__    | [FAILED] VIOLACIÓN: Uso prohibido: print_logging en config\live_account_validator.py:356
2025-08-05 13:36:53 | ERROR    | SMART.METRICS.__MAIN__    | [FAILED] VIOLACIÓN: Uso prohibido: print_logging en config\live_account_validator.py:366
2025-08-05 13:36:53 | INFO     | SMART.METRICS.__MAIN__    | [SUCCESS] config\live_account_validator.py: Protocolo cumplido
2025-08-05 13:39:25 | DEBUG    | SMART.METRICS.__MAIN__    | [SYMBOL] Validando: config\live_account_validator.py
2025-08-05 13:39:25 | ERROR    | SMART.METRICS.__MAIN__    | [FAILED] VIOLACIÓN: Uso prohibido: reimport_enviar_senal en config\live_account_validator.py:2
2025-08-05 13:39:25 | ERROR    | SMART.METRICS.__MAIN__    | [FAILED] VIOLACIÓN: Uso prohibido: print_logging en config\live_account_validator.py:356
2025-08-05 13:39:25 | ERROR    | SMART.METRICS.__MAIN__    | [FAILED] VIOLACIÓN: Uso prohibido: print_logging en config\live_account_validator.py:366
2025-08-05 13:39:25 | INFO     | SMART.METRICS.__MAIN__    | [SUCCESS] config\live_account_validator.py: Protocolo cumplido
2025-08-05 13:40:21 | DEBUG    | SMART.METRICS.__MAIN__    | [SYMBOL] Validando: config\live_account_validator.py
2025-08-05 13:40:21 | ERROR    | SMART.METRICS.__MAIN__    | [FAILED] VIOLACIÓN: Uso prohibido: reimport_enviar_senal en config\live_account_validator.py:2
2025-08-05 13:40:21 | ERROR    | SMART.METRICS.__MAIN__    | [FAILED] VIOLACIÓN: Uso prohibido: print_logging en config\live_account_validator.py:356
2025-08-05 13:40:21 | ERROR    | SMART.METRICS.__MAIN__    | [FAILED] VIOLACIÓN: Uso prohibido: print_logging en config\live_account_validator.py:366
2025-08-05 13:40:21 | INFO     | SMART.METRICS.__MAIN__    | [SUCCESS] config\live_account_validator.py: Protocolo cumplido
2025-08-05 13:43:15 | DEBUG    | SMART.METRICS.__MAIN__    | [SYMBOL] Validando: config\live_account_validator.py
2025-08-05 13:43:15 | ERROR    | SMART.METRICS.__MAIN__    | [FAILED] VIOLACIÓN: Uso prohibido: reimport_enviar_senal en config\live_account_validator.py:2
2025-08-05 13:43:15 | ERROR    | SMART.METRICS.__MAIN__    | [FAILED] VIOLACIÓN: Uso prohibido: print_logging en config\live_account_validator.py:356
2025-08-05 13:43:15 | ERROR    | SMART.METRICS.__MAIN__    | [FAILED] VIOLACIÓN: Uso prohibido: print_logging en config\live_account_validator.py:366
2025-08-05 13:43:15 | INFO     | SMART.METRICS.__MAIN__    | [SUCCESS] config\live_account_validator.py: Protocolo cumplido
2025-08-05 13:43:26 | DEBUG    | SMART.METRICS.__MAIN__    | [SYMBOL] Validando: config\live_account_validator.py
2025-08-05 13:43:26 | ERROR    | SMART.METRICS.__MAIN__    | [FAILED] VIOLACIÓN: Uso prohibido: reimport_enviar_senal en config\live_account_validator.py:2
2025-08-05 13:43:26 | ERROR    | SMART.METRICS.__MAIN__    | [FAILED] VIOLACIÓN: Uso prohibido: print_logging en config\live_account_validator.py:356
2025-08-05 13:43:26 | ERROR    | SMART.METRICS.__MAIN__    | [FAILED] VIOLACIÓN: Uso prohibido: print_logging en config\live_account_validator.py:366
2025-08-05 13:43:26 | INFO     | SMART.METRICS.__MAIN__    | [SUCCESS] config\live_account_validator.py: Protocolo cumplido
2025-08-05 13:45:18 | DEBUG    | SMART.METRICS.__MAIN__    | [SYMBOL] Validando: config\live_account_validator.py
2025-08-05 13:45:18 | ERROR    | SMART.METRICS.__MAIN__    | [FAILED] VIOLACIÓN: Uso prohibido: reimport_enviar_senal en config\live_account_validator.py:2
2025-08-05 13:45:18 | ERROR    | SMART.METRICS.__MAIN__    | [FAILED] VIOLACIÓN: Uso prohibido: print_logging en config\live_account_validator.py:356
2025-08-05 13:45:18 | ERROR    | SMART.METRICS.__MAIN__    | [FAILED] VIOLACIÓN: Uso prohibido: print_logging en config\live_account_validator.py:366
2025-08-05 13:45:18 | INFO     | SMART.METRICS.__MAIN__    | [SUCCESS] config\live_account_validator.py: Protocolo cumplido
2025-08-05 13:48:05 | DEBUG    | SMART.METRICS.__MAIN__    | [SYMBOL] Validando: config\live_account_validator.py
2025-08-05 13:48:05 | ERROR    | SMART.METRICS.__MAIN__    | [FAILED] VIOLACIÓN: Uso prohibido: reimport_enviar_senal en config\live_account_validator.py:2
2025-08-05 13:48:05 | ERROR    | SMART.METRICS.__MAIN__    | [FAILED] VIOLACIÓN: Uso prohibido: print_logging en config\live_account_validator.py:356
2025-08-05 13:48:05 | ERROR    | SMART.METRICS.__MAIN__    | [FAILED] VIOLACIÓN: Uso prohibido: print_logging en config\live_account_validator.py:366
2025-08-05 13:48:05 | INFO     | SMART.METRICS.__MAIN__    | [SUCCESS] config\live_account_validator.py: Protocolo cumplido
2025-08-05 13:49:33 | DEBUG    | SMART.METRICS.__MAIN__    | [SYMBOL] Validando: config\live_account_validator.py
2025-08-05 13:49:33 | ERROR    | SMART.METRICS.__MAIN__    | [FAILED] VIOLACIÓN: Uso prohibido: reimport_enviar_senal en config\live_account_validator.py:2
2025-08-05 13:49:33 | ERROR    | SMART.METRICS.__MAIN__    | [FAILED] VIOLACIÓN: Uso prohibido: print_logging en config\live_account_validator.py:356
2025-08-05 13:49:33 | ERROR    | SMART.METRICS.__MAIN__    | [FAILED] VIOLACIÓN: Uso prohibido: print_logging en config\live_account_validator.py:366
2025-08-05 13:49:33 | INFO     | SMART.METRICS.__MAIN__    | [SUCCESS] config\live_account_validator.py: Protocolo cumplido
2025-08-05 13:52:33 | DEBUG    | SMART.METRICS.__MAIN__    | [SYMBOL] Validando: config\live_account_validator.py
2025-08-05 13:52:33 | ERROR    | SMART.METRICS.__MAIN__    | [FAILED] VIOLACIÓN: Uso prohibido: reimport_enviar_senal en config\live_account_validator.py:2
2025-08-05 13:52:33 | ERROR    | SMART.METRICS.__MAIN__    | [FAILED] VIOLACIÓN: Uso prohibido: print_logging en config\live_account_validator.py:356
2025-08-05 13:52:33 | ERROR    | SMART.METRICS.__MAIN__    | [FAILED] VIOLACIÓN: Uso prohibido: print_logging en config\live_account_validator.py:366
2025-08-05 13:52:33 | INFO     | SMART.METRICS.__MAIN__    | [SUCCESS] config\live_account_validator.py: Protocolo cumplido
2025-08-05 14:01:59 | DEBUG    | SMART.METRICS.__MAIN__    | [SYMBOL] Validando: config\live_account_validator.py
2025-08-05 14:01:59 | ERROR    | SMART.METRICS.__MAIN__    | [FAILED] VIOLACIÓN: Uso prohibido: reimport_enviar_senal en config\live_account_validator.py:2
2025-08-05 14:01:59 | ERROR    | SMART.METRICS.__MAIN__    | [FAILED] VIOLACIÓN: Uso prohibido: print_logging en config\live_account_validator.py:356
2025-08-05 14:01:59 | ERROR    | SMART.METRICS.__MAIN__    | [FAILED] VIOLACIÓN: Uso prohibido: print_logging en config\live_account_validator.py:366
2025-08-05 14:01:59 | INFO     | SMART.METRICS.__MAIN__    | [SUCCESS] config\live_account_validator.py: Protocolo cumplido
2025-08-05 14:02:37 | DEBUG    | SMART.METRICS.__MAIN__    | [SYMBOL] Validando: config\live_account_validator.py
2025-08-05 14:02:37 | ERROR    | SMART.METRICS.__MAIN__    | [FAILED] VIOLACIÓN: Uso prohibido: reimport_enviar_senal en config\live_account_validator.py:2
2025-08-05 14:02:37 | ERROR    | SMART.METRICS.__MAIN__    | [FAILED] VIOLACIÓN: Uso prohibido: print_logging en config\live_account_validator.py:356
2025-08-05 14:02:37 | ERROR    | SMART.METRICS.__MAIN__    | [FAILED] VIOLACIÓN: Uso prohibido: print_logging en config\live_account_validator.py:366
2025-08-05 14:02:37 | INFO     | SMART.METRICS.__MAIN__    | [SUCCESS] config\live_account_validator.py: Protocolo cumplido
2025-08-05 14:04:10 | DEBUG    | SMART.METRICS.__MAIN__    | [SYMBOL] Validando: config\live_account_validator.py
2025-08-05 14:04:10 | ERROR    | SMART.METRICS.__MAIN__    | [FAILED] VIOLACIÓN: Uso prohibido: reimport_enviar_senal en config\live_account_validator.py:2
2025-08-05 14:04:10 | ERROR    | SMART.METRICS.__MAIN__    | [FAILED] VIOLACIÓN: Uso prohibido: print_logging en config\live_account_validator.py:356
2025-08-05 14:04:10 | ERROR    | SMART.METRICS.__MAIN__    | [FAILED] VIOLACIÓN: Uso prohibido: print_logging en config\live_account_validator.py:366
2025-08-05 14:04:10 | INFO     | SMART.METRICS.__MAIN__    | [SUCCESS] config\live_account_validator.py: Protocolo cumplido
2025-08-05 14:07:24 | DEBUG    | SMART.METRICS.__MAIN__    | [SYMBOL] Validando: config\live_account_validator.py
2025-08-05 14:07:24 | ERROR    | SMART.METRICS.__MAIN__    | [FAILED] VIOLACIÓN: Uso prohibido: reimport_enviar_senal en config\live_account_validator.py:2
2025-08-05 14:07:24 | ERROR    | SMART.METRICS.__MAIN__    | [FAILED] VIOLACIÓN: Uso prohibido: print_logging en config\live_account_validator.py:356
2025-08-05 14:07:24 | ERROR    | SMART.METRICS.__MAIN__    | [FAILED] VIOLACIÓN: Uso prohibido: print_logging en config\live_account_validator.py:366
2025-08-05 14:07:24 | INFO     | SMART.METRICS.__MAIN__    | [SUCCESS] config\live_account_validator.py: Protocolo cumplido
2025-08-05 14:10:16 | DEBUG    | SMART.METRICS.__MAIN__    | [SYMBOL] Validando: config\live_account_validator.py
2025-08-05 14:10:16 | ERROR    | SMART.METRICS.__MAIN__    | [FAILED] VIOLACIÓN: Uso prohibido: reimport_enviar_senal en config\live_account_validator.py:2
2025-08-05 14:10:16 | ERROR    | SMART.METRICS.__MAIN__    | [FAILED] VIOLACIÓN: Uso prohibido: print_logging en config\live_account_validator.py:356
2025-08-05 14:10:16 | ERROR    | SMART.METRICS.__MAIN__    | [FAILED] VIOLACIÓN: Uso prohibido: print_logging en config\live_account_validator.py:366
2025-08-05 14:10:16 | INFO     | SMART.METRICS.__MAIN__    | [SUCCESS] config\live_account_validator.py: Protocolo cumplido
2025-08-05 14:17:13 | DEBUG    | SMART.METRICS.__MAIN__    | [SYMBOL] Validando: config\live_account_validator.py
2025-08-05 14:17:13 | ERROR    | SMART.METRICS.__MAIN__    | [FAILED] VIOLACIÓN: Uso prohibido: reimport_enviar_senal en config\live_account_validator.py:2
2025-08-05 14:17:13 | ERROR    | SMART.METRICS.__MAIN__    | [FAILED] VIOLACIÓN: Uso prohibido: print_logging en config\live_account_validator.py:356
2025-08-05 14:17:13 | ERROR    | SMART.METRICS.__MAIN__    | [FAILED] VIOLACIÓN: Uso prohibido: print_logging en config\live_account_validator.py:366
2025-08-05 14:17:13 | INFO     | SMART.METRICS.__MAIN__    | [SUCCESS] config\live_account_validator.py: Protocolo cumplido
2025-08-05 14:25:41 | DEBUG    | SMART.METRICS.__MAIN__    | [SYMBOL] Validando: config\live_account_validator.py
2025-08-05 14:25:41 | ERROR    | SMART.METRICS.__MAIN__    | [FAILED] VIOLACIÓN: Uso prohibido: reimport_enviar_senal en config\live_account_validator.py:2
2025-08-05 14:25:41 | INFO     | SMART.METRICS.__MAIN__    | [SUCCESS] config\live_account_validator.py: Protocolo cumplido
2025-08-05 14:32:54 | DEBUG    | SMART.METRICS.__MAIN__    | [SYMBOL] Validando: config\live_account_validator.py
2025-08-05 14:32:54 | ERROR    | SMART.METRICS.__MAIN__    | [FAILED] VIOLACIÓN: Uso prohibido: reimport_enviar_senal en config\live_account_validator.py:2
2025-08-05 14:32:54 | INFO     | SMART.METRICS.__MAIN__    | [SUCCESS] config\live_account_validator.py: Protocolo cumplido
2025-08-05 14:34:39 | DEBUG    | SMART.METRICS.__MAIN__    | [SYMBOL] Validando: config\live_account_validator.py
2025-08-05 14:34:39 | ERROR    | SMART.METRICS.__MAIN__    | [FAILED] VIOLACIÓN: Uso prohibido: reimport_enviar_senal en config\live_account_validator.py:2
2025-08-05 14:34:39 | INFO     | SMART.METRICS.__MAIN__    | [SUCCESS] config\live_account_validator.py: Protocolo cumplido
2025-08-05 14:36:43 | DEBUG    | SMART.METRICS.__MAIN__    | [SYMBOL] Validando: config\live_account_validator.py
2025-08-05 14:36:43 | ERROR    | SMART.METRICS.__MAIN__    | [FAILED] VIOLACIÓN: Uso prohibido: reimport_enviar_senal en config\live_account_validator.py:2
2025-08-05 14:36:43 | INFO     | SMART.METRICS.__MAIN__    | [SUCCESS] config\live_account_validator.py: Protocolo cumplido
2025-08-05 14:39:41 | DEBUG    | SMART.METRICS.__MAIN__    | [SYMBOL] Validando: config\live_account_validator.py
2025-08-05 14:39:41 | ERROR    | SMART.METRICS.__MAIN__    | [FAILED] VIOLACIÓN: Uso prohibido: reimport_enviar_senal en config\live_account_validator.py:2
2025-08-05 14:39:41 | INFO     | SMART.METRICS.__MAIN__    | [SUCCESS] config\live_account_validator.py: Protocolo cumplido
2025-08-05 14:45:20 | DEBUG    | SMART.METRICS.__MAIN__    | [SYMBOL] Validando: config\live_account_validator.py
2025-08-05 14:45:20 | ERROR    | SMART.METRICS.__MAIN__    | [FAILED] VIOLACIÓN: Uso prohibido: reimport_enviar_senal en config\live_account_validator.py:2
2025-08-05 14:45:20 | INFO     | SMART.METRICS.__MAIN__    | [SUCCESS] config\live_account_validator.py: Protocolo cumplido
2025-08-05 14:48:45 | DEBUG    | SMART.METRICS.__MAIN__    | [SYMBOL] Validando: config\live_account_validator.py
2025-08-05 14:48:45 | ERROR    | SMART.METRICS.__MAIN__    | [FAILED] VIOLACIÓN: Uso prohibido: reimport_enviar_senal en config\live_account_validator.py:2
2025-08-05 14:48:45 | INFO     | SMART.METRICS.__MAIN__    | [SUCCESS] config\live_account_validator.py: Protocolo cumplido
2025-08-05 14:49:57 | DEBUG    | SMART.METRICS.__MAIN__    | [SYMBOL] Validando: config\live_account_validator.py
2025-08-05 14:49:57 | ERROR    | SMART.METRICS.__MAIN__    | [FAILED] VIOLACIÓN: Uso prohibido: reimport_enviar_senal en config\live_account_validator.py:2
2025-08-05 14:49:57 | INFO     | SMART.METRICS.__MAIN__    | [SUCCESS] config\live_account_validator.py: Protocolo cumplido
2025-08-05 14:52:46 | DEBUG    | SMART.METRICS.__MAIN__    | [SYMBOL] Validando: config\live_account_validator.py
2025-08-05 14:52:46 | ERROR    | SMART.METRICS.__MAIN__    | [FAILED] VIOLACIÓN: Uso prohibido: reimport_enviar_senal en config\live_account_validator.py:2
2025-08-05 14:52:46 | INFO     | SMART.METRICS.__MAIN__    | [SUCCESS] config\live_account_validator.py: Protocolo cumplido
2025-08-05 14:53:04 | DEBUG    | SMART.METRICS.__MAIN__    | [SYMBOL] Validando: config\live_account_validator.py
2025-08-05 14:53:04 | ERROR    | SMART.METRICS.__MAIN__    | [FAILED] VIOLACIÓN: Uso prohibido: reimport_enviar_senal en config\live_account_validator.py:2
2025-08-05 14:53:04 | INFO     | SMART.METRICS.__MAIN__    | [SUCCESS] config\live_account_validator.py: Protocolo cumplido
2025-08-05 14:54:15 | DEBUG    | SMART.METRICS.__MAIN__    | [SYMBOL] Validando: config\live_account_validator.py
2025-08-05 14:54:15 | ERROR    | SMART.METRICS.__MAIN__    | [FAILED] VIOLACIÓN: Uso prohibido: reimport_enviar_senal en config\live_account_validator.py:2
2025-08-05 14:54:15 | INFO     | SMART.METRICS.__MAIN__    | [SUCCESS] config\live_account_validator.py: Protocolo cumplido
2025-08-05 14:55:58 | DEBUG    | SMART.METRICS.__MAIN__    | [SYMBOL] Validando: config\live_account_validator.py
2025-08-05 14:55:58 | ERROR    | SMART.METRICS.__MAIN__    | [FAILED] VIOLACIÓN: Uso prohibido: reimport_enviar_senal en config\live_account_validator.py:2
2025-08-05 14:55:58 | INFO     | SMART.METRICS.__MAIN__    | [SUCCESS] config\live_account_validator.py: Protocolo cumplido
2025-08-05 14:56:06 | DEBUG    | SMART.METRICS.__MAIN__    | [SYMBOL] Validando: config\live_account_validator.py
2025-08-05 14:56:06 | ERROR    | SMART.METRICS.__MAIN__    | [FAILED] VIOLACIÓN: Uso prohibido: reimport_enviar_senal en config\live_account_validator.py:2
2025-08-05 14:56:06 | INFO     | SMART.METRICS.__MAIN__    | [SUCCESS] config\live_account_validator.py: Protocolo cumplido
2025-08-05 14:59:40 | ERROR    | SMART.METRICS.__MAIN__    | [FAILED] VIOLACIÓN: Uso prohibido: reimport_enviar_senal en config\live_account_validator.py:2
2025-08-05 15:01:04 | ERROR    | SMART.METRICS.__MAIN__    | [FAILED] VIOLACIÓN: Uso prohibido: reimport_enviar_senal en config\live_account_validator.py:2
2025-08-05 15:04:22 | ERROR    | SMART.METRICS.__MAIN__    | [FAILED] VIOLACIÓN: Uso prohibido: reimport_enviar_senal en config\live_account_validator.py:2
2025-08-05 15:04:30 | ERROR    | SMART.METRICS.__MAIN__    | [FAILED] VIOLACIÓN: Uso prohibido: reimport_enviar_senal en config\live_account_validator.py:2
2025-08-05 15:04:40 | ERROR    | SMART.METRICS.__MAIN__    | [FAILED] VIOLACIÓN: Uso prohibido: reimport_enviar_senal en config\live_account_validator.py:2
2025-08-05 15:05:37 | ERROR    | SMART.METRICS.__MAIN__    | [FAILED] VIOLACIÓN: Uso prohibido: reimport_enviar_senal en config\live_account_validator.py:2
2025-08-05 15:09:45 | ERROR    | SMART.METRICS.__MAIN__    | [FAILED] VIOLACIÓN: Uso prohibido: reimport_enviar_senal en config\live_account_validator.py:2
2025-08-05 15:12:49 | ERROR    | SMART.METRICS.__MAIN__    | [FAILED] VIOLACIÓN: Uso prohibido: reimport_enviar_senal en config\live_account_validator.py:2
2025-08-05 15:14:02 | ERROR    | SMART.METRICS.__MAIN__    | [FAILED] VIOLACIÓN: Uso prohibido: reimport_enviar_senal en config\live_account_validator.py:2
2025-08-05 15:15:54 | ERROR    | SMART.METRICS.__MAIN__    | [FAILED] VIOLACIÓN: Uso prohibido: reimport_enviar_senal en config\live_account_validator.py:2
2025-08-05 15:16:39 | ERROR    | SMART.METRICS.__MAIN__    | [FAILED] VIOLACIÓN: Uso prohibido: reimport_enviar_senal en config\live_account_validator.py:2
2025-08-05 15:17:13 | ERROR    | SMART.METRICS.__MAIN__    | [FAILED] VIOLACIÓN: Uso prohibido: reimport_enviar_senal en config\live_account_validator.py:2
2025-08-05 15:18:55 | ERROR    | SMART.METRICS.__MAIN__    | [FAILED] VIOLACIÓN: Uso prohibido: reimport_enviar_senal en config\live_account_validator.py:2
2025-08-05 15:21:36 | ERROR    | SMART.METRICS.__MAIN__    | [FAILED] VIOLACIÓN: Uso prohibido: reimport_enviar_senal en config\live_account_validator.py:2
2025-08-05 15:24:47 | ERROR    | SMART.METRICS.__MAIN__    | [FAILED] VIOLACIÓN: Uso prohibido: reimport_enviar_senal en config\live_account_validator.py:23
2025-08-05 15:28:15 | ERROR    | SMART.METRICS.__MAIN__    | [FAILED] VIOLACIÓN: Uso prohibido: reimport_enviar_senal en config\live_account_validator.py:23
2025-08-05 15:30:38 | ERROR    | SMART.METRICS.__MAIN__    | [FAILED] VIOLACIÓN: Uso prohibido: reimport_enviar_senal en config\live_account_validator.py:23
