2025-08-05 07:55:22 | INFO | POI encontrado: BULLISH_OB @ 1.37905 | Score: 80 | TF: M5
2025-08-05 07:55:22 | INFO | POI encontrado: BULLISH_OB @ 1.36220 | Score: 80 | TF: H1
2025-08-05 07:55:22 | INFO | POI encontrado: BULLISH_OB @ 1.36741 | Score: 80 | TF: H1
2025-08-05 07:55:22 | INFO | POI encontrado: BULLISH_OB @ 1.36981 | Score: 80 | TF: H1
2025-08-05 07:55:22 | INFO | POI encontrado: BULLISH_OB @ 1.37189 | Score: 80 | TF: H1
2025-08-05 07:55:22 | INFO | POI encontrado: BULLISH_OB @ 1.37339 | Score: 80 | TF: H1
2025-08-05 07:55:22 | INFO | POI encontrado: BULLISH_OB @ 1.37536 | Score: 80 | TF: H1
2025-08-05 07:55:22 | INFO | POI encontrado: BULLISH_OB @ 1.38129 | Score: 80 | TF: H1
2025-08-05 07:55:22 | INFO | POI encontrado: BEARISH_OB @ 1.38490 | Score: 80 | TF: H1
2025-08-05 07:55:22 | INFO | POI encontrado: BEARISH_OB @ 1.38729 | Score: 80 | TF: H1
2025-08-05 07:55:22 | INFO | POIs detectados: 10 total en análisis integral
2025-08-05 07:55:51 | INFO | POI encontrado: BULLISH_OB @ 1.37905 | Score: 80 | TF: M5
2025-08-05 07:55:51 | INFO | POI encontrado: BULLISH_OB @ 1.36220 | Score: 80 | TF: H1
2025-08-05 07:55:51 | INFO | POI encontrado: BULLISH_OB @ 1.36741 | Score: 80 | TF: H1
2025-08-05 07:55:51 | INFO | POI encontrado: BULLISH_OB @ 1.36981 | Score: 80 | TF: H1
2025-08-05 07:55:51 | INFO | POI encontrado: BULLISH_OB @ 1.37189 | Score: 80 | TF: H1
2025-08-05 07:55:51 | INFO | POI encontrado: BULLISH_OB @ 1.37339 | Score: 80 | TF: H1
2025-08-05 07:55:51 | INFO | POI encontrado: BULLISH_OB @ 1.37536 | Score: 80 | TF: H1
2025-08-05 07:55:51 | INFO | POI encontrado: BULLISH_OB @ 1.38129 | Score: 80 | TF: H1
2025-08-05 07:55:51 | INFO | POI encontrado: BEARISH_OB @ 1.38490 | Score: 80 | TF: H1
2025-08-05 07:55:51 | INFO | POI encontrado: BEARISH_OB @ 1.38729 | Score: 80 | TF: H1
2025-08-05 07:55:51 | INFO | POIs detectados: 10 total en análisis integral
2025-08-05 07:56:21 | INFO | POI encontrado: BULLISH_OB @ 1.37905 | Score: 80 | TF: M5
2025-08-05 07:56:21 | INFO | POI encontrado: BULLISH_OB @ 1.36220 | Score: 80 | TF: H1
2025-08-05 07:56:21 | INFO | POI encontrado: BULLISH_OB @ 1.36741 | Score: 80 | TF: H1
2025-08-05 07:56:21 | INFO | POI encontrado: BULLISH_OB @ 1.36981 | Score: 80 | TF: H1
2025-08-05 07:56:21 | INFO | POI encontrado: BULLISH_OB @ 1.37189 | Score: 80 | TF: H1
2025-08-05 07:56:21 | INFO | POI encontrado: BULLISH_OB @ 1.37339 | Score: 80 | TF: H1
2025-08-05 07:56:21 | INFO | POI encontrado: BULLISH_OB @ 1.37536 | Score: 80 | TF: H1
2025-08-05 07:56:21 | INFO | POI encontrado: BULLISH_OB @ 1.38129 | Score: 80 | TF: H1
2025-08-05 07:56:21 | INFO | POI encontrado: BEARISH_OB @ 1.38490 | Score: 80 | TF: H1
2025-08-05 07:56:21 | INFO | POI encontrado: BEARISH_OB @ 1.38729 | Score: 80 | TF: H1
2025-08-05 07:56:21 | INFO | POIs detectados: 10 total en análisis integral
2025-08-05 07:56:52 | INFO | POI encontrado: BULLISH_OB @ 1.37905 | Score: 80 | TF: M5
2025-08-05 07:56:52 | INFO | POI encontrado: BULLISH_OB @ 1.36220 | Score: 80 | TF: H1
2025-08-05 07:56:52 | INFO | POI encontrado: BULLISH_OB @ 1.36741 | Score: 80 | TF: H1
2025-08-05 07:56:52 | INFO | POI encontrado: BULLISH_OB @ 1.36981 | Score: 80 | TF: H1
2025-08-05 07:56:52 | INFO | POI encontrado: BULLISH_OB @ 1.37189 | Score: 80 | TF: H1
2025-08-05 07:56:52 | INFO | POI encontrado: BULLISH_OB @ 1.37339 | Score: 80 | TF: H1
2025-08-05 07:56:52 | INFO | POI encontrado: BULLISH_OB @ 1.37536 | Score: 80 | TF: H1
2025-08-05 07:56:52 | INFO | POI encontrado: BULLISH_OB @ 1.38129 | Score: 80 | TF: H1
2025-08-05 07:56:52 | INFO | POI encontrado: BEARISH_OB @ 1.38490 | Score: 80 | TF: H1
2025-08-05 07:56:52 | INFO | POI encontrado: BEARISH_OB @ 1.38729 | Score: 80 | TF: H1
2025-08-05 07:56:52 | INFO | POIs detectados: 10 total en análisis integral
2025-08-05 07:57:20 | INFO | POI encontrado: BULLISH_OB @ 1.37905 | Score: 80 | TF: M5
2025-08-05 07:57:20 | INFO | POI encontrado: BULLISH_OB @ 1.36220 | Score: 80 | TF: H1
2025-08-05 07:57:20 | INFO | POI encontrado: BULLISH_OB @ 1.36741 | Score: 80 | TF: H1
2025-08-05 07:57:20 | INFO | POI encontrado: BULLISH_OB @ 1.36981 | Score: 80 | TF: H1
2025-08-05 07:57:20 | INFO | POI encontrado: BULLISH_OB @ 1.37189 | Score: 80 | TF: H1
2025-08-05 07:57:20 | INFO | POI encontrado: BULLISH_OB @ 1.37339 | Score: 80 | TF: H1
2025-08-05 07:57:20 | INFO | POI encontrado: BULLISH_OB @ 1.37536 | Score: 80 | TF: H1
2025-08-05 07:57:20 | INFO | POI encontrado: BULLISH_OB @ 1.38129 | Score: 80 | TF: H1
2025-08-05 07:57:20 | INFO | POI encontrado: BEARISH_OB @ 1.38490 | Score: 80 | TF: H1
2025-08-05 07:57:20 | INFO | POI encontrado: BEARISH_OB @ 1.38729 | Score: 80 | TF: H1
2025-08-05 07:57:20 | INFO | POIs detectados: 10 total en análisis integral
2025-08-05 07:57:50 | INFO | POI encontrado: BULLISH_OB @ 1.37905 | Score: 80 | TF: M5
2025-08-05 07:57:50 | INFO | POI encontrado: BULLISH_OB @ 1.36220 | Score: 80 | TF: H1
2025-08-05 07:57:50 | INFO | POI encontrado: BULLISH_OB @ 1.36741 | Score: 80 | TF: H1
2025-08-05 07:57:50 | INFO | POI encontrado: BULLISH_OB @ 1.36981 | Score: 80 | TF: H1
2025-08-05 07:57:50 | INFO | POI encontrado: BULLISH_OB @ 1.37189 | Score: 80 | TF: H1
2025-08-05 07:57:50 | INFO | POI encontrado: BULLISH_OB @ 1.37339 | Score: 80 | TF: H1
2025-08-05 07:57:50 | INFO | POI encontrado: BULLISH_OB @ 1.37536 | Score: 80 | TF: H1
2025-08-05 07:57:50 | INFO | POI encontrado: BULLISH_OB @ 1.38129 | Score: 80 | TF: H1
2025-08-05 07:57:50 | INFO | POI encontrado: BEARISH_OB @ 1.38490 | Score: 80 | TF: H1
2025-08-05 07:57:50 | INFO | POI encontrado: BEARISH_OB @ 1.38729 | Score: 80 | TF: H1
2025-08-05 07:57:50 | INFO | POIs detectados: 10 total en análisis integral
2025-08-05 07:58:21 | INFO | POI encontrado: BULLISH_OB @ 1.37905 | Score: 80 | TF: M5
2025-08-05 07:58:21 | INFO | POI encontrado: BULLISH_OB @ 1.36220 | Score: 80 | TF: H1
2025-08-05 07:58:21 | INFO | POI encontrado: BULLISH_OB @ 1.36741 | Score: 80 | TF: H1
2025-08-05 07:58:21 | INFO | POI encontrado: BULLISH_OB @ 1.36981 | Score: 80 | TF: H1
2025-08-05 07:58:21 | INFO | POI encontrado: BULLISH_OB @ 1.37189 | Score: 80 | TF: H1
2025-08-05 07:58:21 | INFO | POI encontrado: BULLISH_OB @ 1.37339 | Score: 80 | TF: H1
2025-08-05 07:58:21 | INFO | POI encontrado: BULLISH_OB @ 1.37536 | Score: 80 | TF: H1
2025-08-05 07:58:21 | INFO | POI encontrado: BULLISH_OB @ 1.38129 | Score: 80 | TF: H1
2025-08-05 07:58:21 | INFO | POI encontrado: BEARISH_OB @ 1.38490 | Score: 80 | TF: H1
2025-08-05 07:58:21 | INFO | POI encontrado: BEARISH_OB @ 1.38729 | Score: 80 | TF: H1
2025-08-05 07:58:21 | INFO | POIs detectados: 10 total en análisis integral
2025-08-05 07:58:49 | INFO | POI encontrado: BULLISH_OB @ 1.37905 | Score: 80 | TF: M5
2025-08-05 07:58:49 | INFO | POI encontrado: BULLISH_OB @ 1.36220 | Score: 80 | TF: H1
2025-08-05 07:58:49 | INFO | POI encontrado: BULLISH_OB @ 1.36741 | Score: 80 | TF: H1
2025-08-05 07:58:49 | INFO | POI encontrado: BULLISH_OB @ 1.36981 | Score: 80 | TF: H1
2025-08-05 07:58:49 | INFO | POI encontrado: BULLISH_OB @ 1.37189 | Score: 80 | TF: H1
2025-08-05 07:58:49 | INFO | POI encontrado: BULLISH_OB @ 1.37339 | Score: 80 | TF: H1
2025-08-05 07:58:49 | INFO | POI encontrado: BULLISH_OB @ 1.37536 | Score: 80 | TF: H1
2025-08-05 07:58:49 | INFO | POI encontrado: BULLISH_OB @ 1.38129 | Score: 80 | TF: H1
2025-08-05 07:58:49 | INFO | POI encontrado: BEARISH_OB @ 1.38490 | Score: 80 | TF: H1
2025-08-05 07:58:49 | INFO | POI encontrado: BEARISH_OB @ 1.38729 | Score: 80 | TF: H1
2025-08-05 07:58:49 | INFO | POIs detectados: 10 total en análisis integral
2025-08-05 07:59:20 | INFO | POI encontrado: BULLISH_OB @ 1.37905 | Score: 80 | TF: M5
2025-08-05 07:59:20 | INFO | POI encontrado: BULLISH_OB @ 1.36220 | Score: 80 | TF: H1
2025-08-05 07:59:20 | INFO | POI encontrado: BULLISH_OB @ 1.36741 | Score: 80 | TF: H1
2025-08-05 07:59:20 | INFO | POI encontrado: BULLISH_OB @ 1.36981 | Score: 80 | TF: H1
2025-08-05 07:59:20 | INFO | POI encontrado: BULLISH_OB @ 1.37189 | Score: 80 | TF: H1
2025-08-05 07:59:20 | INFO | POI encontrado: BULLISH_OB @ 1.37339 | Score: 80 | TF: H1
2025-08-05 07:59:20 | INFO | POI encontrado: BULLISH_OB @ 1.37536 | Score: 80 | TF: H1
2025-08-05 07:59:20 | INFO | POI encontrado: BULLISH_OB @ 1.38129 | Score: 80 | TF: H1
2025-08-05 07:59:20 | INFO | POI encontrado: BEARISH_OB @ 1.38490 | Score: 80 | TF: H1
2025-08-05 07:59:20 | INFO | POI encontrado: BEARISH_OB @ 1.38729 | Score: 80 | TF: H1
2025-08-05 07:59:20 | INFO | POIs detectados: 10 total en análisis integral
2025-08-05 07:59:50 | INFO | POI encontrado: BULLISH_OB @ 1.37905 | Score: 80 | TF: M5
2025-08-05 07:59:50 | INFO | POI encontrado: BULLISH_OB @ 1.36220 | Score: 80 | TF: H1
2025-08-05 07:59:50 | INFO | POI encontrado: BULLISH_OB @ 1.36741 | Score: 80 | TF: H1
2025-08-05 07:59:50 | INFO | POI encontrado: BULLISH_OB @ 1.36981 | Score: 80 | TF: H1
2025-08-05 07:59:50 | INFO | POI encontrado: BULLISH_OB @ 1.37189 | Score: 80 | TF: H1
2025-08-05 07:59:50 | INFO | POI encontrado: BULLISH_OB @ 1.37339 | Score: 80 | TF: H1
2025-08-05 07:59:50 | INFO | POI encontrado: BULLISH_OB @ 1.37536 | Score: 80 | TF: H1
2025-08-05 07:59:50 | INFO | POI encontrado: BULLISH_OB @ 1.38129 | Score: 80 | TF: H1
2025-08-05 07:59:50 | INFO | POI encontrado: BEARISH_OB @ 1.38490 | Score: 80 | TF: H1
2025-08-05 07:59:50 | INFO | POI encontrado: BEARISH_OB @ 1.38729 | Score: 80 | TF: H1
2025-08-05 07:59:50 | INFO | POIs detectados: 10 total en análisis integral
2025-08-05 08:00:19 | INFO | POI encontrado: BULLISH_OB @ 1.37905 | Score: 80 | TF: M5
2025-08-05 08:00:19 | INFO | POI encontrado: BULLISH_OB @ 1.36220 | Score: 80 | TF: H1
2025-08-05 08:00:19 | INFO | POI encontrado: BULLISH_OB @ 1.36741 | Score: 80 | TF: H1
2025-08-05 08:00:19 | INFO | POI encontrado: BULLISH_OB @ 1.36981 | Score: 80 | TF: H1
2025-08-05 08:00:19 | INFO | POI encontrado: BULLISH_OB @ 1.37189 | Score: 80 | TF: H1
2025-08-05 08:00:19 | INFO | POI encontrado: BULLISH_OB @ 1.37339 | Score: 80 | TF: H1
2025-08-05 08:00:19 | INFO | POI encontrado: BULLISH_OB @ 1.37536 | Score: 80 | TF: H1
2025-08-05 08:00:19 | INFO | POI encontrado: BULLISH_OB @ 1.38129 | Score: 80 | TF: H1
2025-08-05 08:00:19 | INFO | POI encontrado: BEARISH_OB @ 1.38490 | Score: 80 | TF: H1
2025-08-05 08:00:19 | INFO | POI encontrado: BEARISH_OB @ 1.38729 | Score: 80 | TF: H1
2025-08-05 08:00:19 | INFO | POIs detectados: 10 total en análisis integral
2025-08-05 08:00:50 | INFO | POI encontrado: BULLISH_OB @ 1.37905 | Score: 80 | TF: M5
2025-08-05 08:00:50 | INFO | POI encontrado: BULLISH_OB @ 1.36220 | Score: 80 | TF: H1
2025-08-05 08:00:50 | INFO | POI encontrado: BULLISH_OB @ 1.36741 | Score: 80 | TF: H1
2025-08-05 08:00:50 | INFO | POI encontrado: BULLISH_OB @ 1.36981 | Score: 80 | TF: H1
2025-08-05 08:00:50 | INFO | POI encontrado: BULLISH_OB @ 1.37189 | Score: 80 | TF: H1
2025-08-05 08:00:50 | INFO | POI encontrado: BULLISH_OB @ 1.37339 | Score: 80 | TF: H1
2025-08-05 08:00:50 | INFO | POI encontrado: BULLISH_OB @ 1.37536 | Score: 80 | TF: H1
2025-08-05 08:00:50 | INFO | POI encontrado: BULLISH_OB @ 1.38129 | Score: 80 | TF: H1
2025-08-05 08:00:50 | INFO | POI encontrado: BEARISH_OB @ 1.38490 | Score: 80 | TF: H1
2025-08-05 08:00:50 | INFO | POI encontrado: BEARISH_OB @ 1.38729 | Score: 80 | TF: H1
2025-08-05 08:00:50 | INFO | POIs detectados: 10 total en análisis integral
2025-08-05 08:01:19 | INFO | POI encontrado: BULLISH_OB @ 1.37905 | Score: 80 | TF: M5
2025-08-05 08:01:19 | INFO | POI encontrado: BULLISH_OB @ 1.36220 | Score: 80 | TF: H1
2025-08-05 08:01:19 | INFO | POI encontrado: BULLISH_OB @ 1.36741 | Score: 80 | TF: H1
2025-08-05 08:01:19 | INFO | POI encontrado: BULLISH_OB @ 1.36981 | Score: 80 | TF: H1
2025-08-05 08:01:19 | INFO | POI encontrado: BULLISH_OB @ 1.37189 | Score: 80 | TF: H1
2025-08-05 08:01:19 | INFO | POI encontrado: BULLISH_OB @ 1.37339 | Score: 80 | TF: H1
2025-08-05 08:01:19 | INFO | POI encontrado: BULLISH_OB @ 1.37536 | Score: 80 | TF: H1
2025-08-05 08:01:19 | INFO | POI encontrado: BULLISH_OB @ 1.38129 | Score: 80 | TF: H1
2025-08-05 08:01:19 | INFO | POI encontrado: BEARISH_OB @ 1.38490 | Score: 80 | TF: H1
2025-08-05 08:01:19 | INFO | POI encontrado: BEARISH_OB @ 1.38729 | Score: 80 | TF: H1
2025-08-05 08:01:19 | INFO | POIs detectados: 10 total en análisis integral
2025-08-05 08:01:49 | INFO | POI encontrado: BULLISH_OB @ 1.37905 | Score: 80 | TF: M5
2025-08-05 08:01:49 | INFO | POI encontrado: BULLISH_OB @ 1.36220 | Score: 80 | TF: H1
2025-08-05 08:01:49 | INFO | POI encontrado: BULLISH_OB @ 1.36741 | Score: 80 | TF: H1
2025-08-05 08:01:49 | INFO | POI encontrado: BULLISH_OB @ 1.36981 | Score: 80 | TF: H1
2025-08-05 08:01:49 | INFO | POI encontrado: BULLISH_OB @ 1.37189 | Score: 80 | TF: H1
2025-08-05 08:01:49 | INFO | POI encontrado: BULLISH_OB @ 1.37339 | Score: 80 | TF: H1
2025-08-05 08:01:49 | INFO | POI encontrado: BULLISH_OB @ 1.37536 | Score: 80 | TF: H1
2025-08-05 08:01:49 | INFO | POI encontrado: BULLISH_OB @ 1.38129 | Score: 80 | TF: H1
2025-08-05 08:01:49 | INFO | POI encontrado: BEARISH_OB @ 1.38490 | Score: 80 | TF: H1
2025-08-05 08:01:49 | INFO | POI encontrado: BEARISH_OB @ 1.38729 | Score: 80 | TF: H1
2025-08-05 08:01:49 | INFO | POIs detectados: 10 total en análisis integral
2025-08-05 08:02:20 | INFO | POI encontrado: BULLISH_OB @ 1.37905 | Score: 80 | TF: M5
2025-08-05 08:02:20 | INFO | POI encontrado: BULLISH_OB @ 1.36220 | Score: 80 | TF: H1
2025-08-05 08:02:20 | INFO | POI encontrado: BULLISH_OB @ 1.36741 | Score: 80 | TF: H1
2025-08-05 08:02:20 | INFO | POI encontrado: BULLISH_OB @ 1.36981 | Score: 80 | TF: H1
2025-08-05 08:02:20 | INFO | POI encontrado: BULLISH_OB @ 1.37189 | Score: 80 | TF: H1
2025-08-05 08:02:20 | INFO | POI encontrado: BULLISH_OB @ 1.37339 | Score: 80 | TF: H1
2025-08-05 08:02:20 | INFO | POI encontrado: BULLISH_OB @ 1.37536 | Score: 80 | TF: H1
2025-08-05 08:02:20 | INFO | POI encontrado: BULLISH_OB @ 1.38129 | Score: 80 | TF: H1
2025-08-05 08:02:20 | INFO | POI encontrado: BEARISH_OB @ 1.38490 | Score: 80 | TF: H1
2025-08-05 08:02:20 | INFO | POI encontrado: BEARISH_OB @ 1.38729 | Score: 80 | TF: H1
2025-08-05 08:02:20 | INFO | POIs detectados: 10 total en análisis integral
2025-08-05 08:02:49 | INFO | POI encontrado: BULLISH_OB @ 1.37905 | Score: 80 | TF: M5
2025-08-05 08:02:49 | INFO | POI encontrado: BULLISH_OB @ 1.36220 | Score: 80 | TF: H1
2025-08-05 08:02:49 | INFO | POI encontrado: BULLISH_OB @ 1.36741 | Score: 80 | TF: H1
2025-08-05 08:02:49 | INFO | POI encontrado: BULLISH_OB @ 1.36981 | Score: 80 | TF: H1
2025-08-05 08:02:49 | INFO | POI encontrado: BULLISH_OB @ 1.37189 | Score: 80 | TF: H1
2025-08-05 08:02:49 | INFO | POI encontrado: BULLISH_OB @ 1.37339 | Score: 80 | TF: H1
2025-08-05 08:02:49 | INFO | POI encontrado: BULLISH_OB @ 1.37536 | Score: 80 | TF: H1
2025-08-05 08:02:49 | INFO | POI encontrado: BULLISH_OB @ 1.38129 | Score: 80 | TF: H1
2025-08-05 08:02:49 | INFO | POI encontrado: BEARISH_OB @ 1.38490 | Score: 80 | TF: H1
2025-08-05 08:02:49 | INFO | POI encontrado: BEARISH_OB @ 1.38729 | Score: 80 | TF: H1
2025-08-05 08:02:49 | INFO | POIs detectados: 10 total en análisis integral
2025-08-05 08:03:20 | INFO | POI encontrado: BULLISH_OB @ 1.37905 | Score: 80 | TF: M5
2025-08-05 08:03:20 | INFO | POI encontrado: BULLISH_OB @ 1.36220 | Score: 80 | TF: H1
2025-08-05 08:03:20 | INFO | POI encontrado: BULLISH_OB @ 1.36741 | Score: 80 | TF: H1
2025-08-05 08:03:20 | INFO | POI encontrado: BULLISH_OB @ 1.36981 | Score: 80 | TF: H1
2025-08-05 08:03:20 | INFO | POI encontrado: BULLISH_OB @ 1.37189 | Score: 80 | TF: H1
2025-08-05 08:03:20 | INFO | POI encontrado: BULLISH_OB @ 1.37339 | Score: 80 | TF: H1
2025-08-05 08:03:20 | INFO | POI encontrado: BULLISH_OB @ 1.37536 | Score: 80 | TF: H1
2025-08-05 08:03:20 | INFO | POI encontrado: BULLISH_OB @ 1.38129 | Score: 80 | TF: H1
2025-08-05 08:03:20 | INFO | POI encontrado: BEARISH_OB @ 1.38490 | Score: 80 | TF: H1
2025-08-05 08:03:20 | INFO | POI encontrado: BEARISH_OB @ 1.38729 | Score: 80 | TF: H1
2025-08-05 08:03:20 | INFO | POIs detectados: 10 total en análisis integral
2025-08-05 08:03:49 | INFO | POI encontrado: BULLISH_OB @ 1.37905 | Score: 80 | TF: M5
2025-08-05 08:03:49 | INFO | POI encontrado: BULLISH_OB @ 1.36220 | Score: 80 | TF: H1
2025-08-05 08:03:49 | INFO | POI encontrado: BULLISH_OB @ 1.36741 | Score: 80 | TF: H1
2025-08-05 08:03:49 | INFO | POI encontrado: BULLISH_OB @ 1.36981 | Score: 80 | TF: H1
2025-08-05 08:03:49 | INFO | POI encontrado: BULLISH_OB @ 1.37189 | Score: 80 | TF: H1
2025-08-05 08:03:49 | INFO | POI encontrado: BULLISH_OB @ 1.37339 | Score: 80 | TF: H1
2025-08-05 08:03:49 | INFO | POI encontrado: BULLISH_OB @ 1.37536 | Score: 80 | TF: H1
2025-08-05 08:03:49 | INFO | POI encontrado: BULLISH_OB @ 1.38129 | Score: 80 | TF: H1
2025-08-05 08:03:49 | INFO | POI encontrado: BEARISH_OB @ 1.38490 | Score: 80 | TF: H1
2025-08-05 08:03:49 | INFO | POI encontrado: BEARISH_OB @ 1.38729 | Score: 80 | TF: H1
2025-08-05 08:03:49 | INFO | POIs detectados: 10 total en análisis integral
2025-08-05 08:04:19 | INFO | POI encontrado: BULLISH_OB @ 1.37905 | Score: 80 | TF: M5
2025-08-05 08:04:19 | INFO | POI encontrado: BULLISH_OB @ 1.36220 | Score: 80 | TF: H1
2025-08-05 08:04:19 | INFO | POI encontrado: BULLISH_OB @ 1.36741 | Score: 80 | TF: H1
2025-08-05 08:04:19 | INFO | POI encontrado: BULLISH_OB @ 1.36981 | Score: 80 | TF: H1
2025-08-05 08:04:19 | INFO | POI encontrado: BULLISH_OB @ 1.37189 | Score: 80 | TF: H1
2025-08-05 08:04:19 | INFO | POI encontrado: BULLISH_OB @ 1.37339 | Score: 80 | TF: H1
2025-08-05 08:04:19 | INFO | POI encontrado: BULLISH_OB @ 1.37536 | Score: 80 | TF: H1
2025-08-05 08:04:19 | INFO | POI encontrado: BULLISH_OB @ 1.38129 | Score: 80 | TF: H1
2025-08-05 08:04:19 | INFO | POI encontrado: BEARISH_OB @ 1.38490 | Score: 80 | TF: H1
2025-08-05 08:04:19 | INFO | POI encontrado: BEARISH_OB @ 1.38729 | Score: 80 | TF: H1
2025-08-05 08:04:19 | INFO | POIs detectados: 10 total en análisis integral
2025-08-05 08:04:49 | INFO | POI encontrado: BULLISH_OB @ 1.37905 | Score: 80 | TF: M5
2025-08-05 08:04:49 | INFO | POI encontrado: BULLISH_OB @ 1.36220 | Score: 80 | TF: H1
2025-08-05 08:04:49 | INFO | POI encontrado: BULLISH_OB @ 1.36741 | Score: 80 | TF: H1
2025-08-05 08:04:49 | INFO | POI encontrado: BULLISH_OB @ 1.36981 | Score: 80 | TF: H1
2025-08-05 08:04:49 | INFO | POI encontrado: BULLISH_OB @ 1.37189 | Score: 80 | TF: H1
2025-08-05 08:04:49 | INFO | POI encontrado: BULLISH_OB @ 1.37339 | Score: 80 | TF: H1
2025-08-05 08:04:49 | INFO | POI encontrado: BULLISH_OB @ 1.37536 | Score: 80 | TF: H1
2025-08-05 08:04:49 | INFO | POI encontrado: BULLISH_OB @ 1.38129 | Score: 80 | TF: H1
2025-08-05 08:04:49 | INFO | POI encontrado: BEARISH_OB @ 1.38490 | Score: 80 | TF: H1
2025-08-05 08:04:49 | INFO | POI encontrado: BEARISH_OB @ 1.38729 | Score: 80 | TF: H1
2025-08-05 08:04:49 | INFO | POIs detectados: 10 total en análisis integral
2025-08-05 08:05:19 | INFO | POI encontrado: BULLISH_OB @ 1.37905 | Score: 80 | TF: M5
2025-08-05 08:05:19 | INFO | POI encontrado: BULLISH_OB @ 1.36220 | Score: 80 | TF: H1
2025-08-05 08:05:19 | INFO | POI encontrado: BULLISH_OB @ 1.36741 | Score: 80 | TF: H1
2025-08-05 08:05:19 | INFO | POI encontrado: BULLISH_OB @ 1.36981 | Score: 80 | TF: H1
2025-08-05 08:05:19 | INFO | POI encontrado: BULLISH_OB @ 1.37189 | Score: 80 | TF: H1
2025-08-05 08:05:19 | INFO | POI encontrado: BULLISH_OB @ 1.37339 | Score: 80 | TF: H1
2025-08-05 08:05:19 | INFO | POI encontrado: BULLISH_OB @ 1.37536 | Score: 80 | TF: H1
2025-08-05 08:05:19 | INFO | POI encontrado: BULLISH_OB @ 1.38129 | Score: 80 | TF: H1
2025-08-05 08:05:19 | INFO | POI encontrado: BEARISH_OB @ 1.38490 | Score: 80 | TF: H1
2025-08-05 08:05:19 | INFO | POI encontrado: BEARISH_OB @ 1.38729 | Score: 80 | TF: H1
2025-08-05 08:05:19 | INFO | POIs detectados: 10 total en análisis integral
2025-08-05 08:05:49 | INFO | POI encontrado: BULLISH_OB @ 1.37905 | Score: 80 | TF: M5
2025-08-05 08:05:49 | INFO | POI encontrado: BULLISH_OB @ 1.36220 | Score: 80 | TF: H1
2025-08-05 08:05:49 | INFO | POI encontrado: BULLISH_OB @ 1.36741 | Score: 80 | TF: H1
2025-08-05 08:05:49 | INFO | POI encontrado: BULLISH_OB @ 1.36981 | Score: 80 | TF: H1
2025-08-05 08:05:49 | INFO | POI encontrado: BULLISH_OB @ 1.37189 | Score: 80 | TF: H1
2025-08-05 08:05:49 | INFO | POI encontrado: BULLISH_OB @ 1.37339 | Score: 80 | TF: H1
2025-08-05 08:05:49 | INFO | POI encontrado: BULLISH_OB @ 1.37536 | Score: 80 | TF: H1
2025-08-05 08:05:49 | INFO | POI encontrado: BULLISH_OB @ 1.38129 | Score: 80 | TF: H1
2025-08-05 08:05:49 | INFO | POI encontrado: BEARISH_OB @ 1.38490 | Score: 80 | TF: H1
2025-08-05 08:05:49 | INFO | POI encontrado: BEARISH_OB @ 1.38729 | Score: 80 | TF: H1
2025-08-05 08:05:49 | INFO | POIs detectados: 10 total en análisis integral
2025-08-05 08:06:20 | INFO | POI encontrado: BULLISH_OB @ 1.37905 | Score: 80 | TF: M5
2025-08-05 08:06:20 | INFO | POI encontrado: BULLISH_OB @ 1.36220 | Score: 80 | TF: H1
2025-08-05 08:06:20 | INFO | POI encontrado: BULLISH_OB @ 1.36741 | Score: 80 | TF: H1
2025-08-05 08:06:20 | INFO | POI encontrado: BULLISH_OB @ 1.36981 | Score: 80 | TF: H1
2025-08-05 08:06:20 | INFO | POI encontrado: BULLISH_OB @ 1.37189 | Score: 80 | TF: H1
2025-08-05 08:06:20 | INFO | POI encontrado: BULLISH_OB @ 1.37339 | Score: 80 | TF: H1
2025-08-05 08:06:20 | INFO | POI encontrado: BULLISH_OB @ 1.37536 | Score: 80 | TF: H1
2025-08-05 08:06:20 | INFO | POI encontrado: BULLISH_OB @ 1.38129 | Score: 80 | TF: H1
2025-08-05 08:06:20 | INFO | POI encontrado: BEARISH_OB @ 1.38490 | Score: 80 | TF: H1
2025-08-05 08:06:20 | INFO | POI encontrado: BEARISH_OB @ 1.38729 | Score: 80 | TF: H1
2025-08-05 08:06:20 | INFO | POIs detectados: 10 total en análisis integral
2025-08-05 08:06:50 | INFO | POI encontrado: BULLISH_OB @ 1.37905 | Score: 80 | TF: M5
2025-08-05 08:06:50 | INFO | POI encontrado: BULLISH_OB @ 1.36220 | Score: 80 | TF: H1
2025-08-05 08:06:50 | INFO | POI encontrado: BULLISH_OB @ 1.36741 | Score: 80 | TF: H1
2025-08-05 08:06:50 | INFO | POI encontrado: BULLISH_OB @ 1.36981 | Score: 80 | TF: H1
2025-08-05 08:06:50 | INFO | POI encontrado: BULLISH_OB @ 1.37189 | Score: 80 | TF: H1
2025-08-05 08:06:50 | INFO | POI encontrado: BULLISH_OB @ 1.37339 | Score: 80 | TF: H1
2025-08-05 08:06:50 | INFO | POI encontrado: BULLISH_OB @ 1.37536 | Score: 80 | TF: H1
2025-08-05 08:06:50 | INFO | POI encontrado: BULLISH_OB @ 1.38129 | Score: 80 | TF: H1
2025-08-05 08:06:50 | INFO | POI encontrado: BEARISH_OB @ 1.38490 | Score: 80 | TF: H1
2025-08-05 08:06:50 | INFO | POI encontrado: BEARISH_OB @ 1.38729 | Score: 80 | TF: H1
2025-08-05 08:06:50 | INFO | POIs detectados: 10 total en análisis integral
2025-08-05 08:07:20 | INFO | POI encontrado: BULLISH_OB @ 1.37905 | Score: 80 | TF: M5
2025-08-05 08:07:20 | INFO | POI encontrado: BULLISH_OB @ 1.36220 | Score: 80 | TF: H1
2025-08-05 08:07:20 | INFO | POI encontrado: BULLISH_OB @ 1.36741 | Score: 80 | TF: H1
2025-08-05 08:07:20 | INFO | POI encontrado: BULLISH_OB @ 1.36981 | Score: 80 | TF: H1
2025-08-05 08:07:20 | INFO | POI encontrado: BULLISH_OB @ 1.37189 | Score: 80 | TF: H1
2025-08-05 08:07:20 | INFO | POI encontrado: BULLISH_OB @ 1.37339 | Score: 80 | TF: H1
2025-08-05 08:07:20 | INFO | POI encontrado: BULLISH_OB @ 1.37536 | Score: 80 | TF: H1
2025-08-05 08:07:20 | INFO | POI encontrado: BULLISH_OB @ 1.38129 | Score: 80 | TF: H1
2025-08-05 08:07:20 | INFO | POI encontrado: BEARISH_OB @ 1.38490 | Score: 80 | TF: H1
2025-08-05 08:07:20 | INFO | POI encontrado: BEARISH_OB @ 1.38729 | Score: 80 | TF: H1
2025-08-05 08:07:20 | INFO | POIs detectados: 10 total en análisis integral
2025-08-05 08:07:50 | INFO | POI encontrado: BULLISH_OB @ 1.37905 | Score: 80 | TF: M5
2025-08-05 08:07:50 | INFO | POI encontrado: BULLISH_OB @ 1.36220 | Score: 80 | TF: H1
2025-08-05 08:07:50 | INFO | POI encontrado: BULLISH_OB @ 1.36741 | Score: 80 | TF: H1
2025-08-05 08:07:50 | INFO | POI encontrado: BULLISH_OB @ 1.36981 | Score: 80 | TF: H1
2025-08-05 08:07:50 | INFO | POI encontrado: BULLISH_OB @ 1.37189 | Score: 80 | TF: H1
2025-08-05 08:07:50 | INFO | POI encontrado: BULLISH_OB @ 1.37339 | Score: 80 | TF: H1
2025-08-05 08:07:50 | INFO | POI encontrado: BULLISH_OB @ 1.37536 | Score: 80 | TF: H1
2025-08-05 08:07:50 | INFO | POI encontrado: BULLISH_OB @ 1.38129 | Score: 80 | TF: H1
2025-08-05 08:07:50 | INFO | POI encontrado: BEARISH_OB @ 1.38490 | Score: 80 | TF: H1
2025-08-05 08:07:50 | INFO | POI encontrado: BEARISH_OB @ 1.38729 | Score: 80 | TF: H1
2025-08-05 08:07:50 | INFO | POIs detectados: 10 total en análisis integral
2025-08-05 08:08:19 | INFO | POI encontrado: BULLISH_OB @ 1.37905 | Score: 80 | TF: M5
2025-08-05 08:08:19 | INFO | POI encontrado: BULLISH_OB @ 1.36220 | Score: 80 | TF: H1
2025-08-05 08:08:19 | INFO | POI encontrado: BULLISH_OB @ 1.36741 | Score: 80 | TF: H1
2025-08-05 08:08:19 | INFO | POI encontrado: BULLISH_OB @ 1.36981 | Score: 80 | TF: H1
2025-08-05 08:08:19 | INFO | POI encontrado: BULLISH_OB @ 1.37189 | Score: 80 | TF: H1
2025-08-05 08:08:19 | INFO | POI encontrado: BULLISH_OB @ 1.37339 | Score: 80 | TF: H1
2025-08-05 08:08:19 | INFO | POI encontrado: BULLISH_OB @ 1.37536 | Score: 80 | TF: H1
2025-08-05 08:08:19 | INFO | POI encontrado: BULLISH_OB @ 1.38129 | Score: 80 | TF: H1
2025-08-05 08:08:19 | INFO | POI encontrado: BEARISH_OB @ 1.38490 | Score: 80 | TF: H1
2025-08-05 08:08:19 | INFO | POI encontrado: BEARISH_OB @ 1.38729 | Score: 80 | TF: H1
2025-08-05 08:08:19 | INFO | POIs detectados: 10 total en análisis integral
2025-08-05 08:08:50 | INFO | POI encontrado: BULLISH_OB @ 1.37905 | Score: 80 | TF: M5
2025-08-05 08:08:50 | INFO | POI encontrado: BULLISH_OB @ 1.36220 | Score: 80 | TF: H1
2025-08-05 08:08:50 | INFO | POI encontrado: BULLISH_OB @ 1.36741 | Score: 80 | TF: H1
2025-08-05 08:08:50 | INFO | POI encontrado: BULLISH_OB @ 1.36981 | Score: 80 | TF: H1
2025-08-05 08:08:50 | INFO | POI encontrado: BULLISH_OB @ 1.37189 | Score: 80 | TF: H1
2025-08-05 08:08:50 | INFO | POI encontrado: BULLISH_OB @ 1.37339 | Score: 80 | TF: H1
2025-08-05 08:08:50 | INFO | POI encontrado: BULLISH_OB @ 1.37536 | Score: 80 | TF: H1
2025-08-05 08:08:50 | INFO | POI encontrado: BULLISH_OB @ 1.38129 | Score: 80 | TF: H1
2025-08-05 08:08:50 | INFO | POI encontrado: BEARISH_OB @ 1.38490 | Score: 80 | TF: H1
2025-08-05 08:08:50 | INFO | POI encontrado: BEARISH_OB @ 1.38729 | Score: 80 | TF: H1
2025-08-05 08:08:50 | INFO | POIs detectados: 10 total en análisis integral
2025-08-05 08:09:20 | INFO | POI encontrado: BULLISH_OB @ 1.37905 | Score: 80 | TF: M5
2025-08-05 08:09:20 | INFO | POI encontrado: BULLISH_OB @ 1.36220 | Score: 80 | TF: H1
2025-08-05 08:09:20 | INFO | POI encontrado: BULLISH_OB @ 1.36741 | Score: 80 | TF: H1
2025-08-05 08:09:20 | INFO | POI encontrado: BULLISH_OB @ 1.36981 | Score: 80 | TF: H1
2025-08-05 08:09:20 | INFO | POI encontrado: BULLISH_OB @ 1.37189 | Score: 80 | TF: H1
2025-08-05 08:09:20 | INFO | POI encontrado: BULLISH_OB @ 1.37339 | Score: 80 | TF: H1
2025-08-05 08:09:20 | INFO | POI encontrado: BULLISH_OB @ 1.37536 | Score: 80 | TF: H1
2025-08-05 08:09:20 | INFO | POI encontrado: BULLISH_OB @ 1.38129 | Score: 80 | TF: H1
2025-08-05 08:09:20 | INFO | POI encontrado: BEARISH_OB @ 1.38490 | Score: 80 | TF: H1
2025-08-05 08:09:20 | INFO | POI encontrado: BEARISH_OB @ 1.38729 | Score: 80 | TF: H1
2025-08-05 08:09:20 | INFO | POIs detectados: 10 total en análisis integral
2025-08-05 08:09:49 | INFO | POI encontrado: BULLISH_OB @ 1.37905 | Score: 80 | TF: M5
2025-08-05 08:09:49 | INFO | POI encontrado: BULLISH_OB @ 1.36220 | Score: 80 | TF: H1
2025-08-05 08:09:49 | INFO | POI encontrado: BULLISH_OB @ 1.36741 | Score: 80 | TF: H1
2025-08-05 08:09:49 | INFO | POI encontrado: BULLISH_OB @ 1.36981 | Score: 80 | TF: H1
2025-08-05 08:09:49 | INFO | POI encontrado: BULLISH_OB @ 1.37189 | Score: 80 | TF: H1
2025-08-05 08:09:49 | INFO | POI encontrado: BULLISH_OB @ 1.37339 | Score: 80 | TF: H1
2025-08-05 08:09:49 | INFO | POI encontrado: BULLISH_OB @ 1.37536 | Score: 80 | TF: H1
2025-08-05 08:09:49 | INFO | POI encontrado: BULLISH_OB @ 1.38129 | Score: 80 | TF: H1
2025-08-05 08:09:49 | INFO | POI encontrado: BEARISH_OB @ 1.38490 | Score: 80 | TF: H1
2025-08-05 08:09:49 | INFO | POI encontrado: BEARISH_OB @ 1.38729 | Score: 80 | TF: H1
2025-08-05 08:09:49 | INFO | POIs detectados: 10 total en análisis integral
2025-08-05 08:10:20 | INFO | POI encontrado: BULLISH_OB @ 1.37905 | Score: 80 | TF: M5
2025-08-05 08:10:20 | INFO | POI encontrado: BULLISH_OB @ 1.36220 | Score: 80 | TF: H1
2025-08-05 08:10:20 | INFO | POI encontrado: BULLISH_OB @ 1.36741 | Score: 80 | TF: H1
2025-08-05 08:10:20 | INFO | POI encontrado: BULLISH_OB @ 1.36981 | Score: 80 | TF: H1
2025-08-05 08:10:20 | INFO | POI encontrado: BULLISH_OB @ 1.37189 | Score: 80 | TF: H1
2025-08-05 08:10:20 | INFO | POI encontrado: BULLISH_OB @ 1.37339 | Score: 80 | TF: H1
2025-08-05 08:10:20 | INFO | POI encontrado: BULLISH_OB @ 1.37536 | Score: 80 | TF: H1
2025-08-05 08:10:20 | INFO | POI encontrado: BULLISH_OB @ 1.38129 | Score: 80 | TF: H1
2025-08-05 08:10:20 | INFO | POI encontrado: BEARISH_OB @ 1.38490 | Score: 80 | TF: H1
2025-08-05 08:10:20 | INFO | POI encontrado: BEARISH_OB @ 1.38729 | Score: 80 | TF: H1
2025-08-05 08:10:20 | INFO | POIs detectados: 10 total en análisis integral
2025-08-05 08:10:49 | INFO | POI encontrado: BULLISH_OB @ 1.37905 | Score: 80 | TF: M5
2025-08-05 08:10:49 | INFO | POI encontrado: BULLISH_OB @ 1.36220 | Score: 80 | TF: H1
2025-08-05 08:10:49 | INFO | POI encontrado: BULLISH_OB @ 1.36741 | Score: 80 | TF: H1
2025-08-05 08:10:49 | INFO | POI encontrado: BULLISH_OB @ 1.36981 | Score: 80 | TF: H1
2025-08-05 08:10:49 | INFO | POI encontrado: BULLISH_OB @ 1.37189 | Score: 80 | TF: H1
2025-08-05 08:10:49 | INFO | POI encontrado: BULLISH_OB @ 1.37339 | Score: 80 | TF: H1
2025-08-05 08:10:49 | INFO | POI encontrado: BULLISH_OB @ 1.37536 | Score: 80 | TF: H1
2025-08-05 08:10:49 | INFO | POI encontrado: BULLISH_OB @ 1.38129 | Score: 80 | TF: H1
2025-08-05 08:10:49 | INFO | POI encontrado: BEARISH_OB @ 1.38490 | Score: 80 | TF: H1
2025-08-05 08:10:49 | INFO | POI encontrado: BEARISH_OB @ 1.38729 | Score: 80 | TF: H1
2025-08-05 08:10:49 | INFO | POIs detectados: 10 total en análisis integral
2025-08-05 08:11:19 | INFO | POI encontrado: BULLISH_OB @ 1.37905 | Score: 80 | TF: M5
2025-08-05 08:11:19 | INFO | POI encontrado: BULLISH_OB @ 1.36220 | Score: 80 | TF: H1
2025-08-05 08:11:19 | INFO | POI encontrado: BULLISH_OB @ 1.36741 | Score: 80 | TF: H1
2025-08-05 08:11:19 | INFO | POI encontrado: BULLISH_OB @ 1.36981 | Score: 80 | TF: H1
2025-08-05 08:11:19 | INFO | POI encontrado: BULLISH_OB @ 1.37189 | Score: 80 | TF: H1
2025-08-05 08:11:19 | INFO | POI encontrado: BULLISH_OB @ 1.37339 | Score: 80 | TF: H1
2025-08-05 08:11:19 | INFO | POI encontrado: BULLISH_OB @ 1.37536 | Score: 80 | TF: H1
2025-08-05 08:11:19 | INFO | POI encontrado: BULLISH_OB @ 1.38129 | Score: 80 | TF: H1
2025-08-05 08:11:19 | INFO | POI encontrado: BEARISH_OB @ 1.38490 | Score: 80 | TF: H1
2025-08-05 08:11:19 | INFO | POI encontrado: BEARISH_OB @ 1.38729 | Score: 80 | TF: H1
2025-08-05 08:11:19 | INFO | POIs detectados: 10 total en análisis integral
2025-08-05 08:11:49 | INFO | POI encontrado: BULLISH_OB @ 1.37905 | Score: 80 | TF: M5
2025-08-05 08:11:49 | INFO | POI encontrado: BULLISH_OB @ 1.36220 | Score: 80 | TF: H1
2025-08-05 08:11:49 | INFO | POI encontrado: BULLISH_OB @ 1.36741 | Score: 80 | TF: H1
2025-08-05 08:11:49 | INFO | POI encontrado: BULLISH_OB @ 1.36981 | Score: 80 | TF: H1
2025-08-05 08:11:49 | INFO | POI encontrado: BULLISH_OB @ 1.37189 | Score: 80 | TF: H1
2025-08-05 08:11:49 | INFO | POI encontrado: BULLISH_OB @ 1.37339 | Score: 80 | TF: H1
2025-08-05 08:11:49 | INFO | POI encontrado: BULLISH_OB @ 1.37536 | Score: 80 | TF: H1
2025-08-05 08:11:49 | INFO | POI encontrado: BULLISH_OB @ 1.38129 | Score: 80 | TF: H1
2025-08-05 08:11:49 | INFO | POI encontrado: BEARISH_OB @ 1.38490 | Score: 80 | TF: H1
2025-08-05 08:11:49 | INFO | POI encontrado: BEARISH_OB @ 1.38729 | Score: 80 | TF: H1
2025-08-05 08:11:49 | INFO | POIs detectados: 10 total en análisis integral
2025-08-05 08:12:19 | INFO | POI encontrado: BULLISH_OB @ 1.37905 | Score: 80 | TF: M5
2025-08-05 08:12:19 | INFO | POI encontrado: BULLISH_OB @ 1.36220 | Score: 80 | TF: H1
2025-08-05 08:12:19 | INFO | POI encontrado: BULLISH_OB @ 1.36741 | Score: 80 | TF: H1
2025-08-05 08:12:19 | INFO | POI encontrado: BULLISH_OB @ 1.36981 | Score: 80 | TF: H1
2025-08-05 08:12:19 | INFO | POI encontrado: BULLISH_OB @ 1.37189 | Score: 80 | TF: H1
2025-08-05 08:12:19 | INFO | POI encontrado: BULLISH_OB @ 1.37339 | Score: 80 | TF: H1
2025-08-05 08:12:19 | INFO | POI encontrado: BULLISH_OB @ 1.37536 | Score: 80 | TF: H1
2025-08-05 08:12:19 | INFO | POI encontrado: BULLISH_OB @ 1.38129 | Score: 80 | TF: H1
2025-08-05 08:12:19 | INFO | POI encontrado: BEARISH_OB @ 1.38490 | Score: 80 | TF: H1
2025-08-05 08:12:19 | INFO | POI encontrado: BEARISH_OB @ 1.38729 | Score: 80 | TF: H1
2025-08-05 08:12:19 | INFO | POIs detectados: 10 total en análisis integral
2025-08-05 08:12:50 | INFO | POI encontrado: BULLISH_OB @ 1.37905 | Score: 80 | TF: M5
2025-08-05 08:12:50 | INFO | POI encontrado: BULLISH_OB @ 1.36220 | Score: 80 | TF: H1
2025-08-05 08:12:50 | INFO | POI encontrado: BULLISH_OB @ 1.36741 | Score: 80 | TF: H1
2025-08-05 08:12:50 | INFO | POI encontrado: BULLISH_OB @ 1.36981 | Score: 80 | TF: H1
2025-08-05 08:12:50 | INFO | POI encontrado: BULLISH_OB @ 1.37189 | Score: 80 | TF: H1
2025-08-05 08:12:50 | INFO | POI encontrado: BULLISH_OB @ 1.37339 | Score: 80 | TF: H1
2025-08-05 08:12:50 | INFO | POI encontrado: BULLISH_OB @ 1.37536 | Score: 80 | TF: H1
2025-08-05 08:12:50 | INFO | POI encontrado: BULLISH_OB @ 1.38129 | Score: 80 | TF: H1
2025-08-05 08:12:50 | INFO | POI encontrado: BEARISH_OB @ 1.38490 | Score: 80 | TF: H1
2025-08-05 08:12:50 | INFO | POI encontrado: BEARISH_OB @ 1.38729 | Score: 80 | TF: H1
2025-08-05 08:12:50 | INFO | POIs detectados: 10 total en análisis integral
2025-08-05 08:13:19 | INFO | POI encontrado: BULLISH_OB @ 1.37905 | Score: 80 | TF: M5
2025-08-05 08:13:19 | INFO | POI encontrado: BULLISH_OB @ 1.36220 | Score: 80 | TF: H1
2025-08-05 08:13:19 | INFO | POI encontrado: BULLISH_OB @ 1.36741 | Score: 80 | TF: H1
2025-08-05 08:13:19 | INFO | POI encontrado: BULLISH_OB @ 1.36981 | Score: 80 | TF: H1
2025-08-05 08:13:19 | INFO | POI encontrado: BULLISH_OB @ 1.37189 | Score: 80 | TF: H1
2025-08-05 08:13:19 | INFO | POI encontrado: BULLISH_OB @ 1.37339 | Score: 80 | TF: H1
2025-08-05 08:13:19 | INFO | POI encontrado: BULLISH_OB @ 1.37536 | Score: 80 | TF: H1
2025-08-05 08:13:19 | INFO | POI encontrado: BULLISH_OB @ 1.38129 | Score: 80 | TF: H1
2025-08-05 08:13:19 | INFO | POI encontrado: BEARISH_OB @ 1.38490 | Score: 80 | TF: H1
2025-08-05 08:13:19 | INFO | POI encontrado: BEARISH_OB @ 1.38729 | Score: 80 | TF: H1
2025-08-05 08:13:19 | INFO | POIs detectados: 10 total en análisis integral
2025-08-05 08:13:52 | INFO | POI encontrado: BULLISH_OB @ 1.37905 | Score: 80 | TF: M5
2025-08-05 08:13:52 | INFO | POI encontrado: BULLISH_OB @ 1.36220 | Score: 80 | TF: H1
2025-08-05 08:13:52 | INFO | POI encontrado: BULLISH_OB @ 1.36741 | Score: 80 | TF: H1
2025-08-05 08:13:52 | INFO | POI encontrado: BULLISH_OB @ 1.36981 | Score: 80 | TF: H1
2025-08-05 08:13:52 | INFO | POI encontrado: BULLISH_OB @ 1.37189 | Score: 80 | TF: H1
2025-08-05 08:13:52 | INFO | POI encontrado: BULLISH_OB @ 1.37339 | Score: 80 | TF: H1
2025-08-05 08:13:52 | INFO | POI encontrado: BULLISH_OB @ 1.37536 | Score: 80 | TF: H1
2025-08-05 08:13:52 | INFO | POI encontrado: BULLISH_OB @ 1.38129 | Score: 80 | TF: H1
2025-08-05 08:13:52 | INFO | POI encontrado: BEARISH_OB @ 1.38490 | Score: 80 | TF: H1
2025-08-05 08:13:52 | INFO | POI encontrado: BEARISH_OB @ 1.38729 | Score: 80 | TF: H1
2025-08-05 08:13:52 | INFO | POIs detectados: 10 total en análisis integral
2025-08-05 09:55:50 | INFO | POI encontrado: BULLISH_OB @ 1.37905 | Score: 80 | TF: M5
2025-08-05 09:55:50 | INFO | POI encontrado: BULLISH_OB @ 1.36741 | Score: 80 | TF: H1
2025-08-05 09:55:50 | INFO | POI encontrado: BULLISH_OB @ 1.36981 | Score: 80 | TF: H1
2025-08-05 09:55:50 | INFO | POI encontrado: BULLISH_OB @ 1.37189 | Score: 80 | TF: H1
2025-08-05 09:55:50 | INFO | POI encontrado: BULLISH_OB @ 1.37339 | Score: 80 | TF: H1
2025-08-05 09:55:50 | INFO | POI encontrado: BULLISH_OB @ 1.37536 | Score: 80 | TF: H1
2025-08-05 09:55:50 | INFO | POI encontrado: BULLISH_OB @ 1.38129 | Score: 80 | TF: H1
2025-08-05 09:55:50 | INFO | POI encontrado: BEARISH_OB @ 1.38490 | Score: 80 | TF: H1
2025-08-05 09:55:50 | INFO | POI encontrado: BEARISH_OB @ 1.38729 | Score: 80 | TF: H1
2025-08-05 09:55:50 | INFO | POI encontrado: BEARISH_OB @ 1.38677 | Score: 80 | TF: H1
2025-08-05 09:55:50 | INFO | POIs detectados: 10 total en análisis integral
2025-08-05 09:56:20 | INFO | POI encontrado: BULLISH_OB @ 1.37905 | Score: 80 | TF: M5
2025-08-05 09:56:20 | INFO | POI encontrado: BULLISH_OB @ 1.36741 | Score: 80 | TF: H1
2025-08-05 09:56:20 | INFO | POI encontrado: BULLISH_OB @ 1.36981 | Score: 80 | TF: H1
2025-08-05 09:56:20 | INFO | POI encontrado: BULLISH_OB @ 1.37189 | Score: 80 | TF: H1
2025-08-05 09:56:20 | INFO | POI encontrado: BULLISH_OB @ 1.37339 | Score: 80 | TF: H1
2025-08-05 09:56:20 | INFO | POI encontrado: BULLISH_OB @ 1.37536 | Score: 80 | TF: H1
2025-08-05 09:56:20 | INFO | POI encontrado: BULLISH_OB @ 1.38129 | Score: 80 | TF: H1
2025-08-05 09:56:20 | INFO | POI encontrado: BEARISH_OB @ 1.38490 | Score: 80 | TF: H1
2025-08-05 09:56:20 | INFO | POI encontrado: BEARISH_OB @ 1.38729 | Score: 80 | TF: H1
2025-08-05 09:56:20 | INFO | POI encontrado: BEARISH_OB @ 1.38677 | Score: 80 | TF: H1
2025-08-05 09:56:20 | INFO | POIs detectados: 10 total en análisis integral
2025-08-05 09:56:50 | INFO | POI encontrado: BULLISH_OB @ 1.37905 | Score: 80 | TF: M5
2025-08-05 09:56:50 | INFO | POI encontrado: BULLISH_OB @ 1.36741 | Score: 80 | TF: H1
2025-08-05 09:56:50 | INFO | POI encontrado: BULLISH_OB @ 1.36981 | Score: 80 | TF: H1
2025-08-05 09:56:50 | INFO | POI encontrado: BULLISH_OB @ 1.37189 | Score: 80 | TF: H1
2025-08-05 09:56:50 | INFO | POI encontrado: BULLISH_OB @ 1.37339 | Score: 80 | TF: H1
2025-08-05 09:56:50 | INFO | POI encontrado: BULLISH_OB @ 1.37536 | Score: 80 | TF: H1
2025-08-05 09:56:50 | INFO | POI encontrado: BULLISH_OB @ 1.38129 | Score: 80 | TF: H1
2025-08-05 09:56:50 | INFO | POI encontrado: BEARISH_OB @ 1.38490 | Score: 80 | TF: H1
2025-08-05 09:56:50 | INFO | POI encontrado: BEARISH_OB @ 1.38729 | Score: 80 | TF: H1
2025-08-05 09:56:50 | INFO | POI encontrado: BEARISH_OB @ 1.38677 | Score: 80 | TF: H1
2025-08-05 09:56:50 | INFO | POIs detectados: 10 total en análisis integral
2025-08-05 09:57:20 | INFO | POI encontrado: BULLISH_OB @ 1.37905 | Score: 80 | TF: M5
2025-08-05 09:57:20 | INFO | POI encontrado: BULLISH_OB @ 1.36741 | Score: 80 | TF: H1
2025-08-05 09:57:20 | INFO | POI encontrado: BULLISH_OB @ 1.36981 | Score: 80 | TF: H1
2025-08-05 09:57:20 | INFO | POI encontrado: BULLISH_OB @ 1.37189 | Score: 80 | TF: H1
2025-08-05 09:57:20 | INFO | POI encontrado: BULLISH_OB @ 1.37339 | Score: 80 | TF: H1
2025-08-05 09:57:20 | INFO | POI encontrado: BULLISH_OB @ 1.37536 | Score: 80 | TF: H1
2025-08-05 09:57:20 | INFO | POI encontrado: BULLISH_OB @ 1.38129 | Score: 80 | TF: H1
2025-08-05 09:57:20 | INFO | POI encontrado: BEARISH_OB @ 1.38490 | Score: 80 | TF: H1
2025-08-05 09:57:20 | INFO | POI encontrado: BEARISH_OB @ 1.38729 | Score: 80 | TF: H1
2025-08-05 09:57:20 | INFO | POI encontrado: BEARISH_OB @ 1.38677 | Score: 80 | TF: H1
2025-08-05 09:57:20 | INFO | POIs detectados: 10 total en análisis integral
2025-08-05 09:57:50 | INFO | POI encontrado: BULLISH_OB @ 1.37905 | Score: 80 | TF: M5
2025-08-05 09:57:50 | INFO | POI encontrado: BULLISH_OB @ 1.36741 | Score: 80 | TF: H1
2025-08-05 09:57:50 | INFO | POI encontrado: BULLISH_OB @ 1.36981 | Score: 80 | TF: H1
2025-08-05 09:57:50 | INFO | POI encontrado: BULLISH_OB @ 1.37189 | Score: 80 | TF: H1
2025-08-05 09:57:50 | INFO | POI encontrado: BULLISH_OB @ 1.37339 | Score: 80 | TF: H1
2025-08-05 09:57:50 | INFO | POI encontrado: BULLISH_OB @ 1.37536 | Score: 80 | TF: H1
2025-08-05 09:57:50 | INFO | POI encontrado: BULLISH_OB @ 1.38129 | Score: 80 | TF: H1
2025-08-05 09:57:50 | INFO | POI encontrado: BEARISH_OB @ 1.38490 | Score: 80 | TF: H1
2025-08-05 09:57:50 | INFO | POI encontrado: BEARISH_OB @ 1.38729 | Score: 80 | TF: H1
2025-08-05 09:57:50 | INFO | POI encontrado: BEARISH_OB @ 1.38677 | Score: 80 | TF: H1
2025-08-05 09:57:50 | INFO | POIs detectados: 10 total en análisis integral
2025-08-05 09:58:20 | INFO | POI encontrado: BULLISH_OB @ 1.37905 | Score: 80 | TF: M5
2025-08-05 09:58:20 | INFO | POI encontrado: BULLISH_OB @ 1.36741 | Score: 80 | TF: H1
2025-08-05 09:58:20 | INFO | POI encontrado: BULLISH_OB @ 1.36981 | Score: 80 | TF: H1
2025-08-05 09:58:20 | INFO | POI encontrado: BULLISH_OB @ 1.37189 | Score: 80 | TF: H1
2025-08-05 09:58:20 | INFO | POI encontrado: BULLISH_OB @ 1.37339 | Score: 80 | TF: H1
2025-08-05 09:58:20 | INFO | POI encontrado: BULLISH_OB @ 1.37536 | Score: 80 | TF: H1
2025-08-05 09:58:20 | INFO | POI encontrado: BULLISH_OB @ 1.38129 | Score: 80 | TF: H1
2025-08-05 09:58:20 | INFO | POI encontrado: BEARISH_OB @ 1.38490 | Score: 80 | TF: H1
2025-08-05 09:58:20 | INFO | POI encontrado: BEARISH_OB @ 1.38729 | Score: 80 | TF: H1
2025-08-05 09:58:20 | INFO | POI encontrado: BEARISH_OB @ 1.38677 | Score: 80 | TF: H1
2025-08-05 09:58:20 | INFO | POIs detectados: 10 total en análisis integral
2025-08-05 09:58:50 | INFO | POI encontrado: BULLISH_OB @ 1.37905 | Score: 80 | TF: M5
2025-08-05 09:58:50 | INFO | POI encontrado: BULLISH_OB @ 1.36741 | Score: 80 | TF: H1
2025-08-05 09:58:50 | INFO | POI encontrado: BULLISH_OB @ 1.36981 | Score: 80 | TF: H1
2025-08-05 09:58:50 | INFO | POI encontrado: BULLISH_OB @ 1.37189 | Score: 80 | TF: H1
2025-08-05 09:58:50 | INFO | POI encontrado: BULLISH_OB @ 1.37339 | Score: 80 | TF: H1
2025-08-05 09:58:50 | INFO | POI encontrado: BULLISH_OB @ 1.37536 | Score: 80 | TF: H1
2025-08-05 09:58:50 | INFO | POI encontrado: BULLISH_OB @ 1.38129 | Score: 80 | TF: H1
2025-08-05 09:58:50 | INFO | POI encontrado: BEARISH_OB @ 1.38490 | Score: 80 | TF: H1
2025-08-05 09:58:50 | INFO | POI encontrado: BEARISH_OB @ 1.38729 | Score: 80 | TF: H1
2025-08-05 09:58:50 | INFO | POI encontrado: BEARISH_OB @ 1.38677 | Score: 80 | TF: H1
2025-08-05 09:58:50 | INFO | POIs detectados: 10 total en análisis integral
2025-08-05 09:59:20 | INFO | POI encontrado: BULLISH_OB @ 1.37905 | Score: 80 | TF: M5
2025-08-05 09:59:20 | INFO | POI encontrado: BULLISH_OB @ 1.36741 | Score: 80 | TF: H1
2025-08-05 09:59:20 | INFO | POI encontrado: BULLISH_OB @ 1.36981 | Score: 80 | TF: H1
2025-08-05 09:59:20 | INFO | POI encontrado: BULLISH_OB @ 1.37189 | Score: 80 | TF: H1
2025-08-05 09:59:20 | INFO | POI encontrado: BULLISH_OB @ 1.37339 | Score: 80 | TF: H1
2025-08-05 09:59:20 | INFO | POI encontrado: BULLISH_OB @ 1.37536 | Score: 80 | TF: H1
2025-08-05 09:59:20 | INFO | POI encontrado: BULLISH_OB @ 1.38129 | Score: 80 | TF: H1
2025-08-05 09:59:20 | INFO | POI encontrado: BEARISH_OB @ 1.38490 | Score: 80 | TF: H1
2025-08-05 09:59:20 | INFO | POI encontrado: BEARISH_OB @ 1.38729 | Score: 80 | TF: H1
2025-08-05 09:59:20 | INFO | POI encontrado: BEARISH_OB @ 1.38677 | Score: 80 | TF: H1
2025-08-05 09:59:20 | INFO | POIs detectados: 10 total en análisis integral
2025-08-05 09:59:50 | INFO | POI encontrado: BULLISH_OB @ 1.37905 | Score: 80 | TF: M5
2025-08-05 09:59:50 | INFO | POI encontrado: BULLISH_OB @ 1.36741 | Score: 80 | TF: H1
2025-08-05 09:59:50 | INFO | POI encontrado: BULLISH_OB @ 1.36981 | Score: 80 | TF: H1
2025-08-05 09:59:50 | INFO | POI encontrado: BULLISH_OB @ 1.37189 | Score: 80 | TF: H1
2025-08-05 09:59:50 | INFO | POI encontrado: BULLISH_OB @ 1.37339 | Score: 80 | TF: H1
2025-08-05 09:59:50 | INFO | POI encontrado: BULLISH_OB @ 1.37536 | Score: 80 | TF: H1
2025-08-05 09:59:50 | INFO | POI encontrado: BULLISH_OB @ 1.38129 | Score: 80 | TF: H1
2025-08-05 09:59:50 | INFO | POI encontrado: BEARISH_OB @ 1.38490 | Score: 80 | TF: H1
2025-08-05 09:59:50 | INFO | POI encontrado: BEARISH_OB @ 1.38729 | Score: 80 | TF: H1
2025-08-05 09:59:50 | INFO | POI encontrado: BEARISH_OB @ 1.38677 | Score: 80 | TF: H1
2025-08-05 09:59:50 | INFO | POIs detectados: 10 total en análisis integral
2025-08-05 10:00:20 | INFO | POI encontrado: BULLISH_OB @ 1.37905 | Score: 80 | TF: M5
2025-08-05 10:00:20 | INFO | POI encontrado: BULLISH_OB @ 1.36741 | Score: 80 | TF: H1
2025-08-05 10:00:20 | INFO | POI encontrado: BULLISH_OB @ 1.36981 | Score: 80 | TF: H1
2025-08-05 10:00:20 | INFO | POI encontrado: BULLISH_OB @ 1.37189 | Score: 80 | TF: H1
2025-08-05 10:00:20 | INFO | POI encontrado: BULLISH_OB @ 1.37339 | Score: 80 | TF: H1
2025-08-05 10:00:20 | INFO | POI encontrado: BULLISH_OB @ 1.37536 | Score: 80 | TF: H1
2025-08-05 10:00:20 | INFO | POI encontrado: BULLISH_OB @ 1.38129 | Score: 80 | TF: H1
2025-08-05 10:00:20 | INFO | POI encontrado: BEARISH_OB @ 1.38490 | Score: 80 | TF: H1
2025-08-05 10:00:20 | INFO | POI encontrado: BEARISH_OB @ 1.38729 | Score: 80 | TF: H1
2025-08-05 10:00:20 | INFO | POI encontrado: BEARISH_OB @ 1.38677 | Score: 80 | TF: H1
2025-08-05 10:00:20 | INFO | POIs detectados: 10 total en análisis integral
2025-08-05 10:00:50 | INFO | POI encontrado: BULLISH_OB @ 1.37905 | Score: 80 | TF: M5
2025-08-05 10:00:50 | INFO | POI encontrado: BULLISH_OB @ 1.36741 | Score: 80 | TF: H1
2025-08-05 10:00:50 | INFO | POI encontrado: BULLISH_OB @ 1.36981 | Score: 80 | TF: H1
2025-08-05 10:00:50 | INFO | POI encontrado: BULLISH_OB @ 1.37189 | Score: 80 | TF: H1
2025-08-05 10:00:50 | INFO | POI encontrado: BULLISH_OB @ 1.37339 | Score: 80 | TF: H1
2025-08-05 10:00:50 | INFO | POI encontrado: BULLISH_OB @ 1.37536 | Score: 80 | TF: H1
2025-08-05 10:00:50 | INFO | POI encontrado: BULLISH_OB @ 1.38129 | Score: 80 | TF: H1
2025-08-05 10:00:50 | INFO | POI encontrado: BEARISH_OB @ 1.38490 | Score: 80 | TF: H1
2025-08-05 10:00:50 | INFO | POI encontrado: BEARISH_OB @ 1.38729 | Score: 80 | TF: H1
2025-08-05 10:00:50 | INFO | POI encontrado: BEARISH_OB @ 1.38677 | Score: 80 | TF: H1
2025-08-05 10:00:50 | INFO | POIs detectados: 10 total en análisis integral
2025-08-05 10:01:22 | INFO | POI encontrado: BULLISH_OB @ 1.37905 | Score: 80 | TF: M5
2025-08-05 10:01:22 | INFO | POI encontrado: BULLISH_OB @ 1.36741 | Score: 80 | TF: H1
2025-08-05 10:01:22 | INFO | POI encontrado: BULLISH_OB @ 1.36981 | Score: 80 | TF: H1
2025-08-05 10:01:22 | INFO | POI encontrado: BULLISH_OB @ 1.37189 | Score: 80 | TF: H1
2025-08-05 10:01:22 | INFO | POI encontrado: BULLISH_OB @ 1.37339 | Score: 80 | TF: H1
2025-08-05 10:01:22 | INFO | POI encontrado: BULLISH_OB @ 1.37536 | Score: 80 | TF: H1
2025-08-05 10:01:22 | INFO | POI encontrado: BULLISH_OB @ 1.38129 | Score: 80 | TF: H1
2025-08-05 10:01:22 | INFO | POI encontrado: BEARISH_OB @ 1.38490 | Score: 80 | TF: H1
2025-08-05 10:01:22 | INFO | POI encontrado: BEARISH_OB @ 1.38729 | Score: 80 | TF: H1
2025-08-05 10:01:22 | INFO | POI encontrado: BEARISH_OB @ 1.38677 | Score: 80 | TF: H1
2025-08-05 10:01:22 | INFO | POIs detectados: 10 total en análisis integral
2025-08-05 10:01:52 | INFO | POI encontrado: BULLISH_OB @ 1.37905 | Score: 80 | TF: M5
2025-08-05 10:01:52 | INFO | POI encontrado: BULLISH_OB @ 1.36741 | Score: 80 | TF: H1
2025-08-05 10:01:52 | INFO | POI encontrado: BULLISH_OB @ 1.36981 | Score: 80 | TF: H1
2025-08-05 10:01:52 | INFO | POI encontrado: BULLISH_OB @ 1.37189 | Score: 80 | TF: H1
2025-08-05 10:01:52 | INFO | POI encontrado: BULLISH_OB @ 1.37339 | Score: 80 | TF: H1
2025-08-05 10:01:52 | INFO | POI encontrado: BULLISH_OB @ 1.37536 | Score: 80 | TF: H1
2025-08-05 10:01:52 | INFO | POI encontrado: BULLISH_OB @ 1.38129 | Score: 80 | TF: H1
2025-08-05 10:01:52 | INFO | POI encontrado: BEARISH_OB @ 1.38490 | Score: 80 | TF: H1
2025-08-05 10:01:52 | INFO | POI encontrado: BEARISH_OB @ 1.38729 | Score: 80 | TF: H1
2025-08-05 10:01:52 | INFO | POI encontrado: BEARISH_OB @ 1.38677 | Score: 80 | TF: H1
2025-08-05 10:01:52 | INFO | POIs detectados: 10 total en análisis integral
2025-08-05 10:02:22 | INFO | POI encontrado: BULLISH_OB @ 1.37905 | Score: 80 | TF: M5
2025-08-05 10:02:22 | INFO | POI encontrado: BULLISH_OB @ 1.36741 | Score: 80 | TF: H1
2025-08-05 10:02:22 | INFO | POI encontrado: BULLISH_OB @ 1.36981 | Score: 80 | TF: H1
2025-08-05 10:02:22 | INFO | POI encontrado: BULLISH_OB @ 1.37189 | Score: 80 | TF: H1
2025-08-05 10:02:22 | INFO | POI encontrado: BULLISH_OB @ 1.37339 | Score: 80 | TF: H1
2025-08-05 10:02:22 | INFO | POI encontrado: BULLISH_OB @ 1.37536 | Score: 80 | TF: H1
2025-08-05 10:02:22 | INFO | POI encontrado: BULLISH_OB @ 1.38129 | Score: 80 | TF: H1
2025-08-05 10:02:22 | INFO | POI encontrado: BEARISH_OB @ 1.38490 | Score: 80 | TF: H1
2025-08-05 10:02:22 | INFO | POI encontrado: BEARISH_OB @ 1.38729 | Score: 80 | TF: H1
2025-08-05 10:02:22 | INFO | POI encontrado: BEARISH_OB @ 1.38677 | Score: 80 | TF: H1
2025-08-05 10:02:22 | INFO | POIs detectados: 10 total en análisis integral
2025-08-05 10:02:52 | INFO | POI encontrado: BULLISH_OB @ 1.37905 | Score: 80 | TF: M5
2025-08-05 10:02:52 | INFO | POI encontrado: BULLISH_OB @ 1.36741 | Score: 80 | TF: H1
2025-08-05 10:02:52 | INFO | POI encontrado: BULLISH_OB @ 1.36981 | Score: 80 | TF: H1
2025-08-05 10:02:52 | INFO | POI encontrado: BULLISH_OB @ 1.37189 | Score: 80 | TF: H1
2025-08-05 10:02:52 | INFO | POI encontrado: BULLISH_OB @ 1.37339 | Score: 80 | TF: H1
2025-08-05 10:02:52 | INFO | POI encontrado: BULLISH_OB @ 1.37536 | Score: 80 | TF: H1
2025-08-05 10:02:52 | INFO | POI encontrado: BULLISH_OB @ 1.38129 | Score: 80 | TF: H1
2025-08-05 10:02:52 | INFO | POI encontrado: BEARISH_OB @ 1.38490 | Score: 80 | TF: H1
2025-08-05 10:02:52 | INFO | POI encontrado: BEARISH_OB @ 1.38729 | Score: 80 | TF: H1
2025-08-05 10:02:52 | INFO | POI encontrado: BEARISH_OB @ 1.38677 | Score: 80 | TF: H1
2025-08-05 10:02:52 | INFO | POIs detectados: 10 total en análisis integral
2025-08-05 10:03:22 | INFO | POI encontrado: BULLISH_OB @ 1.37905 | Score: 80 | TF: M5
2025-08-05 10:03:22 | INFO | POI encontrado: BULLISH_OB @ 1.36741 | Score: 80 | TF: H1
2025-08-05 10:03:22 | INFO | POI encontrado: BULLISH_OB @ 1.36981 | Score: 80 | TF: H1
2025-08-05 10:03:22 | INFO | POI encontrado: BULLISH_OB @ 1.37189 | Score: 80 | TF: H1
2025-08-05 10:03:22 | INFO | POI encontrado: BULLISH_OB @ 1.37339 | Score: 80 | TF: H1
2025-08-05 10:03:22 | INFO | POI encontrado: BULLISH_OB @ 1.37536 | Score: 80 | TF: H1
2025-08-05 10:03:22 | INFO | POI encontrado: BULLISH_OB @ 1.38129 | Score: 80 | TF: H1
2025-08-05 10:03:22 | INFO | POI encontrado: BEARISH_OB @ 1.38490 | Score: 80 | TF: H1
2025-08-05 10:03:22 | INFO | POI encontrado: BEARISH_OB @ 1.38729 | Score: 80 | TF: H1
2025-08-05 10:03:22 | INFO | POI encontrado: BEARISH_OB @ 1.38677 | Score: 80 | TF: H1
2025-08-05 10:03:22 | INFO | POIs detectados: 10 total en análisis integral
2025-08-05 10:03:51 | INFO | POI encontrado: BULLISH_OB @ 1.37905 | Score: 80 | TF: M5
2025-08-05 10:03:51 | INFO | POI encontrado: BULLISH_OB @ 1.36741 | Score: 80 | TF: H1
2025-08-05 10:03:51 | INFO | POI encontrado: BULLISH_OB @ 1.36981 | Score: 80 | TF: H1
2025-08-05 10:03:51 | INFO | POI encontrado: BULLISH_OB @ 1.37189 | Score: 80 | TF: H1
2025-08-05 10:03:51 | INFO | POI encontrado: BULLISH_OB @ 1.37339 | Score: 80 | TF: H1
2025-08-05 10:03:51 | INFO | POI encontrado: BULLISH_OB @ 1.37536 | Score: 80 | TF: H1
2025-08-05 10:03:51 | INFO | POI encontrado: BULLISH_OB @ 1.38129 | Score: 80 | TF: H1
2025-08-05 10:03:51 | INFO | POI encontrado: BEARISH_OB @ 1.38490 | Score: 80 | TF: H1
2025-08-05 10:03:51 | INFO | POI encontrado: BEARISH_OB @ 1.38729 | Score: 80 | TF: H1
2025-08-05 10:03:51 | INFO | POI encontrado: BEARISH_OB @ 1.38677 | Score: 80 | TF: H1
2025-08-05 10:03:51 | INFO | POIs detectados: 10 total en análisis integral
2025-08-05 10:04:22 | INFO | POI encontrado: BULLISH_OB @ 1.37905 | Score: 80 | TF: M5
2025-08-05 10:04:22 | INFO | POI encontrado: BULLISH_OB @ 1.36741 | Score: 80 | TF: H1
2025-08-05 10:04:22 | INFO | POI encontrado: BULLISH_OB @ 1.36981 | Score: 80 | TF: H1
2025-08-05 10:04:22 | INFO | POI encontrado: BULLISH_OB @ 1.37189 | Score: 80 | TF: H1
2025-08-05 10:04:22 | INFO | POI encontrado: BULLISH_OB @ 1.37339 | Score: 80 | TF: H1
2025-08-05 10:04:22 | INFO | POI encontrado: BULLISH_OB @ 1.37536 | Score: 80 | TF: H1
2025-08-05 10:04:22 | INFO | POI encontrado: BULLISH_OB @ 1.38129 | Score: 80 | TF: H1
2025-08-05 10:04:22 | INFO | POI encontrado: BEARISH_OB @ 1.38490 | Score: 80 | TF: H1
2025-08-05 10:04:22 | INFO | POI encontrado: BEARISH_OB @ 1.38729 | Score: 80 | TF: H1
2025-08-05 10:04:22 | INFO | POI encontrado: BEARISH_OB @ 1.38677 | Score: 80 | TF: H1
2025-08-05 10:04:22 | INFO | POIs detectados: 10 total en análisis integral
2025-08-05 10:04:52 | INFO | POI encontrado: BULLISH_OB @ 1.37905 | Score: 80 | TF: M5
2025-08-05 10:04:52 | INFO | POI encontrado: BULLISH_OB @ 1.36741 | Score: 80 | TF: H1
2025-08-05 10:04:52 | INFO | POI encontrado: BULLISH_OB @ 1.36981 | Score: 80 | TF: H1
2025-08-05 10:04:52 | INFO | POI encontrado: BULLISH_OB @ 1.37189 | Score: 80 | TF: H1
2025-08-05 10:04:52 | INFO | POI encontrado: BULLISH_OB @ 1.37339 | Score: 80 | TF: H1
2025-08-05 10:04:52 | INFO | POI encontrado: BULLISH_OB @ 1.37536 | Score: 80 | TF: H1
2025-08-05 10:04:52 | INFO | POI encontrado: BULLISH_OB @ 1.38129 | Score: 80 | TF: H1
2025-08-05 10:04:52 | INFO | POI encontrado: BEARISH_OB @ 1.38490 | Score: 80 | TF: H1
2025-08-05 10:04:52 | INFO | POI encontrado: BEARISH_OB @ 1.38729 | Score: 80 | TF: H1
2025-08-05 10:04:52 | INFO | POI encontrado: BEARISH_OB @ 1.38677 | Score: 80 | TF: H1
2025-08-05 10:04:52 | INFO | POIs detectados: 10 total en análisis integral
2025-08-05 10:05:22 | INFO | POI encontrado: BULLISH_OB @ 1.37905 | Score: 80 | TF: M5
2025-08-05 10:05:22 | INFO | POI encontrado: BULLISH_OB @ 1.36741 | Score: 80 | TF: H1
2025-08-05 10:05:22 | INFO | POI encontrado: BULLISH_OB @ 1.36981 | Score: 80 | TF: H1
2025-08-05 10:05:22 | INFO | POI encontrado: BULLISH_OB @ 1.37189 | Score: 80 | TF: H1
2025-08-05 10:05:22 | INFO | POI encontrado: BULLISH_OB @ 1.37339 | Score: 80 | TF: H1
2025-08-05 10:05:22 | INFO | POI encontrado: BULLISH_OB @ 1.37536 | Score: 80 | TF: H1
2025-08-05 10:05:22 | INFO | POI encontrado: BULLISH_OB @ 1.38129 | Score: 80 | TF: H1
2025-08-05 10:05:22 | INFO | POI encontrado: BEARISH_OB @ 1.38490 | Score: 80 | TF: H1
2025-08-05 10:05:22 | INFO | POI encontrado: BEARISH_OB @ 1.38729 | Score: 80 | TF: H1
2025-08-05 10:05:22 | INFO | POI encontrado: BEARISH_OB @ 1.38677 | Score: 80 | TF: H1
2025-08-05 10:05:22 | INFO | POIs detectados: 10 total en análisis integral
2025-08-05 10:05:50 | INFO | POI encontrado: BULLISH_OB @ 1.37905 | Score: 80 | TF: M5
2025-08-05 10:05:50 | INFO | POI encontrado: BULLISH_OB @ 1.36741 | Score: 80 | TF: H1
2025-08-05 10:05:50 | INFO | POI encontrado: BULLISH_OB @ 1.36981 | Score: 80 | TF: H1
2025-08-05 10:05:50 | INFO | POI encontrado: BULLISH_OB @ 1.37189 | Score: 80 | TF: H1
2025-08-05 10:05:50 | INFO | POI encontrado: BULLISH_OB @ 1.37339 | Score: 80 | TF: H1
2025-08-05 10:05:50 | INFO | POI encontrado: BULLISH_OB @ 1.37536 | Score: 80 | TF: H1
2025-08-05 10:05:50 | INFO | POI encontrado: BULLISH_OB @ 1.38129 | Score: 80 | TF: H1
2025-08-05 10:05:50 | INFO | POI encontrado: BEARISH_OB @ 1.38490 | Score: 80 | TF: H1
2025-08-05 10:05:50 | INFO | POI encontrado: BEARISH_OB @ 1.38729 | Score: 80 | TF: H1
2025-08-05 10:05:50 | INFO | POI encontrado: BEARISH_OB @ 1.38677 | Score: 80 | TF: H1
2025-08-05 10:05:50 | INFO | POIs detectados: 10 total en análisis integral
2025-08-05 10:06:20 | INFO | POI encontrado: BULLISH_OB @ 1.37905 | Score: 80 | TF: M5
2025-08-05 10:06:20 | INFO | POI encontrado: BULLISH_OB @ 1.36741 | Score: 80 | TF: H1
2025-08-05 10:06:20 | INFO | POI encontrado: BULLISH_OB @ 1.36981 | Score: 80 | TF: H1
2025-08-05 10:06:20 | INFO | POI encontrado: BULLISH_OB @ 1.37189 | Score: 80 | TF: H1
2025-08-05 10:06:20 | INFO | POI encontrado: BULLISH_OB @ 1.37339 | Score: 80 | TF: H1
2025-08-05 10:06:20 | INFO | POI encontrado: BULLISH_OB @ 1.37536 | Score: 80 | TF: H1
2025-08-05 10:06:20 | INFO | POI encontrado: BULLISH_OB @ 1.38129 | Score: 80 | TF: H1
2025-08-05 10:06:20 | INFO | POI encontrado: BEARISH_OB @ 1.38490 | Score: 80 | TF: H1
2025-08-05 10:06:20 | INFO | POI encontrado: BEARISH_OB @ 1.38729 | Score: 80 | TF: H1
2025-08-05 10:06:20 | INFO | POI encontrado: BEARISH_OB @ 1.38677 | Score: 80 | TF: H1
2025-08-05 10:06:20 | INFO | POIs detectados: 10 total en análisis integral
2025-08-05 10:06:50 | INFO | POI encontrado: BULLISH_OB @ 1.37905 | Score: 80 | TF: M5
2025-08-05 10:06:50 | INFO | POI encontrado: BULLISH_OB @ 1.36741 | Score: 80 | TF: H1
2025-08-05 10:06:50 | INFO | POI encontrado: BULLISH_OB @ 1.36981 | Score: 80 | TF: H1
2025-08-05 10:06:50 | INFO | POI encontrado: BULLISH_OB @ 1.37189 | Score: 80 | TF: H1
2025-08-05 10:06:50 | INFO | POI encontrado: BULLISH_OB @ 1.37339 | Score: 80 | TF: H1
2025-08-05 10:06:50 | INFO | POI encontrado: BULLISH_OB @ 1.37536 | Score: 80 | TF: H1
2025-08-05 10:06:50 | INFO | POI encontrado: BULLISH_OB @ 1.38129 | Score: 80 | TF: H1
2025-08-05 10:06:50 | INFO | POI encontrado: BEARISH_OB @ 1.38490 | Score: 80 | TF: H1
2025-08-05 10:06:50 | INFO | POI encontrado: BEARISH_OB @ 1.38729 | Score: 80 | TF: H1
2025-08-05 10:06:50 | INFO | POI encontrado: BEARISH_OB @ 1.38677 | Score: 80 | TF: H1
2025-08-05 10:06:50 | INFO | POIs detectados: 10 total en análisis integral
2025-08-05 10:07:20 | INFO | POI encontrado: BULLISH_OB @ 1.37905 | Score: 80 | TF: M5
2025-08-05 10:07:20 | INFO | POI encontrado: BULLISH_OB @ 1.36741 | Score: 80 | TF: H1
2025-08-05 10:07:20 | INFO | POI encontrado: BULLISH_OB @ 1.36981 | Score: 80 | TF: H1
2025-08-05 10:07:20 | INFO | POI encontrado: BULLISH_OB @ 1.37189 | Score: 80 | TF: H1
2025-08-05 10:07:20 | INFO | POI encontrado: BULLISH_OB @ 1.37339 | Score: 80 | TF: H1
2025-08-05 10:07:20 | INFO | POI encontrado: BULLISH_OB @ 1.37536 | Score: 80 | TF: H1
2025-08-05 10:07:20 | INFO | POI encontrado: BULLISH_OB @ 1.38129 | Score: 80 | TF: H1
2025-08-05 10:07:20 | INFO | POI encontrado: BEARISH_OB @ 1.38490 | Score: 80 | TF: H1
2025-08-05 10:07:20 | INFO | POI encontrado: BEARISH_OB @ 1.38729 | Score: 80 | TF: H1
2025-08-05 10:07:20 | INFO | POI encontrado: BEARISH_OB @ 1.38677 | Score: 80 | TF: H1
2025-08-05 10:07:20 | INFO | POIs detectados: 10 total en análisis integral
2025-08-05 10:07:50 | INFO | POI encontrado: BULLISH_OB @ 1.37905 | Score: 80 | TF: M5
2025-08-05 10:07:50 | INFO | POI encontrado: BULLISH_OB @ 1.36741 | Score: 80 | TF: H1
2025-08-05 10:07:50 | INFO | POI encontrado: BULLISH_OB @ 1.36981 | Score: 80 | TF: H1
2025-08-05 10:07:50 | INFO | POI encontrado: BULLISH_OB @ 1.37189 | Score: 80 | TF: H1
2025-08-05 10:07:50 | INFO | POI encontrado: BULLISH_OB @ 1.37339 | Score: 80 | TF: H1
2025-08-05 10:07:50 | INFO | POI encontrado: BULLISH_OB @ 1.37536 | Score: 80 | TF: H1
2025-08-05 10:07:50 | INFO | POI encontrado: BULLISH_OB @ 1.38129 | Score: 80 | TF: H1
2025-08-05 10:07:50 | INFO | POI encontrado: BEARISH_OB @ 1.38490 | Score: 80 | TF: H1
2025-08-05 10:07:50 | INFO | POI encontrado: BEARISH_OB @ 1.38729 | Score: 80 | TF: H1
2025-08-05 10:07:50 | INFO | POI encontrado: BEARISH_OB @ 1.38677 | Score: 80 | TF: H1
2025-08-05 10:07:50 | INFO | POIs detectados: 10 total en análisis integral
2025-08-05 10:08:20 | INFO | POI encontrado: BULLISH_OB @ 1.37905 | Score: 80 | TF: M5
2025-08-05 10:08:20 | INFO | POI encontrado: BULLISH_OB @ 1.36741 | Score: 80 | TF: H1
2025-08-05 10:08:20 | INFO | POI encontrado: BULLISH_OB @ 1.36981 | Score: 80 | TF: H1
2025-08-05 10:08:20 | INFO | POI encontrado: BULLISH_OB @ 1.37189 | Score: 80 | TF: H1
2025-08-05 10:08:20 | INFO | POI encontrado: BULLISH_OB @ 1.37339 | Score: 80 | TF: H1
2025-08-05 10:08:20 | INFO | POI encontrado: BULLISH_OB @ 1.37536 | Score: 80 | TF: H1
2025-08-05 10:08:20 | INFO | POI encontrado: BULLISH_OB @ 1.38129 | Score: 80 | TF: H1
2025-08-05 10:08:20 | INFO | POI encontrado: BEARISH_OB @ 1.38490 | Score: 80 | TF: H1
2025-08-05 10:08:20 | INFO | POI encontrado: BEARISH_OB @ 1.38729 | Score: 80 | TF: H1
2025-08-05 10:08:20 | INFO | POI encontrado: BEARISH_OB @ 1.38677 | Score: 80 | TF: H1
2025-08-05 10:08:20 | INFO | POIs detectados: 10 total en análisis integral
2025-08-05 10:08:50 | INFO | POI encontrado: BULLISH_OB @ 1.37905 | Score: 80 | TF: M5
2025-08-05 10:08:50 | INFO | POI encontrado: BULLISH_OB @ 1.36741 | Score: 80 | TF: H1
2025-08-05 10:08:50 | INFO | POI encontrado: BULLISH_OB @ 1.36981 | Score: 80 | TF: H1
2025-08-05 10:08:50 | INFO | POI encontrado: BULLISH_OB @ 1.37189 | Score: 80 | TF: H1
2025-08-05 10:08:50 | INFO | POI encontrado: BULLISH_OB @ 1.37339 | Score: 80 | TF: H1
2025-08-05 10:08:50 | INFO | POI encontrado: BULLISH_OB @ 1.37536 | Score: 80 | TF: H1
2025-08-05 10:08:50 | INFO | POI encontrado: BULLISH_OB @ 1.38129 | Score: 80 | TF: H1
2025-08-05 10:08:50 | INFO | POI encontrado: BEARISH_OB @ 1.38490 | Score: 80 | TF: H1
2025-08-05 10:08:50 | INFO | POI encontrado: BEARISH_OB @ 1.38729 | Score: 80 | TF: H1
2025-08-05 10:08:50 | INFO | POI encontrado: BEARISH_OB @ 1.38677 | Score: 80 | TF: H1
2025-08-05 10:08:50 | INFO | POIs detectados: 10 total en análisis integral
2025-08-05 10:09:20 | INFO | POI encontrado: BULLISH_OB @ 1.37905 | Score: 80 | TF: M5
2025-08-05 10:09:20 | INFO | POI encontrado: BULLISH_OB @ 1.36741 | Score: 80 | TF: H1
2025-08-05 10:09:20 | INFO | POI encontrado: BULLISH_OB @ 1.36981 | Score: 80 | TF: H1
2025-08-05 10:09:20 | INFO | POI encontrado: BULLISH_OB @ 1.37189 | Score: 80 | TF: H1
2025-08-05 10:09:20 | INFO | POI encontrado: BULLISH_OB @ 1.37339 | Score: 80 | TF: H1
2025-08-05 10:09:20 | INFO | POI encontrado: BULLISH_OB @ 1.37536 | Score: 80 | TF: H1
2025-08-05 10:09:20 | INFO | POI encontrado: BULLISH_OB @ 1.38129 | Score: 80 | TF: H1
2025-08-05 10:09:20 | INFO | POI encontrado: BEARISH_OB @ 1.38490 | Score: 80 | TF: H1
2025-08-05 10:09:20 | INFO | POI encontrado: BEARISH_OB @ 1.38729 | Score: 80 | TF: H1
2025-08-05 10:09:20 | INFO | POI encontrado: BEARISH_OB @ 1.38677 | Score: 80 | TF: H1
2025-08-05 10:09:20 | INFO | POIs detectados: 10 total en análisis integral
2025-08-05 10:09:50 | INFO | POI encontrado: BULLISH_OB @ 1.37905 | Score: 80 | TF: M5
2025-08-05 10:09:50 | INFO | POI encontrado: BULLISH_OB @ 1.36741 | Score: 80 | TF: H1
2025-08-05 10:09:50 | INFO | POI encontrado: BULLISH_OB @ 1.36981 | Score: 80 | TF: H1
2025-08-05 10:09:50 | INFO | POI encontrado: BULLISH_OB @ 1.37189 | Score: 80 | TF: H1
2025-08-05 10:09:50 | INFO | POI encontrado: BULLISH_OB @ 1.37339 | Score: 80 | TF: H1
2025-08-05 10:09:50 | INFO | POI encontrado: BULLISH_OB @ 1.37536 | Score: 80 | TF: H1
2025-08-05 10:09:50 | INFO | POI encontrado: BULLISH_OB @ 1.38129 | Score: 80 | TF: H1
2025-08-05 10:09:50 | INFO | POI encontrado: BEARISH_OB @ 1.38490 | Score: 80 | TF: H1
2025-08-05 10:09:50 | INFO | POI encontrado: BEARISH_OB @ 1.38729 | Score: 80 | TF: H1
2025-08-05 10:09:50 | INFO | POI encontrado: BEARISH_OB @ 1.38677 | Score: 80 | TF: H1
2025-08-05 10:09:50 | INFO | POIs detectados: 10 total en análisis integral
2025-08-05 10:10:20 | INFO | POI encontrado: BULLISH_OB @ 1.37905 | Score: 80 | TF: M5
2025-08-05 10:10:20 | INFO | POI encontrado: BULLISH_OB @ 1.36741 | Score: 80 | TF: H1
2025-08-05 10:10:20 | INFO | POI encontrado: BULLISH_OB @ 1.36981 | Score: 80 | TF: H1
2025-08-05 10:10:20 | INFO | POI encontrado: BULLISH_OB @ 1.37189 | Score: 80 | TF: H1
2025-08-05 10:10:20 | INFO | POI encontrado: BULLISH_OB @ 1.37339 | Score: 80 | TF: H1
2025-08-05 10:10:20 | INFO | POI encontrado: BULLISH_OB @ 1.37536 | Score: 80 | TF: H1
2025-08-05 10:10:20 | INFO | POI encontrado: BULLISH_OB @ 1.38129 | Score: 80 | TF: H1
2025-08-05 10:10:20 | INFO | POI encontrado: BEARISH_OB @ 1.38490 | Score: 80 | TF: H1
2025-08-05 10:10:20 | INFO | POI encontrado: BEARISH_OB @ 1.38729 | Score: 80 | TF: H1
2025-08-05 10:10:20 | INFO | POI encontrado: BEARISH_OB @ 1.38677 | Score: 80 | TF: H1
2025-08-05 10:10:20 | INFO | POIs detectados: 10 total en análisis integral
2025-08-05 10:10:50 | INFO | POI encontrado: BULLISH_OB @ 1.37905 | Score: 80 | TF: M5
2025-08-05 10:10:50 | INFO | POI encontrado: BULLISH_OB @ 1.36741 | Score: 80 | TF: H1
2025-08-05 10:10:50 | INFO | POI encontrado: BULLISH_OB @ 1.36981 | Score: 80 | TF: H1
2025-08-05 10:10:50 | INFO | POI encontrado: BULLISH_OB @ 1.37189 | Score: 80 | TF: H1
2025-08-05 10:10:50 | INFO | POI encontrado: BULLISH_OB @ 1.37339 | Score: 80 | TF: H1
2025-08-05 10:10:50 | INFO | POI encontrado: BULLISH_OB @ 1.37536 | Score: 80 | TF: H1
2025-08-05 10:10:50 | INFO | POI encontrado: BULLISH_OB @ 1.38129 | Score: 80 | TF: H1
2025-08-05 10:10:50 | INFO | POI encontrado: BEARISH_OB @ 1.38490 | Score: 80 | TF: H1
2025-08-05 10:10:50 | INFO | POI encontrado: BEARISH_OB @ 1.38729 | Score: 80 | TF: H1
2025-08-05 10:10:50 | INFO | POI encontrado: BEARISH_OB @ 1.38677 | Score: 80 | TF: H1
2025-08-05 10:10:50 | INFO | POIs detectados: 10 total en análisis integral
2025-08-05 10:11:20 | INFO | POI encontrado: BULLISH_OB @ 1.37905 | Score: 80 | TF: M5
2025-08-05 10:11:20 | INFO | POI encontrado: BULLISH_OB @ 1.36741 | Score: 80 | TF: H1
2025-08-05 10:11:20 | INFO | POI encontrado: BULLISH_OB @ 1.36981 | Score: 80 | TF: H1
2025-08-05 10:11:20 | INFO | POI encontrado: BULLISH_OB @ 1.37189 | Score: 80 | TF: H1
2025-08-05 10:11:20 | INFO | POI encontrado: BULLISH_OB @ 1.37339 | Score: 80 | TF: H1
2025-08-05 10:11:20 | INFO | POI encontrado: BULLISH_OB @ 1.37536 | Score: 80 | TF: H1
2025-08-05 10:11:20 | INFO | POI encontrado: BULLISH_OB @ 1.38129 | Score: 80 | TF: H1
2025-08-05 10:11:20 | INFO | POI encontrado: BEARISH_OB @ 1.38490 | Score: 80 | TF: H1
2025-08-05 10:11:20 | INFO | POI encontrado: BEARISH_OB @ 1.38729 | Score: 80 | TF: H1
2025-08-05 10:11:20 | INFO | POI encontrado: BEARISH_OB @ 1.38677 | Score: 80 | TF: H1
2025-08-05 10:11:20 | INFO | POIs detectados: 10 total en análisis integral
2025-08-05 10:11:50 | INFO | POI encontrado: BULLISH_OB @ 1.37905 | Score: 80 | TF: M5
2025-08-05 10:11:50 | INFO | POI encontrado: BULLISH_OB @ 1.36741 | Score: 80 | TF: H1
2025-08-05 10:11:50 | INFO | POI encontrado: BULLISH_OB @ 1.36981 | Score: 80 | TF: H1
2025-08-05 10:11:50 | INFO | POI encontrado: BULLISH_OB @ 1.37189 | Score: 80 | TF: H1
2025-08-05 10:11:50 | INFO | POI encontrado: BULLISH_OB @ 1.37339 | Score: 80 | TF: H1
2025-08-05 10:11:50 | INFO | POI encontrado: BULLISH_OB @ 1.37536 | Score: 80 | TF: H1
2025-08-05 10:11:50 | INFO | POI encontrado: BULLISH_OB @ 1.38129 | Score: 80 | TF: H1
2025-08-05 10:11:50 | INFO | POI encontrado: BEARISH_OB @ 1.38490 | Score: 80 | TF: H1
2025-08-05 10:11:50 | INFO | POI encontrado: BEARISH_OB @ 1.38729 | Score: 80 | TF: H1
2025-08-05 10:11:50 | INFO | POI encontrado: BEARISH_OB @ 1.38677 | Score: 80 | TF: H1
2025-08-05 10:11:50 | INFO | POIs detectados: 10 total en análisis integral
2025-08-05 10:12:20 | INFO | POI encontrado: BULLISH_OB @ 1.37905 | Score: 80 | TF: M5
2025-08-05 10:12:20 | INFO | POI encontrado: BULLISH_OB @ 1.36741 | Score: 80 | TF: H1
2025-08-05 10:12:20 | INFO | POI encontrado: BULLISH_OB @ 1.36981 | Score: 80 | TF: H1
2025-08-05 10:12:20 | INFO | POI encontrado: BULLISH_OB @ 1.37189 | Score: 80 | TF: H1
2025-08-05 10:12:20 | INFO | POI encontrado: BULLISH_OB @ 1.37339 | Score: 80 | TF: H1
2025-08-05 10:12:20 | INFO | POI encontrado: BULLISH_OB @ 1.37536 | Score: 80 | TF: H1
2025-08-05 10:12:20 | INFO | POI encontrado: BULLISH_OB @ 1.38129 | Score: 80 | TF: H1
2025-08-05 10:12:20 | INFO | POI encontrado: BEARISH_OB @ 1.38490 | Score: 80 | TF: H1
2025-08-05 10:12:20 | INFO | POI encontrado: BEARISH_OB @ 1.38729 | Score: 80 | TF: H1
2025-08-05 10:12:20 | INFO | POI encontrado: BEARISH_OB @ 1.38677 | Score: 80 | TF: H1
2025-08-05 10:12:20 | INFO | POIs detectados: 10 total en análisis integral
2025-08-05 19:10:38 | INFO | POI encontrado: BULLISH_OB @ 1.37905 | Score: 80 | TF: M5
2025-08-05 19:10:38 | INFO | POI encontrado: BULLISH_OB @ 1.36741 | Score: 80 | TF: H1
2025-08-05 19:10:38 | INFO | POI encontrado: BULLISH_OB @ 1.36981 | Score: 80 | TF: H1
2025-08-05 19:10:38 | INFO | POI encontrado: BULLISH_OB @ 1.37189 | Score: 80 | TF: H1
2025-08-05 19:10:38 | INFO | POI encontrado: BULLISH_OB @ 1.37339 | Score: 80 | TF: H1
2025-08-05 19:10:38 | INFO | POI encontrado: BULLISH_OB @ 1.37536 | Score: 80 | TF: H1
2025-08-05 19:10:38 | INFO | POI encontrado: BULLISH_OB @ 1.38129 | Score: 80 | TF: H1
2025-08-05 19:10:38 | INFO | POI encontrado: BEARISH_OB @ 1.38490 | Score: 80 | TF: H1
2025-08-05 19:10:38 | INFO | POI encontrado: BEARISH_OB @ 1.38729 | Score: 80 | TF: H1
2025-08-05 19:10:38 | INFO | POI encontrado: BEARISH_OB @ 1.38677 | Score: 80 | TF: H1
2025-08-05 19:10:38 | INFO | POIs detectados: 10 total en análisis integral
2025-08-05 19:11:08 | INFO | POI encontrado: BULLISH_OB @ 1.37905 | Score: 80 | TF: M5
2025-08-05 19:11:08 | INFO | POI encontrado: BULLISH_OB @ 1.36741 | Score: 80 | TF: H1
2025-08-05 19:11:08 | INFO | POI encontrado: BULLISH_OB @ 1.36981 | Score: 80 | TF: H1
2025-08-05 19:11:08 | INFO | POI encontrado: BULLISH_OB @ 1.37189 | Score: 80 | TF: H1
2025-08-05 19:11:08 | INFO | POI encontrado: BULLISH_OB @ 1.37339 | Score: 80 | TF: H1
2025-08-05 19:11:08 | INFO | POI encontrado: BULLISH_OB @ 1.37536 | Score: 80 | TF: H1
2025-08-05 19:11:08 | INFO | POI encontrado: BULLISH_OB @ 1.38129 | Score: 80 | TF: H1
2025-08-05 19:11:08 | INFO | POI encontrado: BEARISH_OB @ 1.38490 | Score: 80 | TF: H1
2025-08-05 19:11:08 | INFO | POI encontrado: BEARISH_OB @ 1.38729 | Score: 80 | TF: H1
2025-08-05 19:11:08 | INFO | POI encontrado: BEARISH_OB @ 1.38677 | Score: 80 | TF: H1
2025-08-05 19:11:08 | INFO | POIs detectados: 10 total en análisis integral
2025-08-05 19:11:37 | INFO | POI encontrado: BULLISH_OB @ 1.37905 | Score: 80 | TF: M5
2025-08-05 19:11:37 | INFO | POI encontrado: BULLISH_OB @ 1.36741 | Score: 80 | TF: H1
2025-08-05 19:11:37 | INFO | POI encontrado: BULLISH_OB @ 1.36981 | Score: 80 | TF: H1
2025-08-05 19:11:37 | INFO | POI encontrado: BULLISH_OB @ 1.37189 | Score: 80 | TF: H1
2025-08-05 19:11:37 | INFO | POI encontrado: BULLISH_OB @ 1.37339 | Score: 80 | TF: H1
2025-08-05 19:11:37 | INFO | POI encontrado: BULLISH_OB @ 1.37536 | Score: 80 | TF: H1
2025-08-05 19:11:37 | INFO | POI encontrado: BULLISH_OB @ 1.38129 | Score: 80 | TF: H1
2025-08-05 19:11:37 | INFO | POI encontrado: BEARISH_OB @ 1.38490 | Score: 80 | TF: H1
2025-08-05 19:11:37 | INFO | POI encontrado: BEARISH_OB @ 1.38729 | Score: 80 | TF: H1
2025-08-05 19:11:37 | INFO | POI encontrado: BEARISH_OB @ 1.38677 | Score: 80 | TF: H1
2025-08-05 19:11:37 | INFO | POIs detectados: 10 total en análisis integral
2025-08-06 09:11:03 | INFO | POI encontrado: BULLISH_OB @ 1.37905 | Score: 80 | TF: M5
2025-08-06 09:11:03 | INFO | POI encontrado: BULLISH_OB @ 1.36741 | Score: 80 | TF: H1
2025-08-06 09:11:03 | INFO | POI encontrado: BULLISH_OB @ 1.36981 | Score: 80 | TF: H1
2025-08-06 09:11:03 | INFO | POI encontrado: BULLISH_OB @ 1.37189 | Score: 80 | TF: H1
2025-08-06 09:11:03 | INFO | POI encontrado: BULLISH_OB @ 1.37339 | Score: 80 | TF: H1
2025-08-06 09:11:03 | INFO | POI encontrado: BULLISH_OB @ 1.37536 | Score: 80 | TF: H1
2025-08-06 09:11:03 | INFO | POI encontrado: BULLISH_OB @ 1.38129 | Score: 80 | TF: H1
2025-08-06 09:11:03 | INFO | POI encontrado: BEARISH_OB @ 1.38490 | Score: 80 | TF: H1
2025-08-06 09:11:03 | INFO | POI encontrado: BEARISH_OB @ 1.38729 | Score: 80 | TF: H1
2025-08-06 09:11:03 | INFO | POI encontrado: BEARISH_OB @ 1.38677 | Score: 80 | TF: H1
2025-08-06 09:11:03 | INFO | POIs detectados: 10 total en análisis integral
2025-08-06 09:11:33 | INFO | POI encontrado: BULLISH_OB @ 1.37905 | Score: 80 | TF: M5
2025-08-06 09:11:33 | INFO | POI encontrado: BULLISH_OB @ 1.36741 | Score: 80 | TF: H1
2025-08-06 09:11:33 | INFO | POI encontrado: BULLISH_OB @ 1.36981 | Score: 80 | TF: H1
2025-08-06 09:11:33 | INFO | POI encontrado: BULLISH_OB @ 1.37189 | Score: 80 | TF: H1
2025-08-06 09:11:33 | INFO | POI encontrado: BULLISH_OB @ 1.37339 | Score: 80 | TF: H1
2025-08-06 09:11:33 | INFO | POI encontrado: BULLISH_OB @ 1.37536 | Score: 80 | TF: H1
2025-08-06 09:11:33 | INFO | POI encontrado: BULLISH_OB @ 1.38129 | Score: 80 | TF: H1
2025-08-06 09:11:33 | INFO | POI encontrado: BEARISH_OB @ 1.38490 | Score: 80 | TF: H1
2025-08-06 09:11:33 | INFO | POI encontrado: BEARISH_OB @ 1.38729 | Score: 80 | TF: H1
2025-08-06 09:11:33 | INFO | POI encontrado: BEARISH_OB @ 1.38677 | Score: 80 | TF: H1
2025-08-06 09:11:33 | INFO | POIs detectados: 10 total en análisis integral
2025-08-06 09:12:03 | INFO | POI encontrado: BULLISH_OB @ 1.37905 | Score: 80 | TF: M5
2025-08-06 09:12:03 | INFO | POI encontrado: BULLISH_OB @ 1.36741 | Score: 80 | TF: H1
2025-08-06 09:12:03 | INFO | POI encontrado: BULLISH_OB @ 1.36981 | Score: 80 | TF: H1
2025-08-06 09:12:03 | INFO | POI encontrado: BULLISH_OB @ 1.37189 | Score: 80 | TF: H1
2025-08-06 09:12:03 | INFO | POI encontrado: BULLISH_OB @ 1.37339 | Score: 80 | TF: H1
2025-08-06 09:12:03 | INFO | POI encontrado: BULLISH_OB @ 1.37536 | Score: 80 | TF: H1
2025-08-06 09:12:03 | INFO | POI encontrado: BULLISH_OB @ 1.38129 | Score: 80 | TF: H1
2025-08-06 09:12:03 | INFO | POI encontrado: BEARISH_OB @ 1.38490 | Score: 80 | TF: H1
2025-08-06 09:12:03 | INFO | POI encontrado: BEARISH_OB @ 1.38729 | Score: 80 | TF: H1
2025-08-06 09:12:03 | INFO | POI encontrado: BEARISH_OB @ 1.38677 | Score: 80 | TF: H1
2025-08-06 09:12:03 | INFO | POIs detectados: 10 total en análisis integral
2025-08-06 09:12:33 | INFO | POI encontrado: BULLISH_OB @ 1.37905 | Score: 80 | TF: M5
2025-08-06 09:12:33 | INFO | POI encontrado: BULLISH_OB @ 1.36741 | Score: 80 | TF: H1
2025-08-06 09:12:33 | INFO | POI encontrado: BULLISH_OB @ 1.36981 | Score: 80 | TF: H1
2025-08-06 09:12:33 | INFO | POI encontrado: BULLISH_OB @ 1.37189 | Score: 80 | TF: H1
2025-08-06 09:12:33 | INFO | POI encontrado: BULLISH_OB @ 1.37339 | Score: 80 | TF: H1
2025-08-06 09:12:33 | INFO | POI encontrado: BULLISH_OB @ 1.37536 | Score: 80 | TF: H1
2025-08-06 09:12:33 | INFO | POI encontrado: BULLISH_OB @ 1.38129 | Score: 80 | TF: H1
2025-08-06 09:12:33 | INFO | POI encontrado: BEARISH_OB @ 1.38490 | Score: 80 | TF: H1
2025-08-06 09:12:33 | INFO | POI encontrado: BEARISH_OB @ 1.38729 | Score: 80 | TF: H1
2025-08-06 09:12:33 | INFO | POI encontrado: BEARISH_OB @ 1.38677 | Score: 80 | TF: H1
2025-08-06 09:12:33 | INFO | POIs detectados: 10 total en análisis integral
2025-08-06 09:13:03 | INFO | POI encontrado: BULLISH_OB @ 1.37905 | Score: 80 | TF: M5
2025-08-06 09:13:03 | INFO | POI encontrado: BULLISH_OB @ 1.36741 | Score: 80 | TF: H1
2025-08-06 09:13:03 | INFO | POI encontrado: BULLISH_OB @ 1.36981 | Score: 80 | TF: H1
2025-08-06 09:13:03 | INFO | POI encontrado: BULLISH_OB @ 1.37189 | Score: 80 | TF: H1
2025-08-06 09:13:03 | INFO | POI encontrado: BULLISH_OB @ 1.37339 | Score: 80 | TF: H1
2025-08-06 09:13:03 | INFO | POI encontrado: BULLISH_OB @ 1.37536 | Score: 80 | TF: H1
2025-08-06 09:13:03 | INFO | POI encontrado: BULLISH_OB @ 1.38129 | Score: 80 | TF: H1
2025-08-06 09:13:03 | INFO | POI encontrado: BEARISH_OB @ 1.38490 | Score: 80 | TF: H1
2025-08-06 09:13:03 | INFO | POI encontrado: BEARISH_OB @ 1.38729 | Score: 80 | TF: H1
2025-08-06 09:13:03 | INFO | POI encontrado: BEARISH_OB @ 1.38677 | Score: 80 | TF: H1
2025-08-06 09:13:03 | INFO | POIs detectados: 10 total en análisis integral
2025-08-06 09:13:33 | INFO | POI encontrado: BULLISH_OB @ 1.37905 | Score: 80 | TF: M5
2025-08-06 09:13:33 | INFO | POI encontrado: BULLISH_OB @ 1.36741 | Score: 80 | TF: H1
2025-08-06 09:13:33 | INFO | POI encontrado: BULLISH_OB @ 1.36981 | Score: 80 | TF: H1
2025-08-06 09:13:33 | INFO | POI encontrado: BULLISH_OB @ 1.37189 | Score: 80 | TF: H1
2025-08-06 09:13:33 | INFO | POI encontrado: BULLISH_OB @ 1.37339 | Score: 80 | TF: H1
2025-08-06 09:13:33 | INFO | POI encontrado: BULLISH_OB @ 1.37536 | Score: 80 | TF: H1
2025-08-06 09:13:33 | INFO | POI encontrado: BULLISH_OB @ 1.38129 | Score: 80 | TF: H1
2025-08-06 09:13:33 | INFO | POI encontrado: BEARISH_OB @ 1.38490 | Score: 80 | TF: H1
2025-08-06 09:13:33 | INFO | POI encontrado: BEARISH_OB @ 1.38729 | Score: 80 | TF: H1
2025-08-06 09:13:33 | INFO | POI encontrado: BEARISH_OB @ 1.38677 | Score: 80 | TF: H1
2025-08-06 09:13:33 | INFO | POIs detectados: 10 total en análisis integral
2025-08-06 09:14:03 | INFO | POI encontrado: BULLISH_OB @ 1.37905 | Score: 80 | TF: M5
2025-08-06 09:14:03 | INFO | POI encontrado: BULLISH_OB @ 1.36741 | Score: 80 | TF: H1
2025-08-06 09:14:03 | INFO | POI encontrado: BULLISH_OB @ 1.36981 | Score: 80 | TF: H1
2025-08-06 09:14:03 | INFO | POI encontrado: BULLISH_OB @ 1.37189 | Score: 80 | TF: H1
2025-08-06 09:14:03 | INFO | POI encontrado: BULLISH_OB @ 1.37339 | Score: 80 | TF: H1
2025-08-06 09:14:03 | INFO | POI encontrado: BULLISH_OB @ 1.37536 | Score: 80 | TF: H1
2025-08-06 09:14:03 | INFO | POI encontrado: BULLISH_OB @ 1.38129 | Score: 80 | TF: H1
2025-08-06 09:14:03 | INFO | POI encontrado: BEARISH_OB @ 1.38490 | Score: 80 | TF: H1
2025-08-06 09:14:03 | INFO | POI encontrado: BEARISH_OB @ 1.38729 | Score: 80 | TF: H1
2025-08-06 09:14:03 | INFO | POI encontrado: BEARISH_OB @ 1.38677 | Score: 80 | TF: H1
2025-08-06 09:14:03 | INFO | POIs detectados: 10 total en análisis integral
2025-08-06 09:14:34 | INFO | POI encontrado: BULLISH_OB @ 1.37905 | Score: 80 | TF: M5
2025-08-06 09:14:34 | INFO | POI encontrado: BULLISH_OB @ 1.36741 | Score: 80 | TF: H1
2025-08-06 09:14:34 | INFO | POI encontrado: BULLISH_OB @ 1.36981 | Score: 80 | TF: H1
2025-08-06 09:14:34 | INFO | POI encontrado: BULLISH_OB @ 1.37189 | Score: 80 | TF: H1
2025-08-06 09:14:34 | INFO | POI encontrado: BULLISH_OB @ 1.37339 | Score: 80 | TF: H1
2025-08-06 09:14:34 | INFO | POI encontrado: BULLISH_OB @ 1.37536 | Score: 80 | TF: H1
2025-08-06 09:14:34 | INFO | POI encontrado: BULLISH_OB @ 1.38129 | Score: 80 | TF: H1
2025-08-06 09:14:34 | INFO | POI encontrado: BEARISH_OB @ 1.38490 | Score: 80 | TF: H1
2025-08-06 09:14:34 | INFO | POI encontrado: BEARISH_OB @ 1.38729 | Score: 80 | TF: H1
2025-08-06 09:14:34 | INFO | POI encontrado: BEARISH_OB @ 1.38677 | Score: 80 | TF: H1
2025-08-06 09:14:34 | INFO | POIs detectados: 10 total en análisis integral
2025-08-06 09:15:04 | INFO | POI encontrado: BULLISH_OB @ 1.37905 | Score: 80 | TF: M5
2025-08-06 09:15:04 | INFO | POI encontrado: BULLISH_OB @ 1.36741 | Score: 80 | TF: H1
2025-08-06 09:15:04 | INFO | POI encontrado: BULLISH_OB @ 1.36981 | Score: 80 | TF: H1
2025-08-06 09:15:04 | INFO | POI encontrado: BULLISH_OB @ 1.37189 | Score: 80 | TF: H1
2025-08-06 09:15:04 | INFO | POI encontrado: BULLISH_OB @ 1.37339 | Score: 80 | TF: H1
2025-08-06 09:15:04 | INFO | POI encontrado: BULLISH_OB @ 1.37536 | Score: 80 | TF: H1
2025-08-06 09:15:04 | INFO | POI encontrado: BULLISH_OB @ 1.38129 | Score: 80 | TF: H1
2025-08-06 09:15:04 | INFO | POI encontrado: BEARISH_OB @ 1.38490 | Score: 80 | TF: H1
2025-08-06 09:15:04 | INFO | POI encontrado: BEARISH_OB @ 1.38729 | Score: 80 | TF: H1
2025-08-06 09:15:04 | INFO | POI encontrado: BEARISH_OB @ 1.38677 | Score: 80 | TF: H1
2025-08-06 09:15:04 | INFO | POIs detectados: 10 total en análisis integral
