[2025-08-09 16:21:30.128] [ICT_Dashboard_BlackBox_render] [INFO] [track_render_method:204] RENDER_SUCCESS | render_header_info | Length: 195 | Preview: [bold cyan]ICT ENGINE v6.1 ENTERPRISE DASHBOARD[/bold cyan]
Session: ICT_ENTERPRISE_20250809_162129 
[2025-08-09 16:21:30.229] [ICT_Dashboard_BlackBox_render] [INFO] [track_render_method:204] RENDER_SUCCESS | render_ict_detectors | Length: 2237 | Preview: [bold cyan]🔍 DETECTORES ICT - ANÁLISIS DETALLADO[/bold cyan]

[bold white]ESTADO DE MÓDULOS ICT:[/bo
[2025-08-09 16:21:30.232] [ICT_Dashboard_BlackBox_render] [INFO] [track_render_method:204] RENDER_SUCCESS | render_performance_metrics | Length: 1850 | Preview: [bold cyan]⚡ PERFORMANCE & MÉTRICAS DEL SISTEMA[/bold cyan]

[bold white]VELOCIDAD DE PROCESAMIENTO:
[2025-08-09 16:21:30.236] [ICT_Dashboard_BlackBox_render] [INFO] [track_render_method:204] RENDER_SUCCESS | render_technical_analysis | Length: 1622 | Preview: [bold cyan]📈 ANÁLISIS TÉCNICO AVANZADO[/bold cyan]

[bold white]ESTADÍSTICAS DE PATTERNS DETECTADOS:
[2025-08-09 16:21:30.238] [ICT_Dashboard_BlackBox_render] [INFO] [track_render_method:204] RENDER_SUCCESS | render_reports_export | Length: 1984 | Preview: [bold cyan]📋 REPORTES & EXPORTACIÓN ENTERPRISE[/bold cyan]

[bold white]INFORMACIÓN DE SESIÓN:[/bold
[2025-08-09 16:21:30.243] [ICT_Dashboard_BlackBox_render] [INFO] [track_render_method:204] RENDER_SUCCESS | render_header_info | Length: 195 | Preview: [bold cyan]ICT ENGINE v6.1 ENTERPRISE DASHBOARD[/bold cyan]
Session: ICT_ENTERPRISE_20250809_162129 
[2025-08-09 16:21:30.351] [ICT_Dashboard_BlackBox_render] [INFO] [track_render_method:204] RENDER_SUCCESS | render_ict_detectors | Length: 2237 | Preview: [bold cyan]🔍 DETECTORES ICT - ANÁLISIS DETALLADO[/bold cyan]

[bold white]ESTADO DE MÓDULOS ICT:[/bo
[2025-08-09 16:21:30.353] [ICT_Dashboard_BlackBox_render] [INFO] [track_render_method:204] RENDER_SUCCESS | render_performance_metrics | Length: 1851 | Preview: [bold cyan]⚡ PERFORMANCE & MÉTRICAS DEL SISTEMA[/bold cyan]

[bold white]VELOCIDAD DE PROCESAMIENTO:
[2025-08-09 16:21:30.354] [ICT_Dashboard_BlackBox_render] [INFO] [track_render_method:204] RENDER_SUCCESS | render_technical_analysis | Length: 1622 | Preview: [bold cyan]📈 ANÁLISIS TÉCNICO AVANZADO[/bold cyan]

[bold white]ESTADÍSTICAS DE PATTERNS DETECTADOS:
[2025-08-09 16:21:30.356] [ICT_Dashboard_BlackBox_render] [INFO] [track_render_method:204] RENDER_SUCCESS | render_reports_export | Length: 1984 | Preview: [bold cyan]📋 REPORTES & EXPORTACIÓN ENTERPRISE[/bold cyan]

[bold white]INFORMACIÓN DE SESIÓN:[/bold
[2025-08-09 16:21:30.468] [ICT_Dashboard_BlackBox_render] [INFO] [track_render_method:204] RENDER_SUCCESS | render_header_info | Length: 195 | Preview: [bold cyan]ICT ENGINE v6.1 ENTERPRISE DASHBOARD[/bold cyan]
Session: ICT_ENTERPRISE_20250809_162129 
[2025-08-09 16:21:30.556] [ICT_Dashboard_BlackBox_render] [INFO] [track_render_method:204] RENDER_SUCCESS | render_ict_detectors | Length: 2237 | Preview: [bold cyan]🔍 DETECTORES ICT - ANÁLISIS DETALLADO[/bold cyan]

[bold white]ESTADO DE MÓDULOS ICT:[/bo
[2025-08-09 16:21:30.558] [ICT_Dashboard_BlackBox_render] [INFO] [track_render_method:204] RENDER_SUCCESS | render_performance_metrics | Length: 1852 | Preview: [bold cyan]⚡ PERFORMANCE & MÉTRICAS DEL SISTEMA[/bold cyan]

[bold white]VELOCIDAD DE PROCESAMIENTO:
[2025-08-09 16:21:30.560] [ICT_Dashboard_BlackBox_render] [INFO] [track_render_method:204] RENDER_SUCCESS | render_technical_analysis | Length: 1621 | Preview: [bold cyan]📈 ANÁLISIS TÉCNICO AVANZADO[/bold cyan]

[bold white]ESTADÍSTICAS DE PATTERNS DETECTADOS:
[2025-08-09 16:21:30.561] [ICT_Dashboard_BlackBox_render] [INFO] [track_render_method:204] RENDER_SUCCESS | render_reports_export | Length: 1987 | Preview: [bold cyan]📋 REPORTES & EXPORTACIÓN ENTERPRISE[/bold cyan]

[bold white]INFORMACIÓN DE SESIÓN:[/bold
[2025-08-09 16:21:30.667] [ICT_Dashboard_BlackBox_render] [INFO] [track_render_method:204] RENDER_SUCCESS | render_header_info | Length: 196 | Preview: [bold cyan]ICT ENGINE v6.1 ENTERPRISE DASHBOARD[/bold cyan]
Session: ICT_ENTERPRISE_20250809_162129 
[2025-08-09 16:21:30.763] [ICT_Dashboard_BlackBox_render] [INFO] [track_render_method:204] RENDER_SUCCESS | render_ict_detectors | Length: 2237 | Preview: [bold cyan]🔍 DETECTORES ICT - ANÁLISIS DETALLADO[/bold cyan]

[bold white]ESTADO DE MÓDULOS ICT:[/bo
[2025-08-09 16:21:30.764] [ICT_Dashboard_BlackBox_render] [INFO] [track_render_method:204] RENDER_SUCCESS | render_performance_metrics | Length: 1852 | Preview: [bold cyan]⚡ PERFORMANCE & MÉTRICAS DEL SISTEMA[/bold cyan]

[bold white]VELOCIDAD DE PROCESAMIENTO:
[2025-08-09 16:21:30.767] [ICT_Dashboard_BlackBox_render] [INFO] [track_render_method:204] RENDER_SUCCESS | render_technical_analysis | Length: 1621 | Preview: [bold cyan]📈 ANÁLISIS TÉCNICO AVANZADO[/bold cyan]

[bold white]ESTADÍSTICAS DE PATTERNS DETECTADOS:
[2025-08-09 16:21:30.769] [ICT_Dashboard_BlackBox_render] [INFO] [track_render_method:204] RENDER_SUCCESS | render_reports_export | Length: 1987 | Preview: [bold cyan]📋 REPORTES & EXPORTACIÓN ENTERPRISE[/bold cyan]

[bold white]INFORMACIÓN DE SESIÓN:[/bold
[2025-08-09 16:21:30.883] [ICT_Dashboard_BlackBox_render] [INFO] [track_render_method:204] RENDER_SUCCESS | render_header_info | Length: 196 | Preview: [bold cyan]ICT ENGINE v6.1 ENTERPRISE DASHBOARD[/bold cyan]
Session: ICT_ENTERPRISE_20250809_162129 
[2025-08-09 16:21:30.992] [ICT_Dashboard_BlackBox_render] [INFO] [track_render_method:204] RENDER_SUCCESS | render_ict_detectors | Length: 2237 | Preview: [bold cyan]🔍 DETECTORES ICT - ANÁLISIS DETALLADO[/bold cyan]

[bold white]ESTADO DE MÓDULOS ICT:[/bo
[2025-08-09 16:21:30.993] [ICT_Dashboard_BlackBox_render] [INFO] [track_render_method:204] RENDER_SUCCESS | render_performance_metrics | Length: 1852 | Preview: [bold cyan]⚡ PERFORMANCE & MÉTRICAS DEL SISTEMA[/bold cyan]

[bold white]VELOCIDAD DE PROCESAMIENTO:
[2025-08-09 16:21:30.995] [ICT_Dashboard_BlackBox_render] [INFO] [track_render_method:204] RENDER_SUCCESS | render_technical_analysis | Length: 1621 | Preview: [bold cyan]📈 ANÁLISIS TÉCNICO AVANZADO[/bold cyan]

[bold white]ESTADÍSTICAS DE PATTERNS DETECTADOS:
[2025-08-09 16:21:30.996] [ICT_Dashboard_BlackBox_render] [INFO] [track_render_method:204] RENDER_SUCCESS | render_reports_export | Length: 1987 | Preview: [bold cyan]📋 REPORTES & EXPORTACIÓN ENTERPRISE[/bold cyan]

[bold white]INFORMACIÓN DE SESIÓN:[/bold
[2025-08-09 16:21:31.051] [ICT_Dashboard_BlackBox_render] [INFO] [track_render_method:204] RENDER_SUCCESS | render_header_info | Length: 196 | Preview: [bold cyan]ICT ENGINE v6.1 ENTERPRISE DASHBOARD[/bold cyan]
Session: ICT_ENTERPRISE_20250809_162129 
[2025-08-09 16:21:31.132] [ICT_Dashboard_BlackBox_render] [INFO] [track_render_method:204] RENDER_SUCCESS | render_ict_detectors | Length: 2237 | Preview: [bold cyan]🔍 DETECTORES ICT - ANÁLISIS DETALLADO[/bold cyan]

[bold white]ESTADO DE MÓDULOS ICT:[/bo
[2025-08-09 16:21:31.134] [ICT_Dashboard_BlackBox_render] [INFO] [track_render_method:204] RENDER_SUCCESS | render_performance_metrics | Length: 1853 | Preview: [bold cyan]⚡ PERFORMANCE & MÉTRICAS DEL SISTEMA[/bold cyan]

[bold white]VELOCIDAD DE PROCESAMIENTO:
[2025-08-09 16:21:31.135] [ICT_Dashboard_BlackBox_render] [INFO] [track_render_method:204] RENDER_SUCCESS | render_technical_analysis | Length: 1621 | Preview: [bold cyan]📈 ANÁLISIS TÉCNICO AVANZADO[/bold cyan]

[bold white]ESTADÍSTICAS DE PATTERNS DETECTADOS:
[2025-08-09 16:21:31.137] [ICT_Dashboard_BlackBox_render] [INFO] [track_render_method:204] RENDER_SUCCESS | render_reports_export | Length: 1987 | Preview: [bold cyan]📋 REPORTES & EXPORTACIÓN ENTERPRISE[/bold cyan]

[bold white]INFORMACIÓN DE SESIÓN:[/bold
[2025-08-09 16:21:32.050] [ICT_Dashboard_BlackBox_render] [INFO] [track_render_method:204] RENDER_SUCCESS | render_header_info | Length: 196 | Preview: [bold cyan]ICT ENGINE v6.1 ENTERPRISE DASHBOARD[/bold cyan]
Session: ICT_ENTERPRISE_20250809_162129 
[2025-08-09 16:21:32.143] [ICT_Dashboard_BlackBox_render] [INFO] [track_render_method:204] RENDER_SUCCESS | render_ict_detectors | Length: 2237 | Preview: [bold cyan]🔍 DETECTORES ICT - ANÁLISIS DETALLADO[/bold cyan]

[bold white]ESTADO DE MÓDULOS ICT:[/bo
[2025-08-09 16:21:32.145] [ICT_Dashboard_BlackBox_render] [INFO] [track_render_method:204] RENDER_SUCCESS | render_performance_metrics | Length: 1849 | Preview: [bold cyan]⚡ PERFORMANCE & MÉTRICAS DEL SISTEMA[/bold cyan]

[bold white]VELOCIDAD DE PROCESAMIENTO:
[2025-08-09 16:21:32.147] [ICT_Dashboard_BlackBox_render] [INFO] [track_render_method:204] RENDER_SUCCESS | render_technical_analysis | Length: 1621 | Preview: [bold cyan]📈 ANÁLISIS TÉCNICO AVANZADO[/bold cyan]

[bold white]ESTADÍSTICAS DE PATTERNS DETECTADOS:
[2025-08-09 16:21:32.148] [ICT_Dashboard_BlackBox_render] [INFO] [track_render_method:204] RENDER_SUCCESS | render_reports_export | Length: 1987 | Preview: [bold cyan]📋 REPORTES & EXPORTACIÓN ENTERPRISE[/bold cyan]

[bold white]INFORMACIÓN DE SESIÓN:[/bold
[2025-08-09 16:21:33.085] [ICT_Dashboard_BlackBox_render] [INFO] [track_render_method:204] RENDER_SUCCESS | render_header_info | Length: 196 | Preview: [bold cyan]ICT ENGINE v6.1 ENTERPRISE DASHBOARD[/bold cyan]
Session: ICT_ENTERPRISE_20250809_162129 
[2025-08-09 16:21:33.169] [ICT_Dashboard_BlackBox_render] [INFO] [track_render_method:204] RENDER_SUCCESS | render_ict_detectors | Length: 2237 | Preview: [bold cyan]🔍 DETECTORES ICT - ANÁLISIS DETALLADO[/bold cyan]

[bold white]ESTADO DE MÓDULOS ICT:[/bo
[2025-08-09 16:21:33.171] [ICT_Dashboard_BlackBox_render] [INFO] [track_render_method:204] RENDER_SUCCESS | render_performance_metrics | Length: 1846 | Preview: [bold cyan]⚡ PERFORMANCE & MÉTRICAS DEL SISTEMA[/bold cyan]

[bold white]VELOCIDAD DE PROCESAMIENTO:
[2025-08-09 16:21:33.173] [ICT_Dashboard_BlackBox_render] [INFO] [track_render_method:204] RENDER_SUCCESS | render_technical_analysis | Length: 1621 | Preview: [bold cyan]📈 ANÁLISIS TÉCNICO AVANZADO[/bold cyan]

[bold white]ESTADÍSTICAS DE PATTERNS DETECTADOS:
[2025-08-09 16:21:33.175] [ICT_Dashboard_BlackBox_render] [INFO] [track_render_method:204] RENDER_SUCCESS | render_reports_export | Length: 1987 | Preview: [bold cyan]📋 REPORTES & EXPORTACIÓN ENTERPRISE[/bold cyan]

[bold white]INFORMACIÓN DE SESIÓN:[/bold
[2025-08-09 16:21:34.051] [ICT_Dashboard_BlackBox_render] [INFO] [track_render_method:204] RENDER_SUCCESS | render_header_info | Length: 196 | Preview: [bold cyan]ICT ENGINE v6.1 ENTERPRISE DASHBOARD[/bold cyan]
Session: ICT_ENTERPRISE_20250809_162129 
[2025-08-09 16:21:34.153] [ICT_Dashboard_BlackBox_render] [INFO] [track_render_method:204] RENDER_SUCCESS | render_ict_detectors | Length: 2237 | Preview: [bold cyan]🔍 DETECTORES ICT - ANÁLISIS DETALLADO[/bold cyan]

[bold white]ESTADO DE MÓDULOS ICT:[/bo
[2025-08-09 16:21:34.155] [ICT_Dashboard_BlackBox_render] [INFO] [track_render_method:204] RENDER_SUCCESS | render_performance_metrics | Length: 1847 | Preview: [bold cyan]⚡ PERFORMANCE & MÉTRICAS DEL SISTEMA[/bold cyan]

[bold white]VELOCIDAD DE PROCESAMIENTO:
[2025-08-09 16:21:34.156] [ICT_Dashboard_BlackBox_render] [INFO] [track_render_method:204] RENDER_SUCCESS | render_technical_analysis | Length: 1621 | Preview: [bold cyan]📈 ANÁLISIS TÉCNICO AVANZADO[/bold cyan]

[bold white]ESTADÍSTICAS DE PATTERNS DETECTADOS:
[2025-08-09 16:21:34.157] [ICT_Dashboard_BlackBox_render] [INFO] [track_render_method:204] RENDER_SUCCESS | render_reports_export | Length: 1987 | Preview: [bold cyan]📋 REPORTES & EXPORTACIÓN ENTERPRISE[/bold cyan]

[bold white]INFORMACIÓN DE SESIÓN:[/bold
