[2025-08-09 16:21:29.961] [ICT_Dashboard_BlackBox_ui] [INFO] [track_ui_component:229] UI_SUCCESS | app | initialization | State: {'engine_ready': True}
[2025-08-09 16:21:29.973] [ICT_Dashboard_BlackBox_ui] [INFO] [track_ui_component:229] UI_SUCCESS | compose | start | State: {'action': 'creating_interface'}
[2025-08-09 16:21:29.975] [ICT_Dashboard_BlackBox_ui] [INFO] [track_ui_component:229] UI_SUCCESS | compose | success | State: {'tabs_created': 5, 'buttons_created': 5}
[2025-08-09 16:21:30.037] [ICT_Dashboard_BlackBox_ui] [INFO] [track_ui_component:229] UI_SUCCESS | mount | timer_set | State: {'interval': '1.0s', 'forced_refresh': True}
[2025-08-09 16:21:30.129] [ICT_Dashboard_BlackBox_ui] [INFO] [track_ui_component:229] UI_SUCCESS | header_display | update | State: {'status': 'success'}
[2025-08-09 16:21:30.232] [ICT_Dashboard_BlackBox_ui] [INFO] [log_tab_content_attempt:326] TAB_CONTENT_SUCCESS | detectors | render_ict_detectors | Length: 2237
[2025-08-09 16:21:30.232] [ICT_Dashboard_BlackBox_ui] [INFO] [track_ui_component:229] UI_SUCCESS | detectors_display | update | State: {'status': 'success', 'length': 2237}
[2025-08-09 16:21:30.235] [ICT_Dashboard_BlackBox_ui] [INFO] [log_tab_content_attempt:326] TAB_CONTENT_SUCCESS | performance | render_performance_metrics | Length: 1850
[2025-08-09 16:21:30.236] [ICT_Dashboard_BlackBox_ui] [INFO] [track_ui_component:229] UI_SUCCESS | performance_display | update | State: {'status': 'success', 'length': 1850}
[2025-08-09 16:21:30.238] [ICT_Dashboard_BlackBox_ui] [INFO] [log_tab_content_attempt:326] TAB_CONTENT_SUCCESS | analysis | render_technical_analysis | Length: 1622
[2025-08-09 16:21:30.238] [ICT_Dashboard_BlackBox_ui] [INFO] [track_ui_component:229] UI_SUCCESS | analysis_display | update | State: {'status': 'success', 'length': 1622}
[2025-08-09 16:21:30.240] [ICT_Dashboard_BlackBox_ui] [INFO] [log_tab_content_attempt:326] TAB_CONTENT_SUCCESS | reports | render_reports_export | Length: 1984
[2025-08-09 16:21:30.240] [ICT_Dashboard_BlackBox_ui] [INFO] [track_ui_component:229] UI_SUCCESS | reports_display | update | State: {'status': 'success', 'length': 1984}
[2025-08-09 16:21:30.240] [ICT_Dashboard_BlackBox_ui] [INFO] [track_ui_component:229] UI_SUCCESS | force_content | completed | State: {'all_displays': 'forced_update'}
[2025-08-09 16:21:30.242] [ICT_Dashboard_BlackBox_ui] [INFO] [track_ui_component:229] UI_SUCCESS | refresh | start | State: {'action': 'refresh_all_displays', 'mode': 'aggressive'}
[2025-08-09 16:21:30.243] [ICT_Dashboard_BlackBox_ui] [INFO] [track_ui_component:229] UI_SUCCESS | header_display | update | State: {'status': 'success'}
[2025-08-09 16:21:30.243] [ICT_Dashboard_BlackBox_ui] [INFO] [track_ui_component:229] UI_SUCCESS | refresh | header_done | State: {}
[2025-08-09 16:21:30.351] [ICT_Dashboard_BlackBox_ui] [INFO] [track_ui_component:229] UI_SUCCESS | refresh | overview_done | State: {}
[2025-08-09 16:21:30.353] [ICT_Dashboard_BlackBox_ui] [INFO] [log_tab_content_attempt:326] TAB_CONTENT_SUCCESS | detectors | render_ict_detectors | Length: 2237
[2025-08-09 16:21:30.353] [ICT_Dashboard_BlackBox_ui] [INFO] [track_ui_component:229] UI_SUCCESS | detectors_display | update | State: {'status': 'success', 'length': 2237}
[2025-08-09 16:21:30.353] [ICT_Dashboard_BlackBox_ui] [INFO] [track_ui_component:229] UI_SUCCESS | refresh | detectors_done | State: {}
[2025-08-09 16:21:30.354] [ICT_Dashboard_BlackBox_ui] [INFO] [log_tab_content_attempt:326] TAB_CONTENT_SUCCESS | performance | render_performance_metrics | Length: 1851
[2025-08-09 16:21:30.354] [ICT_Dashboard_BlackBox_ui] [INFO] [track_ui_component:229] UI_SUCCESS | performance_display | update | State: {'status': 'success', 'length': 1851}
[2025-08-09 16:21:30.354] [ICT_Dashboard_BlackBox_ui] [INFO] [track_ui_component:229] UI_SUCCESS | refresh | performance_done | State: {}
[2025-08-09 16:21:30.355] [ICT_Dashboard_BlackBox_ui] [INFO] [log_tab_content_attempt:326] TAB_CONTENT_SUCCESS | analysis | render_technical_analysis | Length: 1622
[2025-08-09 16:21:30.356] [ICT_Dashboard_BlackBox_ui] [INFO] [track_ui_component:229] UI_SUCCESS | analysis_display | update | State: {'status': 'success', 'length': 1622}
[2025-08-09 16:21:30.356] [ICT_Dashboard_BlackBox_ui] [INFO] [track_ui_component:229] UI_SUCCESS | refresh | analysis_done | State: {}
[2025-08-09 16:21:30.357] [ICT_Dashboard_BlackBox_ui] [INFO] [log_tab_content_attempt:326] TAB_CONTENT_SUCCESS | reports | render_reports_export | Length: 1984
[2025-08-09 16:21:30.357] [ICT_Dashboard_BlackBox_ui] [INFO] [track_ui_component:229] UI_SUCCESS | reports_display | update | State: {'status': 'success', 'length': 1984}
[2025-08-09 16:21:30.357] [ICT_Dashboard_BlackBox_ui] [INFO] [track_ui_component:229] UI_SUCCESS | refresh | reports_done | State: {}
[2025-08-09 16:21:30.357] [ICT_Dashboard_BlackBox_ui] [INFO] [track_ui_component:229] UI_SUCCESS | refresh | completed | State: {'all_displays': 'updated', 'forced_refresh': True}
[2025-08-09 16:21:30.467] [ICT_Dashboard_BlackBox_ui] [INFO] [track_ui_component:229] UI_SUCCESS | on_ready | attempt_1 | State: {'content_loaded': True}
[2025-08-09 16:21:30.467] [ICT_Dashboard_BlackBox_ui] [INFO] [track_ui_component:229] UI_SUCCESS | refresh | start | State: {'action': 'refresh_all_displays', 'mode': 'aggressive'}
[2025-08-09 16:21:30.469] [ICT_Dashboard_BlackBox_ui] [INFO] [track_ui_component:229] UI_SUCCESS | header_display | update | State: {'status': 'success'}
[2025-08-09 16:21:30.469] [ICT_Dashboard_BlackBox_ui] [INFO] [track_ui_component:229] UI_SUCCESS | refresh | header_done | State: {}
[2025-08-09 16:21:30.556] [ICT_Dashboard_BlackBox_ui] [INFO] [track_ui_component:229] UI_SUCCESS | refresh | overview_done | State: {}
[2025-08-09 16:21:30.558] [ICT_Dashboard_BlackBox_ui] [INFO] [log_tab_content_attempt:326] TAB_CONTENT_SUCCESS | detectors | render_ict_detectors | Length: 2237
[2025-08-09 16:21:30.558] [ICT_Dashboard_BlackBox_ui] [INFO] [track_ui_component:229] UI_SUCCESS | detectors_display | update | State: {'status': 'success', 'length': 2237}
[2025-08-09 16:21:30.558] [ICT_Dashboard_BlackBox_ui] [INFO] [track_ui_component:229] UI_SUCCESS | refresh | detectors_done | State: {}
[2025-08-09 16:21:30.560] [ICT_Dashboard_BlackBox_ui] [INFO] [log_tab_content_attempt:326] TAB_CONTENT_SUCCESS | performance | render_performance_metrics | Length: 1852
[2025-08-09 16:21:30.560] [ICT_Dashboard_BlackBox_ui] [INFO] [track_ui_component:229] UI_SUCCESS | performance_display | update | State: {'status': 'success', 'length': 1852}
[2025-08-09 16:21:30.560] [ICT_Dashboard_BlackBox_ui] [INFO] [track_ui_component:229] UI_SUCCESS | refresh | performance_done | State: {}
[2025-08-09 16:21:30.561] [ICT_Dashboard_BlackBox_ui] [INFO] [log_tab_content_attempt:326] TAB_CONTENT_SUCCESS | analysis | render_technical_analysis | Length: 1621
[2025-08-09 16:21:30.561] [ICT_Dashboard_BlackBox_ui] [INFO] [track_ui_component:229] UI_SUCCESS | analysis_display | update | State: {'status': 'success', 'length': 1621}
[2025-08-09 16:21:30.561] [ICT_Dashboard_BlackBox_ui] [INFO] [track_ui_component:229] UI_SUCCESS | refresh | analysis_done | State: {}
[2025-08-09 16:21:30.563] [ICT_Dashboard_BlackBox_ui] [INFO] [log_tab_content_attempt:326] TAB_CONTENT_SUCCESS | reports | render_reports_export | Length: 1987
[2025-08-09 16:21:30.563] [ICT_Dashboard_BlackBox_ui] [INFO] [track_ui_component:229] UI_SUCCESS | reports_display | update | State: {'status': 'success', 'length': 1987}
[2025-08-09 16:21:30.563] [ICT_Dashboard_BlackBox_ui] [INFO] [track_ui_component:229] UI_SUCCESS | refresh | reports_done | State: {}
[2025-08-09 16:21:30.563] [ICT_Dashboard_BlackBox_ui] [INFO] [track_ui_component:229] UI_SUCCESS | refresh | completed | State: {'all_displays': 'updated', 'forced_refresh': True}
[2025-08-09 16:21:30.666] [ICT_Dashboard_BlackBox_ui] [INFO] [track_ui_component:229] UI_SUCCESS | on_ready | attempt_2 | State: {'content_loaded': True}
[2025-08-09 16:21:30.667] [ICT_Dashboard_BlackBox_ui] [INFO] [track_ui_component:229] UI_SUCCESS | refresh | start | State: {'action': 'refresh_all_displays', 'mode': 'aggressive'}
[2025-08-09 16:21:30.668] [ICT_Dashboard_BlackBox_ui] [INFO] [track_ui_component:229] UI_SUCCESS | header_display | update | State: {'status': 'success'}
[2025-08-09 16:21:30.668] [ICT_Dashboard_BlackBox_ui] [INFO] [track_ui_component:229] UI_SUCCESS | refresh | header_done | State: {}
[2025-08-09 16:21:30.763] [ICT_Dashboard_BlackBox_ui] [INFO] [track_ui_component:229] UI_SUCCESS | refresh | overview_done | State: {}
[2025-08-09 16:21:30.764] [ICT_Dashboard_BlackBox_ui] [INFO] [log_tab_content_attempt:326] TAB_CONTENT_SUCCESS | detectors | render_ict_detectors | Length: 2237
[2025-08-09 16:21:30.764] [ICT_Dashboard_BlackBox_ui] [INFO] [track_ui_component:229] UI_SUCCESS | detectors_display | update | State: {'status': 'success', 'length': 2237}
[2025-08-09 16:21:30.764] [ICT_Dashboard_BlackBox_ui] [INFO] [track_ui_component:229] UI_SUCCESS | refresh | detectors_done | State: {}
[2025-08-09 16:21:30.767] [ICT_Dashboard_BlackBox_ui] [INFO] [log_tab_content_attempt:326] TAB_CONTENT_SUCCESS | performance | render_performance_metrics | Length: 1852
[2025-08-09 16:21:30.767] [ICT_Dashboard_BlackBox_ui] [INFO] [track_ui_component:229] UI_SUCCESS | performance_display | update | State: {'status': 'success', 'length': 1852}
[2025-08-09 16:21:30.767] [ICT_Dashboard_BlackBox_ui] [INFO] [track_ui_component:229] UI_SUCCESS | refresh | performance_done | State: {}
[2025-08-09 16:21:30.769] [ICT_Dashboard_BlackBox_ui] [INFO] [log_tab_content_attempt:326] TAB_CONTENT_SUCCESS | analysis | render_technical_analysis | Length: 1621
[2025-08-09 16:21:30.769] [ICT_Dashboard_BlackBox_ui] [INFO] [track_ui_component:229] UI_SUCCESS | analysis_display | update | State: {'status': 'success', 'length': 1621}
[2025-08-09 16:21:30.769] [ICT_Dashboard_BlackBox_ui] [INFO] [track_ui_component:229] UI_SUCCESS | refresh | analysis_done | State: {}
[2025-08-09 16:21:30.770] [ICT_Dashboard_BlackBox_ui] [INFO] [log_tab_content_attempt:326] TAB_CONTENT_SUCCESS | reports | render_reports_export | Length: 1987
[2025-08-09 16:21:30.770] [ICT_Dashboard_BlackBox_ui] [INFO] [track_ui_component:229] UI_SUCCESS | reports_display | update | State: {'status': 'success', 'length': 1987}
[2025-08-09 16:21:30.770] [ICT_Dashboard_BlackBox_ui] [INFO] [track_ui_component:229] UI_SUCCESS | refresh | reports_done | State: {}
[2025-08-09 16:21:30.770] [ICT_Dashboard_BlackBox_ui] [INFO] [track_ui_component:229] UI_SUCCESS | refresh | completed | State: {'all_displays': 'updated', 'forced_refresh': True}
[2025-08-09 16:21:30.882] [ICT_Dashboard_BlackBox_ui] [INFO] [track_ui_component:229] UI_SUCCESS | on_ready | attempt_3 | State: {'content_loaded': True}
[2025-08-09 16:21:30.884] [ICT_Dashboard_BlackBox_ui] [INFO] [track_ui_component:229] UI_SUCCESS | header_display | update | State: {'status': 'success'}
[2025-08-09 16:21:30.993] [ICT_Dashboard_BlackBox_ui] [INFO] [log_tab_content_attempt:326] TAB_CONTENT_SUCCESS | detectors | render_ict_detectors | Length: 2237
[2025-08-09 16:21:30.993] [ICT_Dashboard_BlackBox_ui] [INFO] [track_ui_component:229] UI_SUCCESS | detectors_display | update | State: {'status': 'success', 'length': 2237}
[2025-08-09 16:21:30.995] [ICT_Dashboard_BlackBox_ui] [INFO] [log_tab_content_attempt:326] TAB_CONTENT_SUCCESS | performance | render_performance_metrics | Length: 1852
[2025-08-09 16:21:30.995] [ICT_Dashboard_BlackBox_ui] [INFO] [track_ui_component:229] UI_SUCCESS | performance_display | update | State: {'status': 'success', 'length': 1852}
[2025-08-09 16:21:30.996] [ICT_Dashboard_BlackBox_ui] [INFO] [log_tab_content_attempt:326] TAB_CONTENT_SUCCESS | analysis | render_technical_analysis | Length: 1621
[2025-08-09 16:21:30.996] [ICT_Dashboard_BlackBox_ui] [INFO] [track_ui_component:229] UI_SUCCESS | analysis_display | update | State: {'status': 'success', 'length': 1621}
[2025-08-09 16:21:30.997] [ICT_Dashboard_BlackBox_ui] [INFO] [log_tab_content_attempt:326] TAB_CONTENT_SUCCESS | reports | render_reports_export | Length: 1987
[2025-08-09 16:21:30.997] [ICT_Dashboard_BlackBox_ui] [INFO] [track_ui_component:229] UI_SUCCESS | reports_display | update | State: {'status': 'success', 'length': 1987}
[2025-08-09 16:21:30.997] [ICT_Dashboard_BlackBox_ui] [INFO] [track_ui_component:229] UI_SUCCESS | force_content | completed | State: {'all_displays': 'forced_update'}
[2025-08-09 16:21:30.998] [ICT_Dashboard_BlackBox_ui] [INFO] [track_ui_component:229] UI_SUCCESS | app | ready_complete | State: {'attempts': 3, 'final_force': True}
[2025-08-09 16:21:31.051] [ICT_Dashboard_BlackBox_ui] [INFO] [track_ui_component:229] UI_SUCCESS | refresh | start | State: {'action': 'refresh_all_displays', 'mode': 'aggressive'}
[2025-08-09 16:21:31.052] [ICT_Dashboard_BlackBox_ui] [INFO] [track_ui_component:229] UI_SUCCESS | header_display | update | State: {'status': 'success'}
[2025-08-09 16:21:31.052] [ICT_Dashboard_BlackBox_ui] [INFO] [track_ui_component:229] UI_SUCCESS | refresh | header_done | State: {}
[2025-08-09 16:21:31.132] [ICT_Dashboard_BlackBox_ui] [INFO] [track_ui_component:229] UI_SUCCESS | refresh | overview_done | State: {}
[2025-08-09 16:21:31.133] [ICT_Dashboard_BlackBox_ui] [INFO] [log_tab_content_attempt:326] TAB_CONTENT_SUCCESS | detectors | render_ict_detectors | Length: 2237
[2025-08-09 16:21:31.133] [ICT_Dashboard_BlackBox_ui] [INFO] [track_ui_component:229] UI_SUCCESS | detectors_display | update | State: {'status': 'success', 'length': 2237}
[2025-08-09 16:21:31.134] [ICT_Dashboard_BlackBox_ui] [INFO] [track_ui_component:229] UI_SUCCESS | refresh | detectors_done | State: {}
[2025-08-09 16:21:31.135] [ICT_Dashboard_BlackBox_ui] [INFO] [log_tab_content_attempt:326] TAB_CONTENT_SUCCESS | performance | render_performance_metrics | Length: 1853
[2025-08-09 16:21:31.135] [ICT_Dashboard_BlackBox_ui] [INFO] [track_ui_component:229] UI_SUCCESS | performance_display | update | State: {'status': 'success', 'length': 1853}
[2025-08-09 16:21:31.135] [ICT_Dashboard_BlackBox_ui] [INFO] [track_ui_component:229] UI_SUCCESS | refresh | performance_done | State: {}
[2025-08-09 16:21:31.137] [ICT_Dashboard_BlackBox_ui] [INFO] [log_tab_content_attempt:326] TAB_CONTENT_SUCCESS | analysis | render_technical_analysis | Length: 1621
[2025-08-09 16:21:31.137] [ICT_Dashboard_BlackBox_ui] [INFO] [track_ui_component:229] UI_SUCCESS | analysis_display | update | State: {'status': 'success', 'length': 1621}
[2025-08-09 16:21:31.137] [ICT_Dashboard_BlackBox_ui] [INFO] [track_ui_component:229] UI_SUCCESS | refresh | analysis_done | State: {}
[2025-08-09 16:21:31.138] [ICT_Dashboard_BlackBox_ui] [INFO] [log_tab_content_attempt:326] TAB_CONTENT_SUCCESS | reports | render_reports_export | Length: 1987
[2025-08-09 16:21:31.138] [ICT_Dashboard_BlackBox_ui] [INFO] [track_ui_component:229] UI_SUCCESS | reports_display | update | State: {'status': 'success', 'length': 1987}
[2025-08-09 16:21:31.138] [ICT_Dashboard_BlackBox_ui] [INFO] [track_ui_component:229] UI_SUCCESS | refresh | reports_done | State: {}
[2025-08-09 16:21:31.138] [ICT_Dashboard_BlackBox_ui] [INFO] [track_ui_component:229] UI_SUCCESS | refresh | completed | State: {'all_displays': 'updated', 'forced_refresh': True}
[2025-08-09 16:21:31.138] [ICT_Dashboard_BlackBox_ui] [INFO] [track_ui_component:229] UI_SUCCESS | auto_refresh | executed | State: {'forced': True, 'interval': '1s'}
[2025-08-09 16:21:32.050] [ICT_Dashboard_BlackBox_ui] [INFO] [track_ui_component:229] UI_SUCCESS | refresh | start | State: {'action': 'refresh_all_displays', 'mode': 'aggressive'}
[2025-08-09 16:21:32.051] [ICT_Dashboard_BlackBox_ui] [INFO] [track_ui_component:229] UI_SUCCESS | header_display | update | State: {'status': 'success'}
[2025-08-09 16:21:32.051] [ICT_Dashboard_BlackBox_ui] [INFO] [track_ui_component:229] UI_SUCCESS | refresh | header_done | State: {}
[2025-08-09 16:21:32.143] [ICT_Dashboard_BlackBox_ui] [INFO] [track_ui_component:229] UI_SUCCESS | refresh | overview_done | State: {}
[2025-08-09 16:21:32.145] [ICT_Dashboard_BlackBox_ui] [INFO] [log_tab_content_attempt:326] TAB_CONTENT_SUCCESS | detectors | render_ict_detectors | Length: 2237
[2025-08-09 16:21:32.145] [ICT_Dashboard_BlackBox_ui] [INFO] [track_ui_component:229] UI_SUCCESS | detectors_display | update | State: {'status': 'success', 'length': 2237}
[2025-08-09 16:21:32.145] [ICT_Dashboard_BlackBox_ui] [INFO] [track_ui_component:229] UI_SUCCESS | refresh | detectors_done | State: {}
[2025-08-09 16:21:32.146] [ICT_Dashboard_BlackBox_ui] [INFO] [log_tab_content_attempt:326] TAB_CONTENT_SUCCESS | performance | render_performance_metrics | Length: 1849
[2025-08-09 16:21:32.146] [ICT_Dashboard_BlackBox_ui] [INFO] [track_ui_component:229] UI_SUCCESS | performance_display | update | State: {'status': 'success', 'length': 1849}
[2025-08-09 16:21:32.146] [ICT_Dashboard_BlackBox_ui] [INFO] [track_ui_component:229] UI_SUCCESS | refresh | performance_done | State: {}
[2025-08-09 16:21:32.148] [ICT_Dashboard_BlackBox_ui] [INFO] [log_tab_content_attempt:326] TAB_CONTENT_SUCCESS | analysis | render_technical_analysis | Length: 1621
[2025-08-09 16:21:32.148] [ICT_Dashboard_BlackBox_ui] [INFO] [track_ui_component:229] UI_SUCCESS | analysis_display | update | State: {'status': 'success', 'length': 1621}
[2025-08-09 16:21:32.148] [ICT_Dashboard_BlackBox_ui] [INFO] [track_ui_component:229] UI_SUCCESS | refresh | analysis_done | State: {}
[2025-08-09 16:21:32.149] [ICT_Dashboard_BlackBox_ui] [INFO] [log_tab_content_attempt:326] TAB_CONTENT_SUCCESS | reports | render_reports_export | Length: 1987
[2025-08-09 16:21:32.149] [ICT_Dashboard_BlackBox_ui] [INFO] [track_ui_component:229] UI_SUCCESS | reports_display | update | State: {'status': 'success', 'length': 1987}
[2025-08-09 16:21:32.149] [ICT_Dashboard_BlackBox_ui] [INFO] [track_ui_component:229] UI_SUCCESS | refresh | reports_done | State: {}
[2025-08-09 16:21:32.149] [ICT_Dashboard_BlackBox_ui] [INFO] [track_ui_component:229] UI_SUCCESS | refresh | completed | State: {'all_displays': 'updated', 'forced_refresh': True}
[2025-08-09 16:21:32.150] [ICT_Dashboard_BlackBox_ui] [INFO] [track_ui_component:229] UI_SUCCESS | auto_refresh | executed | State: {'forced': True, 'interval': '1s'}
[2025-08-09 16:21:33.085] [ICT_Dashboard_BlackBox_ui] [INFO] [track_ui_component:229] UI_SUCCESS | refresh | start | State: {'action': 'refresh_all_displays', 'mode': 'aggressive'}
[2025-08-09 16:21:33.086] [ICT_Dashboard_BlackBox_ui] [INFO] [track_ui_component:229] UI_SUCCESS | header_display | update | State: {'status': 'success'}
[2025-08-09 16:21:33.086] [ICT_Dashboard_BlackBox_ui] [INFO] [track_ui_component:229] UI_SUCCESS | refresh | header_done | State: {}
[2025-08-09 16:21:33.169] [ICT_Dashboard_BlackBox_ui] [INFO] [track_ui_component:229] UI_SUCCESS | refresh | overview_done | State: {}
[2025-08-09 16:21:33.171] [ICT_Dashboard_BlackBox_ui] [INFO] [log_tab_content_attempt:326] TAB_CONTENT_SUCCESS | detectors | render_ict_detectors | Length: 2237
[2025-08-09 16:21:33.171] [ICT_Dashboard_BlackBox_ui] [INFO] [track_ui_component:229] UI_SUCCESS | detectors_display | update | State: {'status': 'success', 'length': 2237}
[2025-08-09 16:21:33.171] [ICT_Dashboard_BlackBox_ui] [INFO] [track_ui_component:229] UI_SUCCESS | refresh | detectors_done | State: {}
[2025-08-09 16:21:33.173] [ICT_Dashboard_BlackBox_ui] [INFO] [log_tab_content_attempt:326] TAB_CONTENT_SUCCESS | performance | render_performance_metrics | Length: 1846
[2025-08-09 16:21:33.173] [ICT_Dashboard_BlackBox_ui] [INFO] [track_ui_component:229] UI_SUCCESS | performance_display | update | State: {'status': 'success', 'length': 1846}
[2025-08-09 16:21:33.173] [ICT_Dashboard_BlackBox_ui] [INFO] [track_ui_component:229] UI_SUCCESS | refresh | performance_done | State: {}
[2025-08-09 16:21:33.174] [ICT_Dashboard_BlackBox_ui] [INFO] [log_tab_content_attempt:326] TAB_CONTENT_SUCCESS | analysis | render_technical_analysis | Length: 1621
[2025-08-09 16:21:33.174] [ICT_Dashboard_BlackBox_ui] [INFO] [track_ui_component:229] UI_SUCCESS | analysis_display | update | State: {'status': 'success', 'length': 1621}
[2025-08-09 16:21:33.175] [ICT_Dashboard_BlackBox_ui] [INFO] [track_ui_component:229] UI_SUCCESS | refresh | analysis_done | State: {}
[2025-08-09 16:21:33.176] [ICT_Dashboard_BlackBox_ui] [INFO] [log_tab_content_attempt:326] TAB_CONTENT_SUCCESS | reports | render_reports_export | Length: 1987
[2025-08-09 16:21:33.176] [ICT_Dashboard_BlackBox_ui] [INFO] [track_ui_component:229] UI_SUCCESS | reports_display | update | State: {'status': 'success', 'length': 1987}
[2025-08-09 16:21:33.176] [ICT_Dashboard_BlackBox_ui] [INFO] [track_ui_component:229] UI_SUCCESS | refresh | reports_done | State: {}
[2025-08-09 16:21:33.176] [ICT_Dashboard_BlackBox_ui] [INFO] [track_ui_component:229] UI_SUCCESS | refresh | completed | State: {'all_displays': 'updated', 'forced_refresh': True}
[2025-08-09 16:21:33.176] [ICT_Dashboard_BlackBox_ui] [INFO] [track_ui_component:229] UI_SUCCESS | auto_refresh | executed | State: {'forced': True, 'interval': '1s'}
[2025-08-09 16:21:34.050] [ICT_Dashboard_BlackBox_ui] [INFO] [track_ui_component:229] UI_SUCCESS | refresh | start | State: {'action': 'refresh_all_displays', 'mode': 'aggressive'}
[2025-08-09 16:21:34.051] [ICT_Dashboard_BlackBox_ui] [INFO] [track_ui_component:229] UI_SUCCESS | header_display | update | State: {'status': 'success'}
[2025-08-09 16:21:34.052] [ICT_Dashboard_BlackBox_ui] [INFO] [track_ui_component:229] UI_SUCCESS | refresh | header_done | State: {}
[2025-08-09 16:21:34.153] [ICT_Dashboard_BlackBox_ui] [INFO] [track_ui_component:229] UI_SUCCESS | refresh | overview_done | State: {}
[2025-08-09 16:21:34.154] [ICT_Dashboard_BlackBox_ui] [INFO] [log_tab_content_attempt:326] TAB_CONTENT_SUCCESS | detectors | render_ict_detectors | Length: 2237
[2025-08-09 16:21:34.154] [ICT_Dashboard_BlackBox_ui] [INFO] [track_ui_component:229] UI_SUCCESS | detectors_display | update | State: {'status': 'success', 'length': 2237}
[2025-08-09 16:21:34.154] [ICT_Dashboard_BlackBox_ui] [INFO] [track_ui_component:229] UI_SUCCESS | refresh | detectors_done | State: {}
[2025-08-09 16:21:34.156] [ICT_Dashboard_BlackBox_ui] [INFO] [log_tab_content_attempt:326] TAB_CONTENT_SUCCESS | performance | render_performance_metrics | Length: 1847
[2025-08-09 16:21:34.156] [ICT_Dashboard_BlackBox_ui] [INFO] [track_ui_component:229] UI_SUCCESS | performance_display | update | State: {'status': 'success', 'length': 1847}
[2025-08-09 16:21:34.156] [ICT_Dashboard_BlackBox_ui] [INFO] [track_ui_component:229] UI_SUCCESS | refresh | performance_done | State: {}
[2025-08-09 16:21:34.157] [ICT_Dashboard_BlackBox_ui] [INFO] [log_tab_content_attempt:326] TAB_CONTENT_SUCCESS | analysis | render_technical_analysis | Length: 1621
[2025-08-09 16:21:34.157] [ICT_Dashboard_BlackBox_ui] [INFO] [track_ui_component:229] UI_SUCCESS | analysis_display | update | State: {'status': 'success', 'length': 1621}
[2025-08-09 16:21:34.157] [ICT_Dashboard_BlackBox_ui] [INFO] [track_ui_component:229] UI_SUCCESS | refresh | analysis_done | State: {}
[2025-08-09 16:21:34.158] [ICT_Dashboard_BlackBox_ui] [INFO] [log_tab_content_attempt:326] TAB_CONTENT_SUCCESS | reports | render_reports_export | Length: 1987
[2025-08-09 16:21:34.159] [ICT_Dashboard_BlackBox_ui] [INFO] [track_ui_component:229] UI_SUCCESS | reports_display | update | State: {'status': 'success', 'length': 1987}
[2025-08-09 16:21:34.159] [ICT_Dashboard_BlackBox_ui] [INFO] [track_ui_component:229] UI_SUCCESS | refresh | reports_done | State: {}
[2025-08-09 16:21:34.159] [ICT_Dashboard_BlackBox_ui] [INFO] [track_ui_component:229] UI_SUCCESS | refresh | completed | State: {'all_displays': 'updated', 'forced_refresh': True}
[2025-08-09 16:21:34.159] [ICT_Dashboard_BlackBox_ui] [INFO] [track_ui_component:229] UI_SUCCESS | auto_refresh | executed | State: {'forced': True, 'interval': '1s'}
