[2025-08-09 16:21:29.944] [ICT_Dashboard_BlackBox_main] [INFO] [log_session_start:133] BLACKBOX_SESSION_START | {
  "session_id": "BB_20250809_162129",
  "start_time": "2025-08-09T16:21:29.944020",
  "purpose": "Diagnosticar problemas de pesta\u00f1as y contenido en ICT Dashboard",
  "log_directory": "logs\\blackbox\\BB_20250809_162129",
  "expected_issues": [
    "Pesta\u00f1as no muestran contenido",
    "Errores en m\u00e9todos render_*",
    "Problemas con datos de velas",
    "Fallos en carga de archivos CSV"
  ]
}
[2025-08-09 16:21:30.155] [ICT_Dashboard_BlackBox_main] [CRITICAL] [log_critical_error:310] CRITICAL | _update_overview_rich_attempt_1 | 'ICTEnterpriseApp' object has no attribute '_get_system_stats'
[2025-08-09 16:21:30.175] [ICT_Dashboard_BlackBox_main] [CRITICAL] [log_critical_error:310] CRITICAL | _update_overview_rich_attempt_2 | 'ICTEnterpriseApp' object has no attribute '_get_system_stats'
[2025-08-09 16:21:30.201] [ICT_Dashboard_BlackBox_main] [CRITICAL] [log_critical_error:310] CRITICAL | _update_overview_rich_attempt_3 | 'ICTEnterpriseApp' object has no attribute '_get_system_stats'
[2025-08-09 16:21:30.229] [ICT_Dashboard_BlackBox_main] [CRITICAL] [log_critical_error:310] CRITICAL | _update_overview_rich | 'ICTEnterpriseApp' object has no attribute '_get_system_stats'
[2025-08-09 16:21:30.274] [ICT_Dashboard_BlackBox_main] [CRITICAL] [log_critical_error:310] CRITICAL | _update_overview_rich_attempt_1 | 'ICTEnterpriseApp' object has no attribute '_get_system_stats'
[2025-08-09 16:21:30.302] [ICT_Dashboard_BlackBox_main] [CRITICAL] [log_critical_error:310] CRITICAL | _update_overview_rich_attempt_2 | 'ICTEnterpriseApp' object has no attribute '_get_system_stats'
[2025-08-09 16:21:30.332] [ICT_Dashboard_BlackBox_main] [CRITICAL] [log_critical_error:310] CRITICAL | _update_overview_rich_attempt_3 | 'ICTEnterpriseApp' object has no attribute '_get_system_stats'
[2025-08-09 16:21:30.351] [ICT_Dashboard_BlackBox_main] [CRITICAL] [log_critical_error:310] CRITICAL | _update_overview_rich | 'ICTEnterpriseApp' object has no attribute '_get_system_stats'
[2025-08-09 16:21:30.499] [ICT_Dashboard_BlackBox_main] [CRITICAL] [log_critical_error:310] CRITICAL | _update_overview_rich_attempt_1 | 'ICTEnterpriseApp' object has no attribute '_get_system_stats'
[2025-08-09 16:21:30.518] [ICT_Dashboard_BlackBox_main] [CRITICAL] [log_critical_error:310] CRITICAL | _update_overview_rich_attempt_2 | 'ICTEnterpriseApp' object has no attribute '_get_system_stats'
[2025-08-09 16:21:30.537] [ICT_Dashboard_BlackBox_main] [CRITICAL] [log_critical_error:310] CRITICAL | _update_overview_rich_attempt_3 | 'ICTEnterpriseApp' object has no attribute '_get_system_stats'
[2025-08-09 16:21:30.556] [ICT_Dashboard_BlackBox_main] [CRITICAL] [log_critical_error:310] CRITICAL | _update_overview_rich | 'ICTEnterpriseApp' object has no attribute '_get_system_stats'
[2025-08-09 16:21:30.700] [ICT_Dashboard_BlackBox_main] [CRITICAL] [log_critical_error:310] CRITICAL | _update_overview_rich_attempt_1 | 'ICTEnterpriseApp' object has no attribute '_get_system_stats'
[2025-08-09 16:21:30.726] [ICT_Dashboard_BlackBox_main] [CRITICAL] [log_critical_error:310] CRITICAL | _update_overview_rich_attempt_2 | 'ICTEnterpriseApp' object has no attribute '_get_system_stats'
[2025-08-09 16:21:30.744] [ICT_Dashboard_BlackBox_main] [CRITICAL] [log_critical_error:310] CRITICAL | _update_overview_rich_attempt_3 | 'ICTEnterpriseApp' object has no attribute '_get_system_stats'
[2025-08-09 16:21:30.763] [ICT_Dashboard_BlackBox_main] [CRITICAL] [log_critical_error:310] CRITICAL | _update_overview_rich | 'ICTEnterpriseApp' object has no attribute '_get_system_stats'
[2025-08-09 16:21:30.917] [ICT_Dashboard_BlackBox_main] [CRITICAL] [log_critical_error:310] CRITICAL | _update_overview_rich_attempt_1 | 'ICTEnterpriseApp' object has no attribute '_get_system_stats'
[2025-08-09 16:21:30.946] [ICT_Dashboard_BlackBox_main] [CRITICAL] [log_critical_error:310] CRITICAL | _update_overview_rich_attempt_2 | 'ICTEnterpriseApp' object has no attribute '_get_system_stats'
[2025-08-09 16:21:30.973] [ICT_Dashboard_BlackBox_main] [CRITICAL] [log_critical_error:310] CRITICAL | _update_overview_rich_attempt_3 | 'ICTEnterpriseApp' object has no attribute '_get_system_stats'
[2025-08-09 16:21:30.991] [ICT_Dashboard_BlackBox_main] [CRITICAL] [log_critical_error:310] CRITICAL | _update_overview_rich | 'ICTEnterpriseApp' object has no attribute '_get_system_stats'
[2025-08-09 16:21:31.074] [ICT_Dashboard_BlackBox_main] [CRITICAL] [log_critical_error:310] CRITICAL | _update_overview_rich_attempt_1 | 'ICTEnterpriseApp' object has no attribute '_get_system_stats'
[2025-08-09 16:21:31.093] [ICT_Dashboard_BlackBox_main] [CRITICAL] [log_critical_error:310] CRITICAL | _update_overview_rich_attempt_2 | 'ICTEnterpriseApp' object has no attribute '_get_system_stats'
[2025-08-09 16:21:31.111] [ICT_Dashboard_BlackBox_main] [CRITICAL] [log_critical_error:310] CRITICAL | _update_overview_rich_attempt_3 | 'ICTEnterpriseApp' object has no attribute '_get_system_stats'
[2025-08-09 16:21:31.132] [ICT_Dashboard_BlackBox_main] [CRITICAL] [log_critical_error:310] CRITICAL | _update_overview_rich | 'ICTEnterpriseApp' object has no attribute '_get_system_stats'
[2025-08-09 16:21:32.086] [ICT_Dashboard_BlackBox_main] [CRITICAL] [log_critical_error:310] CRITICAL | _update_overview_rich_attempt_1 | 'ICTEnterpriseApp' object has no attribute '_get_system_stats'
[2025-08-09 16:21:32.105] [ICT_Dashboard_BlackBox_main] [CRITICAL] [log_critical_error:310] CRITICAL | _update_overview_rich_attempt_2 | 'ICTEnterpriseApp' object has no attribute '_get_system_stats'
[2025-08-09 16:21:32.124] [ICT_Dashboard_BlackBox_main] [CRITICAL] [log_critical_error:310] CRITICAL | _update_overview_rich_attempt_3 | 'ICTEnterpriseApp' object has no attribute '_get_system_stats'
[2025-08-09 16:21:32.143] [ICT_Dashboard_BlackBox_main] [CRITICAL] [log_critical_error:310] CRITICAL | _update_overview_rich | 'ICTEnterpriseApp' object has no attribute '_get_system_stats'
[2025-08-09 16:21:33.107] [ICT_Dashboard_BlackBox_main] [CRITICAL] [log_critical_error:310] CRITICAL | _update_overview_rich_attempt_1 | 'ICTEnterpriseApp' object has no attribute '_get_system_stats'
[2025-08-09 16:21:33.127] [ICT_Dashboard_BlackBox_main] [CRITICAL] [log_critical_error:310] CRITICAL | _update_overview_rich_attempt_2 | 'ICTEnterpriseApp' object has no attribute '_get_system_stats'
[2025-08-09 16:21:33.147] [ICT_Dashboard_BlackBox_main] [CRITICAL] [log_critical_error:310] CRITICAL | _update_overview_rich_attempt_3 | 'ICTEnterpriseApp' object has no attribute '_get_system_stats'
[2025-08-09 16:21:33.169] [ICT_Dashboard_BlackBox_main] [CRITICAL] [log_critical_error:310] CRITICAL | _update_overview_rich | 'ICTEnterpriseApp' object has no attribute '_get_system_stats'
[2025-08-09 16:21:34.085] [ICT_Dashboard_BlackBox_main] [CRITICAL] [log_critical_error:310] CRITICAL | _update_overview_rich_attempt_1 | 'ICTEnterpriseApp' object has no attribute '_get_system_stats'
[2025-08-09 16:21:34.106] [ICT_Dashboard_BlackBox_main] [CRITICAL] [log_critical_error:310] CRITICAL | _update_overview_rich_attempt_2 | 'ICTEnterpriseApp' object has no attribute '_get_system_stats'
[2025-08-09 16:21:34.134] [ICT_Dashboard_BlackBox_main] [CRITICAL] [log_critical_error:310] CRITICAL | _update_overview_rich_attempt_3 | 'ICTEnterpriseApp' object has no attribute '_get_system_stats'
[2025-08-09 16:21:34.153] [ICT_Dashboard_BlackBox_main] [CRITICAL] [log_critical_error:310] CRITICAL | _update_overview_rich | 'ICTEnterpriseApp' object has no attribute '_get_system_stats'
[2025-08-09 16:21:35.066] [ICT_Dashboard_BlackBox_main] [INFO] [generate_comprehensive_report:375] COMPREHENSIVE_REPORT_GENERATED | logs\blackbox\BB_20250809_162129\COMPREHENSIVE_DEBUG_REPORT.json
