[2025-08-09 16:36:49.944] [ICT_BlackBox_tabs] [INFO] [log_tab_content:169] TAB_CONTENT | header | Success: True | Length: 144 | Preview: [bold cyan]ICT ENGINE v6.1 ENTERPRISE DASHBOARD[/bold cyan]
Session: ICT_ENTERPRISE_20250809_163649 
[2025-08-09 16:36:51.567] [ICT_BlackBox_tabs] [INFO] [log_tab_content:169] TAB_CONTENT | overview | Success: True | Length: 1311 | Preview: [bold cyan]๐ OVERVIEW ENTERPRISE - ICT ENGINE v6.1[/bold cyan]

[bold white]RESUMEN EJECUTIVO:[/bold white]
โโโโโโโโโโโโโโโโโโโโโโโโโโโโโโโโโโโโโโโโโโโโโโโโโโโโโโโโโโโโโโโโโโโ
โ โข Mรณdulos ICT: [bold]1
[2025-08-09 16:36:51.573] [ICT_BlackBox_tabs] [INFO] [log_tab_content:169] TAB_CONTENT | detectors | Success: True | Length: 2423 | Preview: [bold cyan]๐ DETECTORES ICT - ANรLISIS DETALLADO[/bold cyan]

[bold white]ESTADO DE MรDULOS ICT:[/bold white]
โโโโโโโโโโโโโโโโโโโโโโโโฌโโโโโโโโโโโโโโฌโโโโโโโโโโโโโโฌโโโโโโโโโโโโโโฌโโโโโโโโโโโโโโ
โ Detecto
[2025-08-09 16:36:58.863] [ICT_BlackBox_tabs] [INFO] [log_tab_content:169] TAB_CONTENT | header | Success: True | Length: 145 | Preview: [bold cyan]ICT ENGINE v6.1 ENTERPRISE DASHBOARD[/bold cyan]
Session: ICT_ENTERPRISE_20250809_163649 
[2025-08-09 16:36:58.869] [ICT_BlackBox_tabs] [INFO] [log_tab_content:169] TAB_CONTENT | header | Success: True | Length: 145 | Preview: [bold cyan]ICT ENGINE v6.1 ENTERPRISE DASHBOARD[/bold cyan]
Session: ICT_ENTERPRISE_20250809_163649 
[2025-08-09 16:37:00.358] [ICT_BlackBox_tabs] [INFO] [log_tab_content:169] TAB_CONTENT | overview | Success: True | Length: 1303 | Preview: [bold cyan]๐ OVERVIEW ENTERPRISE - ICT ENGINE v6.1[/bold cyan]

[bold white]RESUMEN EJECUTIVO:[/bold white]
โโโโโโโโโโโโโโโโโโโโโโโโโโโโโโโโโโโโโโโโโโโโโโโโโโโโโโโโโโโโโโโโโโโ
โ โข Mรณdulos ICT: [bold]1
[2025-08-09 16:37:00.363] [ICT_BlackBox_tabs] [INFO] [log_tab_content:169] TAB_CONTENT | detectors | Success: True | Length: 2439 | Preview: [bold cyan]๐ DETECTORES ICT - ANรLISIS DETALLADO[/bold cyan]

[bold white]ESTADO DE MรDULOS ICT:[/bold white]
โโโโโโโโโโโโโโโโโโโโโโโโฌโโโโโโโโโโโโโโฌโโโโโโโโโโโโโโฌโโโโโโโโโโโโโโฌโโโโโโโโโโโโโโ
โ Detecto
